[0.211s] DEBUG:colcon:Command line arguments: ['/usr/bin/colcon', 'build']
[0.211s] DEBUG:colcon:Parsed command line arguments: Namespace(log_base=None, log_level=None, verb_name='build', build_base='build', install_base='install', merge_install=False, symlink_install=False, test_result_base=None, continue_on_error=False, executor='parallel', parallel_workers=6, event_handlers=None, ignore_user_meta=False, metas=['./colcon.meta'], base_paths=['.'], packages_ignore=None, packages_ignore_regex=None, paths=None, packages_up_to=None, packages_up_to_regex=None, packages_above=None, packages_above_and_dependencies=None, packages_above_depth=None, packages_select_by_dep=None, packages_skip_by_dep=None, packages_skip_up_to=None, packages_select_build_failed=False, packages_skip_build_finished=False, packages_select_test_failures=False, packages_skip_test_passed=False, packages_select=None, packages_skip=None, packages_select_regex=None, packages_skip_regex=None, packages_start=None, packages_end=None, allow_overriding=[], cmake_args=None, cmake_target=None, cmake_target_skip_unavailable=False, cmake_clean_cache=False, cmake_clean_first=False, cmake_force_configure=False, ament_cmake_args=None, catkin_cmake_args=None, catkin_skip_building_tests=False, verb_parser=<colcon_defaults.argument_parser.defaults.DefaultArgumentsDecorator object at 0xffff9fe184c0>, verb_extension=<colcon_core.verb.build.BuildVerb object at 0xffff9fdebf40>, main=<bound method BuildVerb.main of <colcon_core.verb.build.BuildVerb object at 0xffff9fdebf40>>)
[0.551s] Level 1:colcon.colcon_core.package_discovery:discover_packages(colcon_meta) check parameters
[0.551s] Level 1:colcon.colcon_core.package_discovery:discover_packages(recursive) check parameters
[0.551s] Level 1:colcon.colcon_core.package_discovery:discover_packages(ignore) check parameters
[0.551s] Level 1:colcon.colcon_core.package_discovery:discover_packages(path) check parameters
[0.551s] Level 1:colcon.colcon_core.package_discovery:discover_packages(colcon_meta) discover
[0.551s] Level 1:colcon.colcon_core.package_discovery:discover_packages(recursive) discover
[0.552s] INFO:colcon.colcon_core.package_discovery:Crawling recursively for packages in '/home/dog/nav_ros'
[0.552s] Level 1:colcon.colcon_core.package_identification:_identify(.) by extensions ['ignore', 'ignore_ament_install']
[0.552s] Level 1:colcon.colcon_core.package_identification:_identify(.) by extension 'ignore'
[0.552s] Level 1:colcon.colcon_core.package_identification:_identify(.) by extension 'ignore_ament_install'
[0.552s] Level 1:colcon.colcon_core.package_identification:_identify(.) by extensions ['colcon_pkg']
[0.552s] Level 1:colcon.colcon_core.package_identification:_identify(.) by extension 'colcon_pkg'
[0.552s] Level 1:colcon.colcon_core.package_identification:_identify(.) by extensions ['colcon_meta']
[0.553s] Level 1:colcon.colcon_core.package_identification:_identify(.) by extension 'colcon_meta'
[0.553s] Level 1:colcon.colcon_core.package_identification:_identify(.) by extensions ['ros']
[0.553s] Level 1:colcon.colcon_core.package_identification:_identify(.) by extension 'ros'
[0.576s] Level 1:colcon.colcon_core.package_identification:_identify(.) by extensions ['cmake', 'python']
[0.576s] Level 1:colcon.colcon_core.package_identification:_identify(.) by extension 'cmake'
[0.576s] Level 1:colcon.colcon_core.package_identification:_identify(.) by extension 'python'
[0.576s] Level 1:colcon.colcon_core.package_identification:_identify(.) by extensions ['python_setup_py']
[0.576s] Level 1:colcon.colcon_core.package_identification:_identify(.) by extension 'python_setup_py'
[0.576s] Level 1:colcon.colcon_core.package_identification:_identify(build) by extensions ['ignore', 'ignore_ament_install']
[0.577s] Level 1:colcon.colcon_core.package_identification:_identify(build) by extension 'ignore'
[0.577s] Level 1:colcon.colcon_core.package_identification:_identify(build) ignored
[0.577s] Level 1:colcon.colcon_core.package_identification:_identify(install) by extensions ['ignore', 'ignore_ament_install']
[0.577s] Level 1:colcon.colcon_core.package_identification:_identify(install) by extension 'ignore'
[0.577s] Level 1:colcon.colcon_core.package_identification:_identify(install) ignored
[0.578s] Level 1:colcon.colcon_core.package_identification:_identify(log) by extensions ['ignore', 'ignore_ament_install']
[0.578s] Level 1:colcon.colcon_core.package_identification:_identify(log) by extension 'ignore'
[0.578s] Level 1:colcon.colcon_core.package_identification:_identify(log) ignored
[0.578s] Level 1:colcon.colcon_core.package_identification:_identify(src) by extensions ['ignore', 'ignore_ament_install']
[0.578s] Level 1:colcon.colcon_core.package_identification:_identify(src) by extension 'ignore'
[0.578s] Level 1:colcon.colcon_core.package_identification:_identify(src) by extension 'ignore_ament_install'
[0.579s] Level 1:colcon.colcon_core.package_identification:_identify(src) by extensions ['colcon_pkg']
[0.579s] Level 1:colcon.colcon_core.package_identification:_identify(src) by extension 'colcon_pkg'
[0.579s] Level 1:colcon.colcon_core.package_identification:_identify(src) by extensions ['colcon_meta']
[0.579s] Level 1:colcon.colcon_core.package_identification:_identify(src) by extension 'colcon_meta'
[0.579s] Level 1:colcon.colcon_core.package_identification:_identify(src) by extensions ['ros']
[0.579s] Level 1:colcon.colcon_core.package_identification:_identify(src) by extension 'ros'
[0.579s] Level 1:colcon.colcon_core.package_identification:_identify(src) by extensions ['cmake', 'python']
[0.579s] Level 1:colcon.colcon_core.package_identification:_identify(src) by extension 'cmake'
[0.579s] Level 1:colcon.colcon_core.package_identification:_identify(src) by extension 'python'
[0.579s] Level 1:colcon.colcon_core.package_identification:_identify(src) by extensions ['python_setup_py']
[0.580s] Level 1:colcon.colcon_core.package_identification:_identify(src) by extension 'python_setup_py'
[0.580s] Level 1:colcon.colcon_core.package_identification:_identify(src/bpx_driver) by extensions ['ignore', 'ignore_ament_install']
[0.580s] Level 1:colcon.colcon_core.package_identification:_identify(src/bpx_driver) by extension 'ignore'
[0.580s] Level 1:colcon.colcon_core.package_identification:_identify(src/bpx_driver) by extension 'ignore_ament_install'
[0.580s] Level 1:colcon.colcon_core.package_identification:_identify(src/bpx_driver) by extensions ['colcon_pkg']
[0.580s] Level 1:colcon.colcon_core.package_identification:_identify(src/bpx_driver) by extension 'colcon_pkg'
[0.580s] Level 1:colcon.colcon_core.package_identification:_identify(src/bpx_driver) by extensions ['colcon_meta']
[0.580s] Level 1:colcon.colcon_core.package_identification:_identify(src/bpx_driver) by extension 'colcon_meta'
[0.581s] Level 1:colcon.colcon_core.package_identification:_identify(src/bpx_driver) by extensions ['ros']
[0.581s] Level 1:colcon.colcon_core.package_identification:_identify(src/bpx_driver) by extension 'ros'
[0.587s] DEBUG:colcon.colcon_core.package_identification:Package 'src/bpx_driver' with type 'ros.ament_cmake' and name 'bpx_driver'
[0.587s] Level 1:colcon.colcon_core.package_identification:_identify(src/nav2) by extensions ['ignore', 'ignore_ament_install']
[0.587s] Level 1:colcon.colcon_core.package_identification:_identify(src/nav2) by extension 'ignore'
[0.588s] Level 1:colcon.colcon_core.package_identification:_identify(src/nav2) by extension 'ignore_ament_install'
[0.588s] Level 1:colcon.colcon_core.package_identification:_identify(src/nav2) by extensions ['colcon_pkg']
[0.588s] Level 1:colcon.colcon_core.package_identification:_identify(src/nav2) by extension 'colcon_pkg'
[0.588s] Level 1:colcon.colcon_core.package_identification:_identify(src/nav2) by extensions ['colcon_meta']
[0.588s] Level 1:colcon.colcon_core.package_identification:_identify(src/nav2) by extension 'colcon_meta'
[0.588s] Level 1:colcon.colcon_core.package_identification:_identify(src/nav2) by extensions ['ros']
[0.588s] Level 1:colcon.colcon_core.package_identification:_identify(src/nav2) by extension 'ros'
[0.589s] DEBUG:colcon.colcon_core.package_identification:Package 'src/nav2' with type 'ros.ament_cmake' and name 'nav2'
[0.589s] Level 1:colcon.colcon_core.package_identification:_identify(src/rf2o_laser_odometry) by extensions ['ignore', 'ignore_ament_install']
[0.590s] Level 1:colcon.colcon_core.package_identification:_identify(src/rf2o_laser_odometry) by extension 'ignore'
[0.590s] Level 1:colcon.colcon_core.package_identification:_identify(src/rf2o_laser_odometry) by extension 'ignore_ament_install'
[0.590s] Level 1:colcon.colcon_core.package_identification:_identify(src/rf2o_laser_odometry) by extensions ['colcon_pkg']
[0.590s] Level 1:colcon.colcon_core.package_identification:_identify(src/rf2o_laser_odometry) by extension 'colcon_pkg'
[0.590s] Level 1:colcon.colcon_core.package_identification:_identify(src/rf2o_laser_odometry) by extensions ['colcon_meta']
[0.590s] Level 1:colcon.colcon_core.package_identification:_identify(src/rf2o_laser_odometry) by extension 'colcon_meta'
[0.590s] Level 1:colcon.colcon_core.package_identification:_identify(src/rf2o_laser_odometry) by extensions ['ros']
[0.590s] Level 1:colcon.colcon_core.package_identification:_identify(src/rf2o_laser_odometry) by extension 'ros'
[0.593s] DEBUG:colcon.colcon_core.package_identification:Package 'src/rf2o_laser_odometry' with type 'ros.ament_cmake' and name 'rf2o_laser_odometry'
[0.593s] Level 1:colcon.colcon_core.package_identification:_identify(src/slam) by extensions ['ignore', 'ignore_ament_install']
[0.593s] Level 1:colcon.colcon_core.package_identification:_identify(src/slam) by extension 'ignore'
[0.593s] Level 1:colcon.colcon_core.package_identification:_identify(src/slam) by extension 'ignore_ament_install'
[0.593s] Level 1:colcon.colcon_core.package_identification:_identify(src/slam) by extensions ['colcon_pkg']
[0.593s] Level 1:colcon.colcon_core.package_identification:_identify(src/slam) by extension 'colcon_pkg'
[0.593s] Level 1:colcon.colcon_core.package_identification:_identify(src/slam) by extensions ['colcon_meta']
[0.594s] Level 1:colcon.colcon_core.package_identification:_identify(src/slam) by extension 'colcon_meta'
[0.594s] Level 1:colcon.colcon_core.package_identification:_identify(src/slam) by extensions ['ros']
[0.594s] Level 1:colcon.colcon_core.package_identification:_identify(src/slam) by extension 'ros'
[0.595s] DEBUG:colcon.colcon_core.package_identification:Package 'src/slam' with type 'ros.ament_cmake' and name 'slam'
[0.595s] Level 1:colcon.colcon_core.package_identification:_identify(src/sllidar_ros2) by extensions ['ignore', 'ignore_ament_install']
[0.595s] Level 1:colcon.colcon_core.package_identification:_identify(src/sllidar_ros2) by extension 'ignore'
[0.595s] Level 1:colcon.colcon_core.package_identification:_identify(src/sllidar_ros2) by extension 'ignore_ament_install'
[0.595s] Level 1:colcon.colcon_core.package_identification:_identify(src/sllidar_ros2) by extensions ['colcon_pkg']
[0.595s] Level 1:colcon.colcon_core.package_identification:_identify(src/sllidar_ros2) by extension 'colcon_pkg'
[0.596s] Level 1:colcon.colcon_core.package_identification:_identify(src/sllidar_ros2) by extensions ['colcon_meta']
[0.596s] Level 1:colcon.colcon_core.package_identification:_identify(src/sllidar_ros2) by extension 'colcon_meta'
[0.596s] Level 1:colcon.colcon_core.package_identification:_identify(src/sllidar_ros2) by extensions ['ros']
[0.596s] Level 1:colcon.colcon_core.package_identification:_identify(src/sllidar_ros2) by extension 'ros'
[0.597s] DEBUG:colcon.colcon_core.package_identification:Package 'src/sllidar_ros2' with type 'ros.ament_cmake' and name 'sllidar_ros2'
[0.597s] Level 1:colcon.colcon_core.package_discovery:discover_packages(recursive) using defaults
[0.597s] Level 1:colcon.colcon_core.package_discovery:discover_packages(ignore) discover
[0.597s] Level 1:colcon.colcon_core.package_discovery:discover_packages(ignore) using defaults
[0.597s] Level 1:colcon.colcon_core.package_discovery:discover_packages(path) discover
[0.597s] Level 1:colcon.colcon_core.package_discovery:discover_packages(path) using defaults
[0.666s] Level 1:colcon.colcon_core.package_discovery:discover_packages(prefix_path) check parameters
[0.666s] Level 1:colcon.colcon_core.package_discovery:discover_packages(prefix_path) discover
[0.671s] DEBUG:colcon.colcon_installed_package_information.package_discovery:Found 5 installed packages in /home/dog/nav_ros/install
[0.674s] DEBUG:colcon.colcon_installed_package_information.package_discovery:Found 320 installed packages in /opt/ros/humble
[0.676s] Level 1:colcon.colcon_core.package_discovery:discover_packages(prefix_path) using defaults
[0.761s] Level 5:colcon.colcon_core.verb:set package 'bpx_driver' build argument 'cmake_args' from command line to 'None'
[0.761s] Level 5:colcon.colcon_core.verb:set package 'bpx_driver' build argument 'cmake_target' from command line to 'None'
[0.761s] Level 5:colcon.colcon_core.verb:set package 'bpx_driver' build argument 'cmake_target_skip_unavailable' from command line to 'False'
[0.761s] Level 5:colcon.colcon_core.verb:set package 'bpx_driver' build argument 'cmake_clean_cache' from command line to 'False'
[0.761s] Level 5:colcon.colcon_core.verb:set package 'bpx_driver' build argument 'cmake_clean_first' from command line to 'False'
[0.761s] Level 5:colcon.colcon_core.verb:set package 'bpx_driver' build argument 'cmake_force_configure' from command line to 'False'
[0.762s] Level 5:colcon.colcon_core.verb:set package 'bpx_driver' build argument 'ament_cmake_args' from command line to 'None'
[0.762s] Level 5:colcon.colcon_core.verb:set package 'bpx_driver' build argument 'catkin_cmake_args' from command line to 'None'
[0.762s] Level 5:colcon.colcon_core.verb:set package 'bpx_driver' build argument 'catkin_skip_building_tests' from command line to 'False'
[0.762s] DEBUG:colcon.colcon_core.verb:Building package 'bpx_driver' with the following arguments: {'ament_cmake_args': None, 'build_base': '/home/dog/nav_ros/build/bpx_driver', 'catkin_cmake_args': None, 'catkin_skip_building_tests': False, 'cmake_args': None, 'cmake_clean_cache': False, 'cmake_clean_first': False, 'cmake_force_configure': False, 'cmake_target': None, 'cmake_target_skip_unavailable': False, 'install_base': '/home/dog/nav_ros/install/bpx_driver', 'merge_install': False, 'path': '/home/dog/nav_ros/src/bpx_driver', 'symlink_install': False, 'test_result_base': None}
[0.762s] Level 5:colcon.colcon_core.verb:set package 'nav2' build argument 'cmake_args' from command line to 'None'
[0.762s] Level 5:colcon.colcon_core.verb:set package 'nav2' build argument 'cmake_target' from command line to 'None'
[0.762s] Level 5:colcon.colcon_core.verb:set package 'nav2' build argument 'cmake_target_skip_unavailable' from command line to 'False'
[0.763s] Level 5:colcon.colcon_core.verb:set package 'nav2' build argument 'cmake_clean_cache' from command line to 'False'
[0.763s] Level 5:colcon.colcon_core.verb:set package 'nav2' build argument 'cmake_clean_first' from command line to 'False'
[0.763s] Level 5:colcon.colcon_core.verb:set package 'nav2' build argument 'cmake_force_configure' from command line to 'False'
[0.763s] Level 5:colcon.colcon_core.verb:set package 'nav2' build argument 'ament_cmake_args' from command line to 'None'
[0.763s] Level 5:colcon.colcon_core.verb:set package 'nav2' build argument 'catkin_cmake_args' from command line to 'None'
[0.763s] Level 5:colcon.colcon_core.verb:set package 'nav2' build argument 'catkin_skip_building_tests' from command line to 'False'
[0.763s] DEBUG:colcon.colcon_core.verb:Building package 'nav2' with the following arguments: {'ament_cmake_args': None, 'build_base': '/home/dog/nav_ros/build/nav2', 'catkin_cmake_args': None, 'catkin_skip_building_tests': False, 'cmake_args': None, 'cmake_clean_cache': False, 'cmake_clean_first': False, 'cmake_force_configure': False, 'cmake_target': None, 'cmake_target_skip_unavailable': False, 'install_base': '/home/dog/nav_ros/install/nav2', 'merge_install': False, 'path': '/home/dog/nav_ros/src/nav2', 'symlink_install': False, 'test_result_base': None}
[0.763s] Level 5:colcon.colcon_core.verb:set package 'rf2o_laser_odometry' build argument 'cmake_args' from command line to 'None'
[0.763s] Level 5:colcon.colcon_core.verb:set package 'rf2o_laser_odometry' build argument 'cmake_target' from command line to 'None'
[0.764s] Level 5:colcon.colcon_core.verb:set package 'rf2o_laser_odometry' build argument 'cmake_target_skip_unavailable' from command line to 'False'
[0.764s] Level 5:colcon.colcon_core.verb:set package 'rf2o_laser_odometry' build argument 'cmake_clean_cache' from command line to 'False'
[0.764s] Level 5:colcon.colcon_core.verb:set package 'rf2o_laser_odometry' build argument 'cmake_clean_first' from command line to 'False'
[0.764s] Level 5:colcon.colcon_core.verb:set package 'rf2o_laser_odometry' build argument 'cmake_force_configure' from command line to 'False'
[0.764s] Level 5:colcon.colcon_core.verb:set package 'rf2o_laser_odometry' build argument 'ament_cmake_args' from command line to 'None'
[0.764s] Level 5:colcon.colcon_core.verb:set package 'rf2o_laser_odometry' build argument 'catkin_cmake_args' from command line to 'None'
[0.764s] Level 5:colcon.colcon_core.verb:set package 'rf2o_laser_odometry' build argument 'catkin_skip_building_tests' from command line to 'False'
[0.764s] DEBUG:colcon.colcon_core.verb:Building package 'rf2o_laser_odometry' with the following arguments: {'ament_cmake_args': None, 'build_base': '/home/dog/nav_ros/build/rf2o_laser_odometry', 'catkin_cmake_args': None, 'catkin_skip_building_tests': False, 'cmake_args': None, 'cmake_clean_cache': False, 'cmake_clean_first': False, 'cmake_force_configure': False, 'cmake_target': None, 'cmake_target_skip_unavailable': False, 'install_base': '/home/dog/nav_ros/install/rf2o_laser_odometry', 'merge_install': False, 'path': '/home/dog/nav_ros/src/rf2o_laser_odometry', 'symlink_install': False, 'test_result_base': None}
[0.764s] Level 5:colcon.colcon_core.verb:set package 'slam' build argument 'cmake_args' from command line to 'None'
[0.764s] Level 5:colcon.colcon_core.verb:set package 'slam' build argument 'cmake_target' from command line to 'None'
[0.764s] Level 5:colcon.colcon_core.verb:set package 'slam' build argument 'cmake_target_skip_unavailable' from command line to 'False'
[0.765s] Level 5:colcon.colcon_core.verb:set package 'slam' build argument 'cmake_clean_cache' from command line to 'False'
[0.765s] Level 5:colcon.colcon_core.verb:set package 'slam' build argument 'cmake_clean_first' from command line to 'False'
[0.765s] Level 5:colcon.colcon_core.verb:set package 'slam' build argument 'cmake_force_configure' from command line to 'False'
[0.765s] Level 5:colcon.colcon_core.verb:set package 'slam' build argument 'ament_cmake_args' from command line to 'None'
[0.765s] Level 5:colcon.colcon_core.verb:set package 'slam' build argument 'catkin_cmake_args' from command line to 'None'
[0.765s] Level 5:colcon.colcon_core.verb:set package 'slam' build argument 'catkin_skip_building_tests' from command line to 'False'
[0.765s] DEBUG:colcon.colcon_core.verb:Building package 'slam' with the following arguments: {'ament_cmake_args': None, 'build_base': '/home/dog/nav_ros/build/slam', 'catkin_cmake_args': None, 'catkin_skip_building_tests': False, 'cmake_args': None, 'cmake_clean_cache': False, 'cmake_clean_first': False, 'cmake_force_configure': False, 'cmake_target': None, 'cmake_target_skip_unavailable': False, 'install_base': '/home/dog/nav_ros/install/slam', 'merge_install': False, 'path': '/home/dog/nav_ros/src/slam', 'symlink_install': False, 'test_result_base': None}
[0.765s] Level 5:colcon.colcon_core.verb:set package 'sllidar_ros2' build argument 'cmake_args' from command line to 'None'
[0.765s] Level 5:colcon.colcon_core.verb:set package 'sllidar_ros2' build argument 'cmake_target' from command line to 'None'
[0.765s] Level 5:colcon.colcon_core.verb:set package 'sllidar_ros2' build argument 'cmake_target_skip_unavailable' from command line to 'False'
[0.765s] Level 5:colcon.colcon_core.verb:set package 'sllidar_ros2' build argument 'cmake_clean_cache' from command line to 'False'
[0.766s] Level 5:colcon.colcon_core.verb:set package 'sllidar_ros2' build argument 'cmake_clean_first' from command line to 'False'
[0.766s] Level 5:colcon.colcon_core.verb:set package 'sllidar_ros2' build argument 'cmake_force_configure' from command line to 'False'
[0.766s] Level 5:colcon.colcon_core.verb:set package 'sllidar_ros2' build argument 'ament_cmake_args' from command line to 'None'
[0.766s] Level 5:colcon.colcon_core.verb:set package 'sllidar_ros2' build argument 'catkin_cmake_args' from command line to 'None'
[0.766s] Level 5:colcon.colcon_core.verb:set package 'sllidar_ros2' build argument 'catkin_skip_building_tests' from command line to 'False'
[0.766s] DEBUG:colcon.colcon_core.verb:Building package 'sllidar_ros2' with the following arguments: {'ament_cmake_args': None, 'build_base': '/home/dog/nav_ros/build/sllidar_ros2', 'catkin_cmake_args': None, 'catkin_skip_building_tests': False, 'cmake_args': None, 'cmake_clean_cache': False, 'cmake_clean_first': False, 'cmake_force_configure': False, 'cmake_target': None, 'cmake_target_skip_unavailable': False, 'install_base': '/home/dog/nav_ros/install/sllidar_ros2', 'merge_install': False, 'path': '/home/dog/nav_ros/src/sllidar_ros2', 'symlink_install': False, 'test_result_base': None}
[0.766s] INFO:colcon.colcon_core.executor:Executing jobs using 'parallel' executor
[0.768s] DEBUG:colcon.colcon_parallel_executor.executor.parallel:run_until_complete
[0.769s] INFO:colcon.colcon_ros.task.ament_cmake.build:Building ROS package in '/home/dog/nav_ros/src/bpx_driver' with build type 'ament_cmake'
[0.769s] INFO:colcon.colcon_cmake.task.cmake.build:Building CMake package in '/home/dog/nav_ros/src/bpx_driver'
[0.774s] INFO:colcon.colcon_core.plugin_system:Skipping extension 'colcon_core.shell.bat': Not used on non-Windows systems
[0.774s] INFO:colcon.colcon_core.shell:Skip shell extension 'powershell' for command environment: Not usable outside of PowerShell
[0.774s] DEBUG:colcon.colcon_core.shell:Skip shell extension 'dsv' for command environment
[0.781s] INFO:colcon.colcon_ros.task.ament_cmake.build:Building ROS package in '/home/dog/nav_ros/src/nav2' with build type 'ament_cmake'
[0.782s] INFO:colcon.colcon_cmake.task.cmake.build:Building CMake package in '/home/dog/nav_ros/src/nav2'
[0.782s] INFO:colcon.colcon_core.shell:Skip shell extension 'powershell' for command environment: Not usable outside of PowerShell
[0.783s] DEBUG:colcon.colcon_core.shell:Skip shell extension 'dsv' for command environment
[0.789s] INFO:colcon.colcon_ros.task.ament_cmake.build:Building ROS package in '/home/dog/nav_ros/src/rf2o_laser_odometry' with build type 'ament_cmake'
[0.789s] INFO:colcon.colcon_cmake.task.cmake.build:Building CMake package in '/home/dog/nav_ros/src/rf2o_laser_odometry'
[0.790s] INFO:colcon.colcon_core.shell:Skip shell extension 'powershell' for command environment: Not usable outside of PowerShell
[0.790s] DEBUG:colcon.colcon_core.shell:Skip shell extension 'dsv' for command environment
[0.797s] INFO:colcon.colcon_ros.task.ament_cmake.build:Building ROS package in '/home/dog/nav_ros/src/slam' with build type 'ament_cmake'
[0.797s] INFO:colcon.colcon_cmake.task.cmake.build:Building CMake package in '/home/dog/nav_ros/src/slam'
[0.797s] INFO:colcon.colcon_core.shell:Skip shell extension 'powershell' for command environment: Not usable outside of PowerShell
[0.798s] DEBUG:colcon.colcon_core.shell:Skip shell extension 'dsv' for command environment
[0.804s] INFO:colcon.colcon_ros.task.ament_cmake.build:Building ROS package in '/home/dog/nav_ros/src/sllidar_ros2' with build type 'ament_cmake'
[0.804s] INFO:colcon.colcon_cmake.task.cmake.build:Building CMake package in '/home/dog/nav_ros/src/sllidar_ros2'
[0.805s] INFO:colcon.colcon_core.shell:Skip shell extension 'powershell' for command environment: Not usable outside of PowerShell
[0.805s] DEBUG:colcon.colcon_core.shell:Skip shell extension 'dsv' for command environment
[0.823s] DEBUG:colcon.colcon_core.event_handler.log_command:Invoking command in '/home/dog/nav_ros/build/bpx_driver': CMAKE_PREFIX_PATH=${CMAKE_PREFIX_PATH}:/opt/ros/humble /usr/bin/cmake --build /home/dog/nav_ros/build/bpx_driver -- -j6 -l6
[0.828s] DEBUG:colcon.colcon_core.event_handler.log_command:Invoking command in '/home/dog/nav_ros/build/nav2': CMAKE_PREFIX_PATH=${CMAKE_PREFIX_PATH}:/opt/ros/humble /usr/bin/cmake --build /home/dog/nav_ros/build/nav2 -- -j6 -l6
[0.833s] DEBUG:colcon.colcon_core.event_handler.log_command:Invoking command in '/home/dog/nav_ros/build/rf2o_laser_odometry': CMAKE_PREFIX_PATH=${CMAKE_PREFIX_PATH}:/opt/ros/humble /usr/bin/cmake --build /home/dog/nav_ros/build/rf2o_laser_odometry -- -j6 -l6
[0.840s] DEBUG:colcon.colcon_core.event_handler.log_command:Invoking command in '/home/dog/nav_ros/build/slam': CMAKE_PREFIX_PATH=${CMAKE_PREFIX_PATH}:/opt/ros/humble /usr/bin/cmake --build /home/dog/nav_ros/build/slam -- -j6 -l6
[0.852s] DEBUG:colcon.colcon_core.event_handler.log_command:Invoking command in '/home/dog/nav_ros/build/sllidar_ros2': CMAKE_PREFIX_PATH=${CMAKE_PREFIX_PATH}:/opt/ros/humble /usr/bin/cmake --build /home/dog/nav_ros/build/sllidar_ros2 -- -j6 -l6
[0.901s] DEBUG:colcon.colcon_core.event_handler.log_command:Invoked command in '/home/dog/nav_ros/build/nav2' returned '0': CMAKE_PREFIX_PATH=${CMAKE_PREFIX_PATH}:/opt/ros/humble /usr/bin/cmake --build /home/dog/nav_ros/build/nav2 -- -j6 -l6
[0.917s] DEBUG:colcon.colcon_core.event_handler.log_command:Invoking command in '/home/dog/nav_ros/build/nav2': CMAKE_PREFIX_PATH=${CMAKE_PREFIX_PATH}:/opt/ros/humble /usr/bin/cmake --install /home/dog/nav_ros/build/nav2
[0.921s] DEBUG:colcon.colcon_core.event_handler.log_command:Invoked command in '/home/dog/nav_ros/build/slam' returned '0': CMAKE_PREFIX_PATH=${CMAKE_PREFIX_PATH}:/opt/ros/humble /usr/bin/cmake --build /home/dog/nav_ros/build/slam -- -j6 -l6
[0.925s] DEBUG:colcon.colcon_core.event_handler.log_command:Invoking command in '/home/dog/nav_ros/build/slam': CMAKE_PREFIX_PATH=${CMAKE_PREFIX_PATH}:/opt/ros/humble /usr/bin/cmake --install /home/dog/nav_ros/build/slam
[0.937s] Level 1:colcon.colcon_core.environment:create_environment_scripts_only(nav2)
[0.940s] DEBUG:colcon.colcon_core.event_handler.log_command:Invoked command in '/home/dog/nav_ros/build/nav2' returned '0': CMAKE_PREFIX_PATH=${CMAKE_PREFIX_PATH}:/opt/ros/humble /usr/bin/cmake --install /home/dog/nav_ros/build/nav2
[0.946s] Level 1:colcon.colcon_core.environment:checking '/home/dog/nav_ros/install/nav2' for CMake module files
[0.947s] Level 1:colcon.colcon_core.environment:checking '/home/dog/nav_ros/install/nav2' for CMake config files
[0.948s] Level 1:colcon.colcon_core.shell:create_environment_hook('nav2', 'cmake_prefix_path')
[0.948s] INFO:colcon.colcon_core.shell:Creating environment hook '/home/dog/nav_ros/install/nav2/share/nav2/hook/cmake_prefix_path.ps1'
[0.950s] INFO:colcon.colcon_core.shell:Creating environment descriptor '/home/dog/nav_ros/install/nav2/share/nav2/hook/cmake_prefix_path.dsv'
[0.952s] INFO:colcon.colcon_core.shell:Creating environment hook '/home/dog/nav_ros/install/nav2/share/nav2/hook/cmake_prefix_path.sh'
[0.953s] Level 1:colcon.colcon_core.environment:checking '/home/dog/nav_ros/install/nav2/bin'
[0.954s] Level 1:colcon.colcon_core.environment:checking '/home/dog/nav_ros/install/nav2/lib/pkgconfig/nav2.pc'
[0.954s] Level 1:colcon.colcon_core.environment:checking '/home/dog/nav_ros/install/nav2/lib/python3.10/site-packages'
[0.955s] Level 1:colcon.colcon_core.environment:checking '/home/dog/nav_ros/install/nav2/bin'
[0.956s] INFO:colcon.colcon_core.shell:Creating package script '/home/dog/nav_ros/install/nav2/share/nav2/package.ps1'
[0.959s] INFO:colcon.colcon_core.shell:Creating package descriptor '/home/dog/nav_ros/install/nav2/share/nav2/package.dsv'
[0.960s] INFO:colcon.colcon_core.shell:Creating package script '/home/dog/nav_ros/install/nav2/share/nav2/package.sh'
[0.961s] INFO:colcon.colcon_core.shell:Creating package script '/home/dog/nav_ros/install/nav2/share/nav2/package.bash'
[0.962s] INFO:colcon.colcon_core.shell:Creating package script '/home/dog/nav_ros/install/nav2/share/nav2/package.zsh'
[0.964s] Level 1:colcon.colcon_core.environment:create_file_with_runtime_dependencies(/home/dog/nav_ros/install/nav2/share/colcon-core/packages/nav2)
[0.965s] Level 1:colcon.colcon_core.environment:create_environment_scripts_only(nav2)
[0.965s] Level 1:colcon.colcon_core.environment:checking '/home/dog/nav_ros/install/nav2' for CMake module files
[0.969s] Level 1:colcon.colcon_core.environment:checking '/home/dog/nav_ros/install/nav2' for CMake config files
[0.969s] Level 1:colcon.colcon_core.shell:create_environment_hook('nav2', 'cmake_prefix_path')
[0.970s] INFO:colcon.colcon_core.shell:Creating environment hook '/home/dog/nav_ros/install/nav2/share/nav2/hook/cmake_prefix_path.ps1'
[0.971s] INFO:colcon.colcon_core.shell:Creating environment descriptor '/home/dog/nav_ros/install/nav2/share/nav2/hook/cmake_prefix_path.dsv'
[0.972s] INFO:colcon.colcon_core.shell:Creating environment hook '/home/dog/nav_ros/install/nav2/share/nav2/hook/cmake_prefix_path.sh'
[0.973s] Level 1:colcon.colcon_core.environment:checking '/home/dog/nav_ros/install/nav2/bin'
[0.973s] Level 1:colcon.colcon_core.environment:checking '/home/dog/nav_ros/install/nav2/lib/pkgconfig/nav2.pc'
[0.974s] Level 1:colcon.colcon_core.environment:checking '/home/dog/nav_ros/install/nav2/lib/python3.10/site-packages'
[0.975s] Level 1:colcon.colcon_core.environment:checking '/home/dog/nav_ros/install/nav2/bin'
[0.975s] INFO:colcon.colcon_core.shell:Creating package script '/home/dog/nav_ros/install/nav2/share/nav2/package.ps1'
[0.977s] INFO:colcon.colcon_core.shell:Creating package descriptor '/home/dog/nav_ros/install/nav2/share/nav2/package.dsv'
[0.979s] INFO:colcon.colcon_core.shell:Creating package script '/home/dog/nav_ros/install/nav2/share/nav2/package.sh'
[0.979s] INFO:colcon.colcon_core.shell:Creating package script '/home/dog/nav_ros/install/nav2/share/nav2/package.bash'
[0.980s] INFO:colcon.colcon_core.shell:Creating package script '/home/dog/nav_ros/install/nav2/share/nav2/package.zsh'
[0.981s] Level 1:colcon.colcon_core.environment:create_file_with_runtime_dependencies(/home/dog/nav_ros/install/nav2/share/colcon-core/packages/nav2)
[0.984s] Level 1:colcon.colcon_core.environment:create_environment_scripts_only(slam)
[0.985s] Level 1:colcon.colcon_core.environment:checking '/home/dog/nav_ros/install/slam' for CMake module files
[0.986s] DEBUG:colcon.colcon_core.event_handler.log_command:Invoked command in '/home/dog/nav_ros/build/slam' returned '0': CMAKE_PREFIX_PATH=${CMAKE_PREFIX_PATH}:/opt/ros/humble /usr/bin/cmake --install /home/dog/nav_ros/build/slam
[0.987s] Level 1:colcon.colcon_core.environment:checking '/home/dog/nav_ros/install/slam' for CMake config files
[0.987s] Level 1:colcon.colcon_core.shell:create_environment_hook('slam', 'cmake_prefix_path')
[0.988s] INFO:colcon.colcon_core.shell:Creating environment hook '/home/dog/nav_ros/install/slam/share/slam/hook/cmake_prefix_path.ps1'
[0.989s] INFO:colcon.colcon_core.shell:Creating environment descriptor '/home/dog/nav_ros/install/slam/share/slam/hook/cmake_prefix_path.dsv'
[0.991s] INFO:colcon.colcon_core.shell:Creating environment hook '/home/dog/nav_ros/install/slam/share/slam/hook/cmake_prefix_path.sh'
[0.992s] Level 1:colcon.colcon_core.environment:checking '/home/dog/nav_ros/install/slam/bin'
[0.992s] Level 1:colcon.colcon_core.environment:checking '/home/dog/nav_ros/install/slam/lib/pkgconfig/slam.pc'
[0.993s] Level 1:colcon.colcon_core.environment:checking '/home/dog/nav_ros/install/slam/lib/python3.10/site-packages'
[0.993s] Level 1:colcon.colcon_core.environment:checking '/home/dog/nav_ros/install/slam/bin'
[0.994s] INFO:colcon.colcon_core.shell:Creating package script '/home/dog/nav_ros/install/slam/share/slam/package.ps1'
[0.996s] INFO:colcon.colcon_core.shell:Creating package descriptor '/home/dog/nav_ros/install/slam/share/slam/package.dsv'
[0.997s] INFO:colcon.colcon_core.shell:Creating package script '/home/dog/nav_ros/install/slam/share/slam/package.sh'
[0.998s] INFO:colcon.colcon_core.shell:Creating package script '/home/dog/nav_ros/install/slam/share/slam/package.bash'
[1.002s] INFO:colcon.colcon_core.shell:Creating package script '/home/dog/nav_ros/install/slam/share/slam/package.zsh'
[1.003s] Level 1:colcon.colcon_core.environment:create_file_with_runtime_dependencies(/home/dog/nav_ros/install/slam/share/colcon-core/packages/slam)
[1.005s] Level 1:colcon.colcon_core.environment:create_environment_scripts_only(slam)
[1.005s] Level 1:colcon.colcon_core.environment:checking '/home/dog/nav_ros/install/slam' for CMake module files
[1.006s] Level 1:colcon.colcon_core.environment:checking '/home/dog/nav_ros/install/slam' for CMake config files
[1.006s] Level 1:colcon.colcon_core.shell:create_environment_hook('slam', 'cmake_prefix_path')
[1.007s] INFO:colcon.colcon_core.shell:Creating environment hook '/home/dog/nav_ros/install/slam/share/slam/hook/cmake_prefix_path.ps1'
[1.008s] INFO:colcon.colcon_core.shell:Creating environment descriptor '/home/dog/nav_ros/install/slam/share/slam/hook/cmake_prefix_path.dsv'
[1.008s] INFO:colcon.colcon_core.shell:Creating environment hook '/home/dog/nav_ros/install/slam/share/slam/hook/cmake_prefix_path.sh'
[1.010s] Level 1:colcon.colcon_core.environment:checking '/home/dog/nav_ros/install/slam/bin'
[1.010s] Level 1:colcon.colcon_core.environment:checking '/home/dog/nav_ros/install/slam/lib/pkgconfig/slam.pc'
[1.010s] Level 1:colcon.colcon_core.environment:checking '/home/dog/nav_ros/install/slam/lib/python3.10/site-packages'
[1.011s] Level 1:colcon.colcon_core.environment:checking '/home/dog/nav_ros/install/slam/bin'
[1.012s] INFO:colcon.colcon_core.shell:Creating package script '/home/dog/nav_ros/install/slam/share/slam/package.ps1'
[1.013s] INFO:colcon.colcon_core.shell:Creating package descriptor '/home/dog/nav_ros/install/slam/share/slam/package.dsv'
[1.014s] INFO:colcon.colcon_core.shell:Creating package script '/home/dog/nav_ros/install/slam/share/slam/package.sh'
[1.015s] INFO:colcon.colcon_core.shell:Creating package script '/home/dog/nav_ros/install/slam/share/slam/package.bash'
[1.016s] INFO:colcon.colcon_core.shell:Creating package script '/home/dog/nav_ros/install/slam/share/slam/package.zsh'
[1.017s] Level 1:colcon.colcon_core.environment:create_file_with_runtime_dependencies(/home/dog/nav_ros/install/slam/share/colcon-core/packages/slam)
[1.021s] DEBUG:colcon.colcon_core.event_handler.log_command:Invoked command in '/home/dog/nav_ros/build/bpx_driver' returned '0': CMAKE_PREFIX_PATH=${CMAKE_PREFIX_PATH}:/opt/ros/humble /usr/bin/cmake --build /home/dog/nav_ros/build/bpx_driver -- -j6 -l6
[1.025s] DEBUG:colcon.colcon_core.event_handler.log_command:Invoking command in '/home/dog/nav_ros/build/bpx_driver': CMAKE_PREFIX_PATH=${CMAKE_PREFIX_PATH}:/opt/ros/humble /usr/bin/cmake --install /home/dog/nav_ros/build/bpx_driver
[1.025s] DEBUG:colcon.colcon_core.event_handler.log_command:Invoked command in '/home/dog/nav_ros/build/sllidar_ros2' returned '0': CMAKE_PREFIX_PATH=${CMAKE_PREFIX_PATH}:/opt/ros/humble /usr/bin/cmake --build /home/dog/nav_ros/build/sllidar_ros2 -- -j6 -l6
[1.029s] DEBUG:colcon.colcon_core.event_handler.log_command:Invoking command in '/home/dog/nav_ros/build/sllidar_ros2': CMAKE_PREFIX_PATH=${CMAKE_PREFIX_PATH}:/opt/ros/humble /usr/bin/cmake --install /home/dog/nav_ros/build/sllidar_ros2
[1.030s] DEBUG:colcon.colcon_core.event_handler.log_command:Invoked command in '/home/dog/nav_ros/build/rf2o_laser_odometry' returned '0': CMAKE_PREFIX_PATH=${CMAKE_PREFIX_PATH}:/opt/ros/humble /usr/bin/cmake --build /home/dog/nav_ros/build/rf2o_laser_odometry -- -j6 -l6
[1.034s] DEBUG:colcon.colcon_core.event_handler.log_command:Invoking command in '/home/dog/nav_ros/build/rf2o_laser_odometry': CMAKE_PREFIX_PATH=${CMAKE_PREFIX_PATH}:/opt/ros/humble /usr/bin/cmake --install /home/dog/nav_ros/build/rf2o_laser_odometry
[1.045s] Level 1:colcon.colcon_core.environment:create_environment_scripts_only(bpx_driver)
[1.045s] Level 1:colcon.colcon_core.environment:checking '/home/dog/nav_ros/install/bpx_driver' for CMake module files
[1.050s] Level 1:colcon.colcon_core.environment:checking '/home/dog/nav_ros/install/bpx_driver' for CMake config files
[1.053s] Level 1:colcon.colcon_core.shell:create_environment_hook('bpx_driver', 'cmake_prefix_path')
[1.054s] INFO:colcon.colcon_core.shell:Creating environment hook '/home/dog/nav_ros/install/bpx_driver/share/bpx_driver/hook/cmake_prefix_path.ps1'
[1.055s] INFO:colcon.colcon_core.shell:Creating environment descriptor '/home/dog/nav_ros/install/bpx_driver/share/bpx_driver/hook/cmake_prefix_path.dsv'
[1.057s] INFO:colcon.colcon_core.shell:Creating environment hook '/home/dog/nav_ros/install/bpx_driver/share/bpx_driver/hook/cmake_prefix_path.sh'
[1.059s] Level 1:colcon.colcon_core.environment:checking '/home/dog/nav_ros/install/bpx_driver/lib'
[1.060s] Level 1:colcon.colcon_core.environment:checking '/home/dog/nav_ros/install/bpx_driver/bin'
[1.060s] Level 1:colcon.colcon_core.environment:checking '/home/dog/nav_ros/install/bpx_driver/lib/pkgconfig/bpx_driver.pc'
[1.061s] Level 1:colcon.colcon_core.environment:checking '/home/dog/nav_ros/install/bpx_driver/lib/python3.10/site-packages'
[1.061s] Level 1:colcon.colcon_core.environment:checking '/home/dog/nav_ros/install/bpx_driver/bin'
[1.062s] INFO:colcon.colcon_core.shell:Creating package script '/home/dog/nav_ros/install/bpx_driver/share/bpx_driver/package.ps1'
[1.064s] INFO:colcon.colcon_core.shell:Creating package descriptor '/home/dog/nav_ros/install/bpx_driver/share/bpx_driver/package.dsv'
[1.065s] INFO:colcon.colcon_core.shell:Creating package script '/home/dog/nav_ros/install/bpx_driver/share/bpx_driver/package.sh'
[1.067s] INFO:colcon.colcon_core.shell:Creating package script '/home/dog/nav_ros/install/bpx_driver/share/bpx_driver/package.bash'
[1.068s] INFO:colcon.colcon_core.shell:Creating package script '/home/dog/nav_ros/install/bpx_driver/share/bpx_driver/package.zsh'
[1.070s] Level 1:colcon.colcon_core.environment:create_file_with_runtime_dependencies(/home/dog/nav_ros/install/bpx_driver/share/colcon-core/packages/bpx_driver)
[1.071s] DEBUG:colcon.colcon_core.event_handler.log_command:Invoked command in '/home/dog/nav_ros/build/bpx_driver' returned '0': CMAKE_PREFIX_PATH=${CMAKE_PREFIX_PATH}:/opt/ros/humble /usr/bin/cmake --install /home/dog/nav_ros/build/bpx_driver
[1.072s] Level 1:colcon.colcon_core.environment:create_environment_scripts_only(bpx_driver)
[1.073s] Level 1:colcon.colcon_core.environment:checking '/home/dog/nav_ros/install/bpx_driver' for CMake module files
[1.077s] Level 1:colcon.colcon_core.environment:checking '/home/dog/nav_ros/install/bpx_driver' for CMake config files
[1.079s] Level 1:colcon.colcon_core.shell:create_environment_hook('bpx_driver', 'cmake_prefix_path')
[1.080s] INFO:colcon.colcon_core.shell:Creating environment hook '/home/dog/nav_ros/install/bpx_driver/share/bpx_driver/hook/cmake_prefix_path.ps1'
[1.082s] INFO:colcon.colcon_core.shell:Creating environment descriptor '/home/dog/nav_ros/install/bpx_driver/share/bpx_driver/hook/cmake_prefix_path.dsv'
[1.083s] INFO:colcon.colcon_core.shell:Creating environment hook '/home/dog/nav_ros/install/bpx_driver/share/bpx_driver/hook/cmake_prefix_path.sh'
[1.085s] Level 1:colcon.colcon_core.environment:checking '/home/dog/nav_ros/install/bpx_driver/lib'
[1.085s] Level 1:colcon.colcon_core.environment:checking '/home/dog/nav_ros/install/bpx_driver/bin'
[1.085s] Level 1:colcon.colcon_core.environment:checking '/home/dog/nav_ros/install/bpx_driver/lib/pkgconfig/bpx_driver.pc'
[1.086s] Level 1:colcon.colcon_core.environment:checking '/home/dog/nav_ros/install/bpx_driver/lib/python3.10/site-packages'
[1.087s] Level 1:colcon.colcon_core.environment:checking '/home/dog/nav_ros/install/bpx_driver/bin'
[1.087s] INFO:colcon.colcon_core.shell:Creating package script '/home/dog/nav_ros/install/bpx_driver/share/bpx_driver/package.ps1'
[1.089s] INFO:colcon.colcon_core.shell:Creating package descriptor '/home/dog/nav_ros/install/bpx_driver/share/bpx_driver/package.dsv'
[1.090s] INFO:colcon.colcon_core.shell:Creating package script '/home/dog/nav_ros/install/bpx_driver/share/bpx_driver/package.sh'
[1.091s] INFO:colcon.colcon_core.shell:Creating package script '/home/dog/nav_ros/install/bpx_driver/share/bpx_driver/package.bash'
[1.091s] INFO:colcon.colcon_core.shell:Creating package script '/home/dog/nav_ros/install/bpx_driver/share/bpx_driver/package.zsh'
[1.092s] Level 1:colcon.colcon_core.environment:create_file_with_runtime_dependencies(/home/dog/nav_ros/install/bpx_driver/share/colcon-core/packages/bpx_driver)
[1.095s] Level 1:colcon.colcon_core.environment:create_environment_scripts_only(sllidar_ros2)
[1.095s] Level 1:colcon.colcon_core.environment:checking '/home/dog/nav_ros/install/sllidar_ros2' for CMake module files
[1.096s] DEBUG:colcon.colcon_core.event_handler.log_command:Invoked command in '/home/dog/nav_ros/build/sllidar_ros2' returned '0': CMAKE_PREFIX_PATH=${CMAKE_PREFIX_PATH}:/opt/ros/humble /usr/bin/cmake --install /home/dog/nav_ros/build/sllidar_ros2
[1.097s] Level 1:colcon.colcon_core.environment:checking '/home/dog/nav_ros/install/sllidar_ros2' for CMake config files
[1.098s] Level 1:colcon.colcon_core.shell:create_environment_hook('sllidar_ros2', 'cmake_prefix_path')
[1.098s] INFO:colcon.colcon_core.shell:Creating environment hook '/home/dog/nav_ros/install/sllidar_ros2/share/sllidar_ros2/hook/cmake_prefix_path.ps1'
[1.099s] INFO:colcon.colcon_core.shell:Creating environment descriptor '/home/dog/nav_ros/install/sllidar_ros2/share/sllidar_ros2/hook/cmake_prefix_path.dsv'
[1.100s] INFO:colcon.colcon_core.shell:Creating environment hook '/home/dog/nav_ros/install/sllidar_ros2/share/sllidar_ros2/hook/cmake_prefix_path.sh'
[1.101s] Level 1:colcon.colcon_core.environment:checking '/home/dog/nav_ros/install/sllidar_ros2/lib'
[1.101s] Level 1:colcon.colcon_core.environment:checking '/home/dog/nav_ros/install/sllidar_ros2/bin'
[1.101s] Level 1:colcon.colcon_core.environment:checking '/home/dog/nav_ros/install/sllidar_ros2/lib/pkgconfig/sllidar_ros2.pc'
[1.102s] Level 1:colcon.colcon_core.environment:checking '/home/dog/nav_ros/install/sllidar_ros2/lib/python3.10/site-packages'
[1.103s] Level 1:colcon.colcon_core.environment:checking '/home/dog/nav_ros/install/sllidar_ros2/bin'
[1.103s] INFO:colcon.colcon_core.shell:Creating package script '/home/dog/nav_ros/install/sllidar_ros2/share/sllidar_ros2/package.ps1'
[1.104s] INFO:colcon.colcon_core.shell:Creating package descriptor '/home/dog/nav_ros/install/sllidar_ros2/share/sllidar_ros2/package.dsv'
[1.105s] INFO:colcon.colcon_core.shell:Creating package script '/home/dog/nav_ros/install/sllidar_ros2/share/sllidar_ros2/package.sh'
[1.106s] INFO:colcon.colcon_core.shell:Creating package script '/home/dog/nav_ros/install/sllidar_ros2/share/sllidar_ros2/package.bash'
[1.107s] INFO:colcon.colcon_core.shell:Creating package script '/home/dog/nav_ros/install/sllidar_ros2/share/sllidar_ros2/package.zsh'
[1.108s] Level 1:colcon.colcon_core.environment:create_file_with_runtime_dependencies(/home/dog/nav_ros/install/sllidar_ros2/share/colcon-core/packages/sllidar_ros2)
[1.109s] Level 1:colcon.colcon_core.environment:create_environment_scripts_only(sllidar_ros2)
[1.109s] Level 1:colcon.colcon_core.environment:checking '/home/dog/nav_ros/install/sllidar_ros2' for CMake module files
[1.110s] Level 1:colcon.colcon_core.environment:checking '/home/dog/nav_ros/install/sllidar_ros2' for CMake config files
[1.111s] Level 1:colcon.colcon_core.shell:create_environment_hook('sllidar_ros2', 'cmake_prefix_path')
[1.111s] INFO:colcon.colcon_core.shell:Creating environment hook '/home/dog/nav_ros/install/sllidar_ros2/share/sllidar_ros2/hook/cmake_prefix_path.ps1'
[1.112s] INFO:colcon.colcon_core.shell:Creating environment descriptor '/home/dog/nav_ros/install/sllidar_ros2/share/sllidar_ros2/hook/cmake_prefix_path.dsv'
[1.113s] INFO:colcon.colcon_core.shell:Creating environment hook '/home/dog/nav_ros/install/sllidar_ros2/share/sllidar_ros2/hook/cmake_prefix_path.sh'
[1.114s] Level 1:colcon.colcon_core.environment:checking '/home/dog/nav_ros/install/sllidar_ros2/lib'
[1.114s] Level 1:colcon.colcon_core.environment:checking '/home/dog/nav_ros/install/sllidar_ros2/bin'
[1.114s] Level 1:colcon.colcon_core.environment:checking '/home/dog/nav_ros/install/sllidar_ros2/lib/pkgconfig/sllidar_ros2.pc'
[1.115s] Level 1:colcon.colcon_core.environment:checking '/home/dog/nav_ros/install/sllidar_ros2/lib/python3.10/site-packages'
[1.115s] Level 1:colcon.colcon_core.environment:checking '/home/dog/nav_ros/install/sllidar_ros2/bin'
[1.116s] INFO:colcon.colcon_core.shell:Creating package script '/home/dog/nav_ros/install/sllidar_ros2/share/sllidar_ros2/package.ps1'
[1.117s] INFO:colcon.colcon_core.shell:Creating package descriptor '/home/dog/nav_ros/install/sllidar_ros2/share/sllidar_ros2/package.dsv'
[1.118s] INFO:colcon.colcon_core.shell:Creating package script '/home/dog/nav_ros/install/sllidar_ros2/share/sllidar_ros2/package.sh'
[1.119s] INFO:colcon.colcon_core.shell:Creating package script '/home/dog/nav_ros/install/sllidar_ros2/share/sllidar_ros2/package.bash'
[1.120s] INFO:colcon.colcon_core.shell:Creating package script '/home/dog/nav_ros/install/sllidar_ros2/share/sllidar_ros2/package.zsh'
[1.121s] Level 1:colcon.colcon_core.environment:create_file_with_runtime_dependencies(/home/dog/nav_ros/install/sllidar_ros2/share/colcon-core/packages/sllidar_ros2)
[1.121s] Level 1:colcon.colcon_core.environment:create_environment_scripts_only(rf2o_laser_odometry)
[1.122s] Level 1:colcon.colcon_core.environment:checking '/home/dog/nav_ros/install/rf2o_laser_odometry' for CMake module files
[1.124s] DEBUG:colcon.colcon_core.event_handler.log_command:Invoked command in '/home/dog/nav_ros/build/rf2o_laser_odometry' returned '0': CMAKE_PREFIX_PATH=${CMAKE_PREFIX_PATH}:/opt/ros/humble /usr/bin/cmake --install /home/dog/nav_ros/build/rf2o_laser_odometry
[1.124s] Level 1:colcon.colcon_core.environment:checking '/home/dog/nav_ros/install/rf2o_laser_odometry' for CMake config files
[1.125s] Level 1:colcon.colcon_core.shell:create_environment_hook('rf2o_laser_odometry', 'cmake_prefix_path')
[1.125s] INFO:colcon.colcon_core.shell:Creating environment hook '/home/dog/nav_ros/install/rf2o_laser_odometry/share/rf2o_laser_odometry/hook/cmake_prefix_path.ps1'
[1.126s] INFO:colcon.colcon_core.shell:Creating environment descriptor '/home/dog/nav_ros/install/rf2o_laser_odometry/share/rf2o_laser_odometry/hook/cmake_prefix_path.dsv'
[1.127s] INFO:colcon.colcon_core.shell:Creating environment hook '/home/dog/nav_ros/install/rf2o_laser_odometry/share/rf2o_laser_odometry/hook/cmake_prefix_path.sh'
[1.128s] Level 1:colcon.colcon_core.environment:checking '/home/dog/nav_ros/install/rf2o_laser_odometry/lib'
[1.128s] Level 1:colcon.colcon_core.environment:checking '/home/dog/nav_ros/install/rf2o_laser_odometry/bin'
[1.128s] Level 1:colcon.colcon_core.environment:checking '/home/dog/nav_ros/install/rf2o_laser_odometry/lib/pkgconfig/rf2o_laser_odometry.pc'
[1.128s] Level 1:colcon.colcon_core.environment:checking '/home/dog/nav_ros/install/rf2o_laser_odometry/lib/python3.10/site-packages'
[1.129s] Level 1:colcon.colcon_core.environment:checking '/home/dog/nav_ros/install/rf2o_laser_odometry/bin'
[1.130s] INFO:colcon.colcon_core.shell:Creating package script '/home/dog/nav_ros/install/rf2o_laser_odometry/share/rf2o_laser_odometry/package.ps1'
[1.131s] INFO:colcon.colcon_core.shell:Creating package descriptor '/home/dog/nav_ros/install/rf2o_laser_odometry/share/rf2o_laser_odometry/package.dsv'
[1.132s] INFO:colcon.colcon_core.shell:Creating package script '/home/dog/nav_ros/install/rf2o_laser_odometry/share/rf2o_laser_odometry/package.sh'
[1.133s] INFO:colcon.colcon_core.shell:Creating package script '/home/dog/nav_ros/install/rf2o_laser_odometry/share/rf2o_laser_odometry/package.bash'
[1.133s] INFO:colcon.colcon_core.shell:Creating package script '/home/dog/nav_ros/install/rf2o_laser_odometry/share/rf2o_laser_odometry/package.zsh'
[1.134s] Level 1:colcon.colcon_core.environment:create_file_with_runtime_dependencies(/home/dog/nav_ros/install/rf2o_laser_odometry/share/colcon-core/packages/rf2o_laser_odometry)
[1.135s] Level 1:colcon.colcon_core.environment:create_environment_scripts_only(rf2o_laser_odometry)
[1.136s] Level 1:colcon.colcon_core.environment:checking '/home/dog/nav_ros/install/rf2o_laser_odometry' for CMake module files
[1.136s] Level 1:colcon.colcon_core.environment:checking '/home/dog/nav_ros/install/rf2o_laser_odometry' for CMake config files
[1.137s] Level 1:colcon.colcon_core.shell:create_environment_hook('rf2o_laser_odometry', 'cmake_prefix_path')
[1.137s] INFO:colcon.colcon_core.shell:Creating environment hook '/home/dog/nav_ros/install/rf2o_laser_odometry/share/rf2o_laser_odometry/hook/cmake_prefix_path.ps1'
[1.138s] INFO:colcon.colcon_core.shell:Creating environment descriptor '/home/dog/nav_ros/install/rf2o_laser_odometry/share/rf2o_laser_odometry/hook/cmake_prefix_path.dsv'
[1.139s] INFO:colcon.colcon_core.shell:Creating environment hook '/home/dog/nav_ros/install/rf2o_laser_odometry/share/rf2o_laser_odometry/hook/cmake_prefix_path.sh'
[1.140s] Level 1:colcon.colcon_core.environment:checking '/home/dog/nav_ros/install/rf2o_laser_odometry/lib'
[1.140s] Level 1:colcon.colcon_core.environment:checking '/home/dog/nav_ros/install/rf2o_laser_odometry/bin'
[1.140s] Level 1:colcon.colcon_core.environment:checking '/home/dog/nav_ros/install/rf2o_laser_odometry/lib/pkgconfig/rf2o_laser_odometry.pc'
[1.141s] Level 1:colcon.colcon_core.environment:checking '/home/dog/nav_ros/install/rf2o_laser_odometry/lib/python3.10/site-packages'
[1.141s] Level 1:colcon.colcon_core.environment:checking '/home/dog/nav_ros/install/rf2o_laser_odometry/bin'
[1.142s] INFO:colcon.colcon_core.shell:Creating package script '/home/dog/nav_ros/install/rf2o_laser_odometry/share/rf2o_laser_odometry/package.ps1'
[1.143s] INFO:colcon.colcon_core.shell:Creating package descriptor '/home/dog/nav_ros/install/rf2o_laser_odometry/share/rf2o_laser_odometry/package.dsv'
[1.144s] INFO:colcon.colcon_core.shell:Creating package script '/home/dog/nav_ros/install/rf2o_laser_odometry/share/rf2o_laser_odometry/package.sh'
[1.145s] INFO:colcon.colcon_core.shell:Creating package script '/home/dog/nav_ros/install/rf2o_laser_odometry/share/rf2o_laser_odometry/package.bash'
[1.146s] INFO:colcon.colcon_core.shell:Creating package script '/home/dog/nav_ros/install/rf2o_laser_odometry/share/rf2o_laser_odometry/package.zsh'
[1.148s] Level 1:colcon.colcon_core.environment:create_file_with_runtime_dependencies(/home/dog/nav_ros/install/rf2o_laser_odometry/share/colcon-core/packages/rf2o_laser_odometry)
[1.148s] DEBUG:colcon.colcon_parallel_executor.executor.parallel:closing loop
[1.149s] DEBUG:colcon.colcon_parallel_executor.executor.parallel:loop closed
[1.149s] DEBUG:colcon.colcon_parallel_executor.executor.parallel:run_until_complete finished with '0'
[1.149s] DEBUG:colcon.colcon_core.event_reactor:joining thread
[1.151s] DEBUG:colcon.colcon_core.event_reactor:joined thread
[1.152s] INFO:colcon.colcon_core.shell:Creating prefix script '/home/dog/nav_ros/install/local_setup.ps1'
[1.154s] INFO:colcon.colcon_core.shell:Creating prefix util module '/home/dog/nav_ros/install/_local_setup_util_ps1.py'
[1.157s] INFO:colcon.colcon_core.shell:Creating prefix chain script '/home/dog/nav_ros/install/setup.ps1'
[1.160s] INFO:colcon.colcon_core.shell:Creating prefix script '/home/dog/nav_ros/install/local_setup.sh'
[1.161s] INFO:colcon.colcon_core.shell:Creating prefix util module '/home/dog/nav_ros/install/_local_setup_util_sh.py'
[1.162s] INFO:colcon.colcon_core.shell:Creating prefix chain script '/home/dog/nav_ros/install/setup.sh'
[1.164s] INFO:colcon.colcon_core.shell:Creating prefix script '/home/dog/nav_ros/install/local_setup.bash'
[1.165s] INFO:colcon.colcon_core.shell:Creating prefix chain script '/home/dog/nav_ros/install/setup.bash'
[1.167s] INFO:colcon.colcon_core.shell:Creating prefix script '/home/dog/nav_ros/install/local_setup.zsh'
[1.168s] INFO:colcon.colcon_core.shell:Creating prefix chain script '/home/dog/nav_ros/install/setup.zsh'
