[35m[1mConsolidate compiler generated dependencies of target bpx_driver_node[0m
[100%] Built target bpx_driver_node
-- Install configuration: ""
-- Up-to-date: /home/dog/nav_ros/install/bpx_driver/lib/bpx_driver/bpx_driver_node
-- Up-to-date: /home/dog/nav_ros/install/bpx_driver/lib/bpx_driver/libbpx_sdk_aarch64.so
-- Up-to-date: /home/dog/nav_ros/install/bpx_driver/share/bpx_driver/launch
-- Up-to-date: /home/dog/nav_ros/install/bpx_driver/share/bpx_driver/launch/bpx_driver.launch.py
-- Up-to-date: /home/dog/nav_ros/install/bpx_driver/share/bpx_driver/config
-- Up-to-date: /home/dog/nav_ros/install/bpx_driver/share/bpx_driver/config/bpx_params.yaml
-- Up-to-date: /home/dog/nav_ros/install/bpx_driver/share/bpx_driver/bpx
-- Up-to-date: /home/dog/nav_ros/install/bpx_driver/share/bpx_driver/bpx/urdf
-- Up-to-date: /home/dog/nav_ros/install/bpx_driver/share/bpx_driver/bpx/urdf/bpx.urdf
-- Up-to-date: /home/dog/nav_ros/install/bpx_driver/share/bpx_driver/bpx/meshes
-- Up-to-date: /home/dog/nav_ros/install/bpx_driver/share/bpx_driver/bpx/meshes/hip.mtl
-- Up-to-date: /home/dog/nav_ros/install/bpx_driver/share/bpx_driver/bpx/meshes/calf.mtl
-- Up-to-date: /home/dog/nav_ros/install/bpx_driver/share/bpx_driver/bpx/meshes/hip.obj
-- Up-to-date: /home/dog/nav_ros/install/bpx_driver/share/bpx_driver/bpx/meshes/bpx_body.obj
-- Up-to-date: /home/dog/nav_ros/install/bpx_driver/share/bpx_driver/bpx/meshes/calf.obj
-- Up-to-date: /home/dog/nav_ros/install/bpx_driver/share/bpx_driver/bpx/meshes/bpx_body.mtl
-- Up-to-date: /home/dog/nav_ros/install/bpx_driver/share/bpx_driver/bpx/meshes/l_thigh.obj
-- Up-to-date: /home/dog/nav_ros/install/bpx_driver/share/bpx_driver/bpx/meshes/l_thigh.mtl
-- Up-to-date: /home/dog/nav_ros/install/bpx_driver/share/bpx_driver/bpx/meshes/r_thigh.obj
-- Up-to-date: /home/dog/nav_ros/install/bpx_driver/share/bpx_driver/bpx/meshes/r_thigh.mtl
-- Up-to-date: /home/dog/nav_ros/install/bpx_driver/share/ament_index/resource_index/package_run_dependencies/bpx_driver
-- Up-to-date: /home/dog/nav_ros/install/bpx_driver/share/ament_index/resource_index/parent_prefix_path/bpx_driver
-- Up-to-date: /home/dog/nav_ros/install/bpx_driver/share/bpx_driver/environment/ament_prefix_path.sh
-- Up-to-date: /home/dog/nav_ros/install/bpx_driver/share/bpx_driver/environment/ament_prefix_path.dsv
-- Up-to-date: /home/dog/nav_ros/install/bpx_driver/share/bpx_driver/environment/path.sh
-- Up-to-date: /home/dog/nav_ros/install/bpx_driver/share/bpx_driver/environment/path.dsv
-- Up-to-date: /home/dog/nav_ros/install/bpx_driver/share/bpx_driver/local_setup.bash
-- Up-to-date: /home/dog/nav_ros/install/bpx_driver/share/bpx_driver/local_setup.sh
-- Up-to-date: /home/dog/nav_ros/install/bpx_driver/share/bpx_driver/local_setup.zsh
-- Up-to-date: /home/dog/nav_ros/install/bpx_driver/share/bpx_driver/local_setup.dsv
-- Installing: /home/dog/nav_ros/install/bpx_driver/share/bpx_driver/package.dsv
-- Up-to-date: /home/dog/nav_ros/install/bpx_driver/share/ament_index/resource_index/packages/bpx_driver
-- Up-to-date: /home/dog/nav_ros/install/bpx_driver/share/bpx_driver/cmake/bpx_driverConfig.cmake
-- Up-to-date: /home/dog/nav_ros/install/bpx_driver/share/bpx_driver/cmake/bpx_driverConfig-version.cmake
-- Up-to-date: /home/dog/nav_ros/install/bpx_driver/share/bpx_driver/package.xml
