[0.017s] Invoking command in '/home/dog/nav_ros/build/bpx_driver': CMAKE_PREFIX_PATH=/opt/ros/humble /usr/bin/cmake --build /home/dog/nav_ros/build/bpx_driver -- -j6 -l6
[0.112s] [ 50%] Building CXX object CMakeFiles/bpx_driver_node.dir/src/bpx_driver_node.cpp.o
[24.797s] [100%] Linking CXX executable bpx_driver_node
[26.099s] [100%] Built target bpx_driver_node
[26.122s] Invoked command in '/home/dog/nav_ros/build/bpx_driver' returned '0': CMAKE_PREFIX_PATH=/opt/ros/humble /usr/bin/cmake --build /home/dog/nav_ros/build/bpx_driver -- -j6 -l6
[26.142s] Invoking command in '/home/dog/nav_ros/build/bpx_driver': CMAKE_PREFIX_PATH=/opt/ros/humble /usr/bin/cmake --install /home/dog/nav_ros/build/bpx_driver
[26.154s] -- Install configuration: ""
[26.155s] -- Installing: /home/dog/nav_ros/install/bpx_driver/lib/bpx_driver/bpx_driver_node
[26.170s] -- Set runtime path of "/home/dog/nav_ros/install/bpx_driver/lib/bpx_driver/bpx_driver_node" to "$ORIGIN:/opt/ros/humble/lib"
[26.170s] -- Up-to-date: /home/dog/nav_ros/install/bpx_driver/lib/bpx_driver/libbpx_sdk_aarch64.so
[26.173s] -- Up-to-date: /home/dog/nav_ros/install/bpx_driver/share/bpx_driver/launch
[26.174s] -- Up-to-date: /home/dog/nav_ros/install/bpx_driver/share/bpx_driver/launch/bpx_driver.launch.py
[26.174s] -- Up-to-date: /home/dog/nav_ros/install/bpx_driver/share/bpx_driver/config
[26.175s] -- Up-to-date: /home/dog/nav_ros/install/bpx_driver/share/bpx_driver/config/bpx_params.yaml
[26.175s] -- Up-to-date: /home/dog/nav_ros/install/bpx_driver/share/bpx_driver/bpx
[26.175s] -- Up-to-date: /home/dog/nav_ros/install/bpx_driver/share/bpx_driver/bpx/urdf
[26.176s] -- Up-to-date: /home/dog/nav_ros/install/bpx_driver/share/bpx_driver/bpx/urdf/bpx.urdf
[26.176s] -- Up-to-date: /home/dog/nav_ros/install/bpx_driver/share/bpx_driver/bpx/meshes
[26.176s] -- Up-to-date: /home/dog/nav_ros/install/bpx_driver/share/bpx_driver/bpx/meshes/hip.mtl
[26.176s] -- Up-to-date: /home/dog/nav_ros/install/bpx_driver/share/bpx_driver/bpx/meshes/calf.mtl
[26.177s] -- Up-to-date: /home/dog/nav_ros/install/bpx_driver/share/bpx_driver/bpx/meshes/hip.obj
[26.177s] -- Up-to-date: /home/dog/nav_ros/install/bpx_driver/share/bpx_driver/bpx/meshes/bpx_body.obj
[26.179s] -- Up-to-date: /home/dog/nav_ros/install/bpx_driver/share/bpx_driver/bpx/meshes/calf.obj
[26.180s] -- Up-to-date: /home/dog/nav_ros/install/bpx_driver/share/bpx_driver/bpx/meshes/bpx_body.mtl
[26.180s] -- Up-to-date: /home/dog/nav_ros/install/bpx_driver/share/bpx_driver/bpx/meshes/l_thigh.obj
[26.181s] -- Up-to-date: /home/dog/nav_ros/install/bpx_driver/share/bpx_driver/bpx/meshes/l_thigh.mtl
[26.181s] -- Up-to-date: /home/dog/nav_ros/install/bpx_driver/share/bpx_driver/bpx/meshes/r_thigh.obj
[26.182s] -- Up-to-date: /home/dog/nav_ros/install/bpx_driver/share/bpx_driver/bpx/meshes/r_thigh.mtl
[26.182s] -- Up-to-date: /home/dog/nav_ros/install/bpx_driver/share/ament_index/resource_index/package_run_dependencies/bpx_driver
[26.182s] -- Up-to-date: /home/dog/nav_ros/install/bpx_driver/share/ament_index/resource_index/parent_prefix_path/bpx_driver
[26.183s] -- Up-to-date: /home/dog/nav_ros/install/bpx_driver/share/bpx_driver/environment/ament_prefix_path.sh
[26.183s] -- Up-to-date: /home/dog/nav_ros/install/bpx_driver/share/bpx_driver/environment/ament_prefix_path.dsv
[26.184s] -- Up-to-date: /home/dog/nav_ros/install/bpx_driver/share/bpx_driver/environment/path.sh
[26.184s] -- Up-to-date: /home/dog/nav_ros/install/bpx_driver/share/bpx_driver/environment/path.dsv
[26.185s] -- Up-to-date: /home/dog/nav_ros/install/bpx_driver/share/bpx_driver/local_setup.bash
[26.186s] -- Up-to-date: /home/dog/nav_ros/install/bpx_driver/share/bpx_driver/local_setup.sh
[26.186s] -- Up-to-date: /home/dog/nav_ros/install/bpx_driver/share/bpx_driver/local_setup.zsh
[26.187s] -- Up-to-date: /home/dog/nav_ros/install/bpx_driver/share/bpx_driver/local_setup.dsv
[26.187s] -- Installing: /home/dog/nav_ros/install/bpx_driver/share/bpx_driver/package.dsv
[26.187s] -- Up-to-date: /home/dog/nav_ros/install/bpx_driver/share/ament_index/resource_index/packages/bpx_driver
[26.188s] -- Up-to-date: /home/dog/nav_ros/install/bpx_driver/share/bpx_driver/cmake/bpx_driverConfig.cmake
[26.188s] -- Up-to-date: /home/dog/nav_ros/install/bpx_driver/share/bpx_driver/cmake/bpx_driverConfig-version.cmake
[26.188s] -- Up-to-date: /home/dog/nav_ros/install/bpx_driver/share/bpx_driver/package.xml
[26.189s] Invoked command in '/home/dog/nav_ros/build/bpx_driver' returned '0': CMAKE_PREFIX_PATH=/opt/ros/humble /usr/bin/cmake --install /home/dog/nav_ros/build/bpx_driver
