[0.265s] DEBUG:colcon:Command line arguments: ['/usr/bin/colcon', 'build']
[0.265s] DEBUG:colcon:Parsed command line arguments: Namespace(log_base=None, log_level=None, verb_name='build', build_base='build', install_base='install', merge_install=False, symlink_install=False, test_result_base=None, continue_on_error=False, executor='parallel', parallel_workers=6, event_handlers=None, ignore_user_meta=False, metas=['./colcon.meta'], base_paths=['.'], packages_ignore=None, packages_ignore_regex=None, paths=None, packages_up_to=None, packages_up_to_regex=None, packages_above=None, packages_above_and_dependencies=None, packages_above_depth=None, packages_select_by_dep=None, packages_skip_by_dep=None, packages_skip_up_to=None, packages_select_build_failed=False, packages_skip_build_finished=False, packages_select_test_failures=False, packages_skip_test_passed=False, packages_select=None, packages_skip=None, packages_select_regex=None, packages_skip_regex=None, packages_start=None, packages_end=None, allow_overriding=[], cmake_args=None, cmake_target=None, cmake_target_skip_unavailable=False, cmake_clean_cache=False, cmake_clean_first=False, cmake_force_configure=False, ament_cmake_args=None, catkin_cmake_args=None, catkin_skip_building_tests=False, verb_parser=<colcon_defaults.argument_parser.defaults.DefaultArgumentsDecorator object at 0xffffa75084c0>, verb_extension=<colcon_core.verb.build.BuildVerb object at 0xffffa74dff40>, main=<bound method BuildVerb.main of <colcon_core.verb.build.BuildVerb object at 0xffffa74dff40>>)
[0.693s] Level 1:colcon.colcon_core.package_discovery:discover_packages(colcon_meta) check parameters
[0.693s] Level 1:colcon.colcon_core.package_discovery:discover_packages(recursive) check parameters
[0.693s] Level 1:colcon.colcon_core.package_discovery:discover_packages(ignore) check parameters
[0.693s] Level 1:colcon.colcon_core.package_discovery:discover_packages(path) check parameters
[0.693s] Level 1:colcon.colcon_core.package_discovery:discover_packages(colcon_meta) discover
[0.694s] Level 1:colcon.colcon_core.package_discovery:discover_packages(recursive) discover
[0.694s] INFO:colcon.colcon_core.package_discovery:Crawling recursively for packages in '/home/dog/nav_ros'
[0.694s] Level 1:colcon.colcon_core.package_identification:_identify(.) by extensions ['ignore', 'ignore_ament_install']
[0.694s] Level 1:colcon.colcon_core.package_identification:_identify(.) by extension 'ignore'
[0.694s] Level 1:colcon.colcon_core.package_identification:_identify(.) by extension 'ignore_ament_install'
[0.695s] Level 1:colcon.colcon_core.package_identification:_identify(.) by extensions ['colcon_pkg']
[0.695s] Level 1:colcon.colcon_core.package_identification:_identify(.) by extension 'colcon_pkg'
[0.695s] Level 1:colcon.colcon_core.package_identification:_identify(.) by extensions ['colcon_meta']
[0.695s] Level 1:colcon.colcon_core.package_identification:_identify(.) by extension 'colcon_meta'
[0.695s] Level 1:colcon.colcon_core.package_identification:_identify(.) by extensions ['ros']
[0.695s] Level 1:colcon.colcon_core.package_identification:_identify(.) by extension 'ros'
[0.719s] Level 1:colcon.colcon_core.package_identification:_identify(.) by extensions ['cmake', 'python']
[0.720s] Level 1:colcon.colcon_core.package_identification:_identify(.) by extension 'cmake'
[0.720s] Level 1:colcon.colcon_core.package_identification:_identify(.) by extension 'python'
[0.720s] Level 1:colcon.colcon_core.package_identification:_identify(.) by extensions ['python_setup_py']
[0.720s] Level 1:colcon.colcon_core.package_identification:_identify(.) by extension 'python_setup_py'
[0.720s] Level 1:colcon.colcon_core.package_identification:_identify(build) by extensions ['ignore', 'ignore_ament_install']
[0.721s] Level 1:colcon.colcon_core.package_identification:_identify(build) by extension 'ignore'
[0.721s] Level 1:colcon.colcon_core.package_identification:_identify(build) ignored
[0.721s] Level 1:colcon.colcon_core.package_identification:_identify(install) by extensions ['ignore', 'ignore_ament_install']
[0.721s] Level 1:colcon.colcon_core.package_identification:_identify(install) by extension 'ignore'
[0.721s] Level 1:colcon.colcon_core.package_identification:_identify(install) ignored
[0.721s] Level 1:colcon.colcon_core.package_identification:_identify(log) by extensions ['ignore', 'ignore_ament_install']
[0.722s] Level 1:colcon.colcon_core.package_identification:_identify(log) by extension 'ignore'
[0.722s] Level 1:colcon.colcon_core.package_identification:_identify(log) ignored
[0.722s] Level 1:colcon.colcon_core.package_identification:_identify(src) by extensions ['ignore', 'ignore_ament_install']
[0.722s] Level 1:colcon.colcon_core.package_identification:_identify(src) by extension 'ignore'
[0.722s] Level 1:colcon.colcon_core.package_identification:_identify(src) by extension 'ignore_ament_install'
[0.722s] Level 1:colcon.colcon_core.package_identification:_identify(src) by extensions ['colcon_pkg']
[0.722s] Level 1:colcon.colcon_core.package_identification:_identify(src) by extension 'colcon_pkg'
[0.722s] Level 1:colcon.colcon_core.package_identification:_identify(src) by extensions ['colcon_meta']
[0.723s] Level 1:colcon.colcon_core.package_identification:_identify(src) by extension 'colcon_meta'
[0.723s] Level 1:colcon.colcon_core.package_identification:_identify(src) by extensions ['ros']
[0.723s] Level 1:colcon.colcon_core.package_identification:_identify(src) by extension 'ros'
[0.723s] Level 1:colcon.colcon_core.package_identification:_identify(src) by extensions ['cmake', 'python']
[0.723s] Level 1:colcon.colcon_core.package_identification:_identify(src) by extension 'cmake'
[0.723s] Level 1:colcon.colcon_core.package_identification:_identify(src) by extension 'python'
[0.723s] Level 1:colcon.colcon_core.package_identification:_identify(src) by extensions ['python_setup_py']
[0.723s] Level 1:colcon.colcon_core.package_identification:_identify(src) by extension 'python_setup_py'
[0.723s] Level 1:colcon.colcon_core.package_identification:_identify(src/bpx_driver) by extensions ['ignore', 'ignore_ament_install']
[0.724s] Level 1:colcon.colcon_core.package_identification:_identify(src/bpx_driver) by extension 'ignore'
[0.724s] Level 1:colcon.colcon_core.package_identification:_identify(src/bpx_driver) by extension 'ignore_ament_install'
[0.724s] Level 1:colcon.colcon_core.package_identification:_identify(src/bpx_driver) by extensions ['colcon_pkg']
[0.724s] Level 1:colcon.colcon_core.package_identification:_identify(src/bpx_driver) by extension 'colcon_pkg'
[0.724s] Level 1:colcon.colcon_core.package_identification:_identify(src/bpx_driver) by extensions ['colcon_meta']
[0.724s] Level 1:colcon.colcon_core.package_identification:_identify(src/bpx_driver) by extension 'colcon_meta'
[0.724s] Level 1:colcon.colcon_core.package_identification:_identify(src/bpx_driver) by extensions ['ros']
[0.724s] Level 1:colcon.colcon_core.package_identification:_identify(src/bpx_driver) by extension 'ros'
[0.731s] DEBUG:colcon.colcon_core.package_identification:Package 'src/bpx_driver' with type 'ros.ament_cmake' and name 'bpx_driver'
[0.731s] Level 1:colcon.colcon_core.package_identification:_identify(src/nav2) by extensions ['ignore', 'ignore_ament_install']
[0.732s] Level 1:colcon.colcon_core.package_identification:_identify(src/nav2) by extension 'ignore'
[0.732s] Level 1:colcon.colcon_core.package_identification:_identify(src/nav2) by extension 'ignore_ament_install'
[0.732s] Level 1:colcon.colcon_core.package_identification:_identify(src/nav2) by extensions ['colcon_pkg']
[0.732s] Level 1:colcon.colcon_core.package_identification:_identify(src/nav2) by extension 'colcon_pkg'
[0.732s] Level 1:colcon.colcon_core.package_identification:_identify(src/nav2) by extensions ['colcon_meta']
[0.732s] Level 1:colcon.colcon_core.package_identification:_identify(src/nav2) by extension 'colcon_meta'
[0.732s] Level 1:colcon.colcon_core.package_identification:_identify(src/nav2) by extensions ['ros']
[0.732s] Level 1:colcon.colcon_core.package_identification:_identify(src/nav2) by extension 'ros'
[0.733s] DEBUG:colcon.colcon_core.package_identification:Package 'src/nav2' with type 'ros.ament_cmake' and name 'nav2'
[0.734s] Level 1:colcon.colcon_core.package_identification:_identify(src/rf2o_laser_odometry) by extensions ['ignore', 'ignore_ament_install']
[0.734s] Level 1:colcon.colcon_core.package_identification:_identify(src/rf2o_laser_odometry) by extension 'ignore'
[0.734s] Level 1:colcon.colcon_core.package_identification:_identify(src/rf2o_laser_odometry) by extension 'ignore_ament_install'
[0.734s] Level 1:colcon.colcon_core.package_identification:_identify(src/rf2o_laser_odometry) by extensions ['colcon_pkg']
[0.734s] Level 1:colcon.colcon_core.package_identification:_identify(src/rf2o_laser_odometry) by extension 'colcon_pkg'
[0.734s] Level 1:colcon.colcon_core.package_identification:_identify(src/rf2o_laser_odometry) by extensions ['colcon_meta']
[0.734s] Level 1:colcon.colcon_core.package_identification:_identify(src/rf2o_laser_odometry) by extension 'colcon_meta'
[0.735s] Level 1:colcon.colcon_core.package_identification:_identify(src/rf2o_laser_odometry) by extensions ['ros']
[0.735s] Level 1:colcon.colcon_core.package_identification:_identify(src/rf2o_laser_odometry) by extension 'ros'
[0.737s] DEBUG:colcon.colcon_core.package_identification:Package 'src/rf2o_laser_odometry' with type 'ros.ament_cmake' and name 'rf2o_laser_odometry'
[0.737s] Level 1:colcon.colcon_core.package_identification:_identify(src/slam) by extensions ['ignore', 'ignore_ament_install']
[0.737s] Level 1:colcon.colcon_core.package_identification:_identify(src/slam) by extension 'ignore'
[0.737s] Level 1:colcon.colcon_core.package_identification:_identify(src/slam) by extension 'ignore_ament_install'
[0.737s] Level 1:colcon.colcon_core.package_identification:_identify(src/slam) by extensions ['colcon_pkg']
[0.737s] Level 1:colcon.colcon_core.package_identification:_identify(src/slam) by extension 'colcon_pkg'
[0.738s] Level 1:colcon.colcon_core.package_identification:_identify(src/slam) by extensions ['colcon_meta']
[0.738s] Level 1:colcon.colcon_core.package_identification:_identify(src/slam) by extension 'colcon_meta'
[0.738s] Level 1:colcon.colcon_core.package_identification:_identify(src/slam) by extensions ['ros']
[0.738s] Level 1:colcon.colcon_core.package_identification:_identify(src/slam) by extension 'ros'
[0.739s] DEBUG:colcon.colcon_core.package_identification:Package 'src/slam' with type 'ros.ament_cmake' and name 'slam'
[0.739s] Level 1:colcon.colcon_core.package_identification:_identify(src/sllidar_ros2) by extensions ['ignore', 'ignore_ament_install']
[0.739s] Level 1:colcon.colcon_core.package_identification:_identify(src/sllidar_ros2) by extension 'ignore'
[0.739s] Level 1:colcon.colcon_core.package_identification:_identify(src/sllidar_ros2) by extension 'ignore_ament_install'
[0.740s] Level 1:colcon.colcon_core.package_identification:_identify(src/sllidar_ros2) by extensions ['colcon_pkg']
[0.740s] Level 1:colcon.colcon_core.package_identification:_identify(src/sllidar_ros2) by extension 'colcon_pkg'
[0.740s] Level 1:colcon.colcon_core.package_identification:_identify(src/sllidar_ros2) by extensions ['colcon_meta']
[0.740s] Level 1:colcon.colcon_core.package_identification:_identify(src/sllidar_ros2) by extension 'colcon_meta'
[0.740s] Level 1:colcon.colcon_core.package_identification:_identify(src/sllidar_ros2) by extensions ['ros']
[0.740s] Level 1:colcon.colcon_core.package_identification:_identify(src/sllidar_ros2) by extension 'ros'
[0.742s] DEBUG:colcon.colcon_core.package_identification:Package 'src/sllidar_ros2' with type 'ros.ament_cmake' and name 'sllidar_ros2'
[0.742s] Level 1:colcon.colcon_core.package_discovery:discover_packages(recursive) using defaults
[0.742s] Level 1:colcon.colcon_core.package_discovery:discover_packages(ignore) discover
[0.742s] Level 1:colcon.colcon_core.package_discovery:discover_packages(ignore) using defaults
[0.742s] Level 1:colcon.colcon_core.package_discovery:discover_packages(path) discover
[0.742s] Level 1:colcon.colcon_core.package_discovery:discover_packages(path) using defaults
[0.820s] Level 1:colcon.colcon_core.package_discovery:discover_packages(prefix_path) check parameters
[0.820s] Level 1:colcon.colcon_core.package_discovery:discover_packages(prefix_path) discover
[0.823s] WARNING:colcon.colcon_ros.prefix_path.ament:The path '/home/dog/nav_ros/install/sllidar_ros2' in the environment variable AMENT_PREFIX_PATH doesn't exist
[0.823s] WARNING:colcon.colcon_ros.prefix_path.ament:The path '/home/dog/nav_ros/install/slam' in the environment variable AMENT_PREFIX_PATH doesn't exist
[0.823s] WARNING:colcon.colcon_ros.prefix_path.ament:The path '/home/dog/nav_ros/install/rf2o_laser_odometry' in the environment variable AMENT_PREFIX_PATH doesn't exist
[0.824s] WARNING:colcon.colcon_ros.prefix_path.ament:The path '/home/dog/nav_ros/install/nav2' in the environment variable AMENT_PREFIX_PATH doesn't exist
[0.824s] WARNING:colcon.colcon_ros.prefix_path.ament:The path '/home/dog/nav_ros/install/bpx_driver' in the environment variable AMENT_PREFIX_PATH doesn't exist
[0.824s] WARNING:colcon.colcon_ros.prefix_path.catkin:The path '/home/dog/nav_ros/install/sllidar_ros2' in the environment variable CMAKE_PREFIX_PATH doesn't exist
[0.824s] WARNING:colcon.colcon_ros.prefix_path.catkin:The path '/home/dog/nav_ros/install/slam' in the environment variable CMAKE_PREFIX_PATH doesn't exist
[0.824s] WARNING:colcon.colcon_ros.prefix_path.catkin:The path '/home/dog/nav_ros/install/rf2o_laser_odometry' in the environment variable CMAKE_PREFIX_PATH doesn't exist
[0.824s] WARNING:colcon.colcon_ros.prefix_path.catkin:The path '/home/dog/nav_ros/install/nav2' in the environment variable CMAKE_PREFIX_PATH doesn't exist
[0.824s] WARNING:colcon.colcon_ros.prefix_path.catkin:The path '/home/dog/nav_ros/install/bpx_driver' in the environment variable CMAKE_PREFIX_PATH doesn't exist
[0.826s] DEBUG:colcon.colcon_installed_package_information.package_discovery:Found 0 installed packages in /home/dog/nav_ros/install
[0.830s] DEBUG:colcon.colcon_installed_package_information.package_discovery:Found 320 installed packages in /opt/ros/humble
[0.833s] Level 1:colcon.colcon_core.package_discovery:discover_packages(prefix_path) using defaults
[0.956s] Level 5:colcon.colcon_core.verb:set package 'bpx_driver' build argument 'cmake_args' from command line to 'None'
[0.956s] Level 5:colcon.colcon_core.verb:set package 'bpx_driver' build argument 'cmake_target' from command line to 'None'
[0.956s] Level 5:colcon.colcon_core.verb:set package 'bpx_driver' build argument 'cmake_target_skip_unavailable' from command line to 'False'
[0.956s] Level 5:colcon.colcon_core.verb:set package 'bpx_driver' build argument 'cmake_clean_cache' from command line to 'False'
[0.957s] Level 5:colcon.colcon_core.verb:set package 'bpx_driver' build argument 'cmake_clean_first' from command line to 'False'
[0.957s] Level 5:colcon.colcon_core.verb:set package 'bpx_driver' build argument 'cmake_force_configure' from command line to 'False'
[0.957s] Level 5:colcon.colcon_core.verb:set package 'bpx_driver' build argument 'ament_cmake_args' from command line to 'None'
[0.957s] Level 5:colcon.colcon_core.verb:set package 'bpx_driver' build argument 'catkin_cmake_args' from command line to 'None'
[0.957s] Level 5:colcon.colcon_core.verb:set package 'bpx_driver' build argument 'catkin_skip_building_tests' from command line to 'False'
[0.957s] DEBUG:colcon.colcon_core.verb:Building package 'bpx_driver' with the following arguments: {'ament_cmake_args': None, 'build_base': '/home/dog/nav_ros/build/bpx_driver', 'catkin_cmake_args': None, 'catkin_skip_building_tests': False, 'cmake_args': None, 'cmake_clean_cache': False, 'cmake_clean_first': False, 'cmake_force_configure': False, 'cmake_target': None, 'cmake_target_skip_unavailable': False, 'install_base': '/home/dog/nav_ros/install/bpx_driver', 'merge_install': False, 'path': '/home/dog/nav_ros/src/bpx_driver', 'symlink_install': False, 'test_result_base': None}
[0.957s] Level 5:colcon.colcon_core.verb:set package 'nav2' build argument 'cmake_args' from command line to 'None'
[0.957s] Level 5:colcon.colcon_core.verb:set package 'nav2' build argument 'cmake_target' from command line to 'None'
[0.958s] Level 5:colcon.colcon_core.verb:set package 'nav2' build argument 'cmake_target_skip_unavailable' from command line to 'False'
[0.958s] Level 5:colcon.colcon_core.verb:set package 'nav2' build argument 'cmake_clean_cache' from command line to 'False'
[0.958s] Level 5:colcon.colcon_core.verb:set package 'nav2' build argument 'cmake_clean_first' from command line to 'False'
[0.958s] Level 5:colcon.colcon_core.verb:set package 'nav2' build argument 'cmake_force_configure' from command line to 'False'
[0.958s] Level 5:colcon.colcon_core.verb:set package 'nav2' build argument 'ament_cmake_args' from command line to 'None'
[0.958s] Level 5:colcon.colcon_core.verb:set package 'nav2' build argument 'catkin_cmake_args' from command line to 'None'
[0.958s] Level 5:colcon.colcon_core.verb:set package 'nav2' build argument 'catkin_skip_building_tests' from command line to 'False'
[0.958s] DEBUG:colcon.colcon_core.verb:Building package 'nav2' with the following arguments: {'ament_cmake_args': None, 'build_base': '/home/dog/nav_ros/build/nav2', 'catkin_cmake_args': None, 'catkin_skip_building_tests': False, 'cmake_args': None, 'cmake_clean_cache': False, 'cmake_clean_first': False, 'cmake_force_configure': False, 'cmake_target': None, 'cmake_target_skip_unavailable': False, 'install_base': '/home/dog/nav_ros/install/nav2', 'merge_install': False, 'path': '/home/dog/nav_ros/src/nav2', 'symlink_install': False, 'test_result_base': None}
[0.958s] Level 5:colcon.colcon_core.verb:set package 'rf2o_laser_odometry' build argument 'cmake_args' from command line to 'None'
[0.958s] Level 5:colcon.colcon_core.verb:set package 'rf2o_laser_odometry' build argument 'cmake_target' from command line to 'None'
[0.958s] Level 5:colcon.colcon_core.verb:set package 'rf2o_laser_odometry' build argument 'cmake_target_skip_unavailable' from command line to 'False'
[0.959s] Level 5:colcon.colcon_core.verb:set package 'rf2o_laser_odometry' build argument 'cmake_clean_cache' from command line to 'False'
[0.959s] Level 5:colcon.colcon_core.verb:set package 'rf2o_laser_odometry' build argument 'cmake_clean_first' from command line to 'False'
[0.959s] Level 5:colcon.colcon_core.verb:set package 'rf2o_laser_odometry' build argument 'cmake_force_configure' from command line to 'False'
[0.959s] Level 5:colcon.colcon_core.verb:set package 'rf2o_laser_odometry' build argument 'ament_cmake_args' from command line to 'None'
[0.959s] Level 5:colcon.colcon_core.verb:set package 'rf2o_laser_odometry' build argument 'catkin_cmake_args' from command line to 'None'
[0.959s] Level 5:colcon.colcon_core.verb:set package 'rf2o_laser_odometry' build argument 'catkin_skip_building_tests' from command line to 'False'
[0.959s] DEBUG:colcon.colcon_core.verb:Building package 'rf2o_laser_odometry' with the following arguments: {'ament_cmake_args': None, 'build_base': '/home/dog/nav_ros/build/rf2o_laser_odometry', 'catkin_cmake_args': None, 'catkin_skip_building_tests': False, 'cmake_args': None, 'cmake_clean_cache': False, 'cmake_clean_first': False, 'cmake_force_configure': False, 'cmake_target': None, 'cmake_target_skip_unavailable': False, 'install_base': '/home/dog/nav_ros/install/rf2o_laser_odometry', 'merge_install': False, 'path': '/home/dog/nav_ros/src/rf2o_laser_odometry', 'symlink_install': False, 'test_result_base': None}
[0.959s] Level 5:colcon.colcon_core.verb:set package 'slam' build argument 'cmake_args' from command line to 'None'
[0.959s] Level 5:colcon.colcon_core.verb:set package 'slam' build argument 'cmake_target' from command line to 'None'
[0.959s] Level 5:colcon.colcon_core.verb:set package 'slam' build argument 'cmake_target_skip_unavailable' from command line to 'False'
[0.959s] Level 5:colcon.colcon_core.verb:set package 'slam' build argument 'cmake_clean_cache' from command line to 'False'
[0.959s] Level 5:colcon.colcon_core.verb:set package 'slam' build argument 'cmake_clean_first' from command line to 'False'
[0.960s] Level 5:colcon.colcon_core.verb:set package 'slam' build argument 'cmake_force_configure' from command line to 'False'
[0.960s] Level 5:colcon.colcon_core.verb:set package 'slam' build argument 'ament_cmake_args' from command line to 'None'
[0.960s] Level 5:colcon.colcon_core.verb:set package 'slam' build argument 'catkin_cmake_args' from command line to 'None'
[0.960s] Level 5:colcon.colcon_core.verb:set package 'slam' build argument 'catkin_skip_building_tests' from command line to 'False'
[0.960s] DEBUG:colcon.colcon_core.verb:Building package 'slam' with the following arguments: {'ament_cmake_args': None, 'build_base': '/home/dog/nav_ros/build/slam', 'catkin_cmake_args': None, 'catkin_skip_building_tests': False, 'cmake_args': None, 'cmake_clean_cache': False, 'cmake_clean_first': False, 'cmake_force_configure': False, 'cmake_target': None, 'cmake_target_skip_unavailable': False, 'install_base': '/home/dog/nav_ros/install/slam', 'merge_install': False, 'path': '/home/dog/nav_ros/src/slam', 'symlink_install': False, 'test_result_base': None}
[0.960s] Level 5:colcon.colcon_core.verb:set package 'sllidar_ros2' build argument 'cmake_args' from command line to 'None'
[0.960s] Level 5:colcon.colcon_core.verb:set package 'sllidar_ros2' build argument 'cmake_target' from command line to 'None'
[0.960s] Level 5:colcon.colcon_core.verb:set package 'sllidar_ros2' build argument 'cmake_target_skip_unavailable' from command line to 'False'
[0.960s] Level 5:colcon.colcon_core.verb:set package 'sllidar_ros2' build argument 'cmake_clean_cache' from command line to 'False'
[0.960s] Level 5:colcon.colcon_core.verb:set package 'sllidar_ros2' build argument 'cmake_clean_first' from command line to 'False'
[0.960s] Level 5:colcon.colcon_core.verb:set package 'sllidar_ros2' build argument 'cmake_force_configure' from command line to 'False'
[0.960s] Level 5:colcon.colcon_core.verb:set package 'sllidar_ros2' build argument 'ament_cmake_args' from command line to 'None'
[0.961s] Level 5:colcon.colcon_core.verb:set package 'sllidar_ros2' build argument 'catkin_cmake_args' from command line to 'None'
[0.961s] Level 5:colcon.colcon_core.verb:set package 'sllidar_ros2' build argument 'catkin_skip_building_tests' from command line to 'False'
[0.961s] DEBUG:colcon.colcon_core.verb:Building package 'sllidar_ros2' with the following arguments: {'ament_cmake_args': None, 'build_base': '/home/dog/nav_ros/build/sllidar_ros2', 'catkin_cmake_args': None, 'catkin_skip_building_tests': False, 'cmake_args': None, 'cmake_clean_cache': False, 'cmake_clean_first': False, 'cmake_force_configure': False, 'cmake_target': None, 'cmake_target_skip_unavailable': False, 'install_base': '/home/dog/nav_ros/install/sllidar_ros2', 'merge_install': False, 'path': '/home/dog/nav_ros/src/sllidar_ros2', 'symlink_install': False, 'test_result_base': None}
[0.961s] INFO:colcon.colcon_core.executor:Executing jobs using 'parallel' executor
[0.963s] DEBUG:colcon.colcon_parallel_executor.executor.parallel:run_until_complete
[0.964s] INFO:colcon.colcon_ros.task.ament_cmake.build:Building ROS package in '/home/dog/nav_ros/src/bpx_driver' with build type 'ament_cmake'
[0.964s] INFO:colcon.colcon_cmake.task.cmake.build:Building CMake package in '/home/dog/nav_ros/src/bpx_driver'
[0.970s] INFO:colcon.colcon_core.plugin_system:Skipping extension 'colcon_core.shell.bat': Not used on non-Windows systems
[0.971s] INFO:colcon.colcon_core.shell:Skip shell extension 'powershell' for command environment: Not usable outside of PowerShell
[0.971s] DEBUG:colcon.colcon_core.shell:Skip shell extension 'dsv' for command environment
[0.977s] INFO:colcon.colcon_ros.task.ament_cmake.build:Building ROS package in '/home/dog/nav_ros/src/nav2' with build type 'ament_cmake'
[0.978s] INFO:colcon.colcon_cmake.task.cmake.build:Building CMake package in '/home/dog/nav_ros/src/nav2'
[0.978s] INFO:colcon.colcon_core.shell:Skip shell extension 'powershell' for command environment: Not usable outside of PowerShell
[0.978s] DEBUG:colcon.colcon_core.shell:Skip shell extension 'dsv' for command environment
[0.984s] INFO:colcon.colcon_ros.task.ament_cmake.build:Building ROS package in '/home/dog/nav_ros/src/rf2o_laser_odometry' with build type 'ament_cmake'
[0.984s] INFO:colcon.colcon_cmake.task.cmake.build:Building CMake package in '/home/dog/nav_ros/src/rf2o_laser_odometry'
[0.985s] INFO:colcon.colcon_core.shell:Skip shell extension 'powershell' for command environment: Not usable outside of PowerShell
[0.985s] DEBUG:colcon.colcon_core.shell:Skip shell extension 'dsv' for command environment
[0.990s] INFO:colcon.colcon_ros.task.ament_cmake.build:Building ROS package in '/home/dog/nav_ros/src/slam' with build type 'ament_cmake'
[0.990s] INFO:colcon.colcon_cmake.task.cmake.build:Building CMake package in '/home/dog/nav_ros/src/slam'
[0.991s] INFO:colcon.colcon_core.shell:Skip shell extension 'powershell' for command environment: Not usable outside of PowerShell
[0.991s] DEBUG:colcon.colcon_core.shell:Skip shell extension 'dsv' for command environment
[0.996s] INFO:colcon.colcon_ros.task.ament_cmake.build:Building ROS package in '/home/dog/nav_ros/src/sllidar_ros2' with build type 'ament_cmake'
[0.997s] INFO:colcon.colcon_cmake.task.cmake.build:Building CMake package in '/home/dog/nav_ros/src/sllidar_ros2'
[0.997s] INFO:colcon.colcon_core.shell:Skip shell extension 'powershell' for command environment: Not usable outside of PowerShell
[0.997s] DEBUG:colcon.colcon_core.shell:Skip shell extension 'dsv' for command environment
[1.010s] DEBUG:colcon.colcon_core.event_handler.log_command:Invoking command in '/home/dog/nav_ros/build/bpx_driver': CMAKE_PREFIX_PATH=${CMAKE_PREFIX_PATH}:/opt/ros/humble /usr/bin/cmake /home/dog/nav_ros/src/bpx_driver -DCMAKE_INSTALL_PREFIX=/home/dog/nav_ros/install/bpx_driver
[1.017s] DEBUG:colcon.colcon_core.event_handler.log_command:Invoking command in '/home/dog/nav_ros/build/nav2': CMAKE_PREFIX_PATH=${CMAKE_PREFIX_PATH}:/opt/ros/humble /usr/bin/cmake /home/dog/nav_ros/src/nav2 -DCMAKE_INSTALL_PREFIX=/home/dog/nav_ros/install/nav2
[1.021s] DEBUG:colcon.colcon_core.event_handler.log_command:Invoking command in '/home/dog/nav_ros/build/rf2o_laser_odometry': CMAKE_PREFIX_PATH=${CMAKE_PREFIX_PATH}:/opt/ros/humble /usr/bin/cmake /home/dog/nav_ros/src/rf2o_laser_odometry -DCMAKE_INSTALL_PREFIX=/home/dog/nav_ros/install/rf2o_laser_odometry
[1.024s] DEBUG:colcon.colcon_core.event_handler.log_command:Invoking command in '/home/dog/nav_ros/build/slam': CMAKE_PREFIX_PATH=${CMAKE_PREFIX_PATH}:/opt/ros/humble /usr/bin/cmake /home/dog/nav_ros/src/slam -DCMAKE_INSTALL_PREFIX=/home/dog/nav_ros/install/slam
[1.029s] DEBUG:colcon.colcon_core.event_handler.log_command:Invoking command in '/home/dog/nav_ros/build/sllidar_ros2': CMAKE_PREFIX_PATH=${CMAKE_PREFIX_PATH}:/opt/ros/humble /usr/bin/cmake /home/dog/nav_ros/src/sllidar_ros2 -DCMAKE_INSTALL_PREFIX=/home/dog/nav_ros/install/sllidar_ros2
[2.491s] DEBUG:colcon.colcon_core.event_handler.log_command:Invoked command in '/home/dog/nav_ros/build/slam' returned '0': CMAKE_PREFIX_PATH=${CMAKE_PREFIX_PATH}:/opt/ros/humble /usr/bin/cmake /home/dog/nav_ros/src/slam -DCMAKE_INSTALL_PREFIX=/home/dog/nav_ros/install/slam
[2.495s] DEBUG:colcon.colcon_core.event_handler.log_command:Invoking command in '/home/dog/nav_ros/build/slam': CMAKE_PREFIX_PATH=${CMAKE_PREFIX_PATH}:/opt/ros/humble /usr/bin/cmake --build /home/dog/nav_ros/build/slam -- -j6 -l6
[2.497s] DEBUG:colcon.colcon_core.event_handler.log_command:Invoked command in '/home/dog/nav_ros/build/nav2' returned '0': CMAKE_PREFIX_PATH=${CMAKE_PREFIX_PATH}:/opt/ros/humble /usr/bin/cmake /home/dog/nav_ros/src/nav2 -DCMAKE_INSTALL_PREFIX=/home/dog/nav_ros/install/nav2
[2.499s] DEBUG:colcon.colcon_core.event_handler.log_command:Invoking command in '/home/dog/nav_ros/build/nav2': CMAKE_PREFIX_PATH=${CMAKE_PREFIX_PATH}:/opt/ros/humble /usr/bin/cmake --build /home/dog/nav_ros/build/nav2 -- -j6 -l6
[2.569s] DEBUG:colcon.colcon_core.event_handler.log_command:Invoked command in '/home/dog/nav_ros/build/nav2' returned '0': CMAKE_PREFIX_PATH=${CMAKE_PREFIX_PATH}:/opt/ros/humble /usr/bin/cmake --build /home/dog/nav_ros/build/nav2 -- -j6 -l6
[2.591s] DEBUG:colcon.colcon_core.event_handler.log_command:Invoking command in '/home/dog/nav_ros/build/nav2': CMAKE_PREFIX_PATH=${CMAKE_PREFIX_PATH}:/opt/ros/humble /usr/bin/cmake --install /home/dog/nav_ros/build/nav2
[2.594s] DEBUG:colcon.colcon_core.event_handler.log_command:Invoked command in '/home/dog/nav_ros/build/slam' returned '0': CMAKE_PREFIX_PATH=${CMAKE_PREFIX_PATH}:/opt/ros/humble /usr/bin/cmake --build /home/dog/nav_ros/build/slam -- -j6 -l6
[2.596s] DEBUG:colcon.colcon_core.event_handler.log_command:Invoking command in '/home/dog/nav_ros/build/slam': CMAKE_PREFIX_PATH=${CMAKE_PREFIX_PATH}:/opt/ros/humble /usr/bin/cmake --install /home/dog/nav_ros/build/slam
[2.616s] Level 1:colcon.colcon_core.environment:create_environment_scripts_only(nav2)
[2.620s] DEBUG:colcon.colcon_core.event_handler.log_command:Invoked command in '/home/dog/nav_ros/build/nav2' returned '0': CMAKE_PREFIX_PATH=${CMAKE_PREFIX_PATH}:/opt/ros/humble /usr/bin/cmake --install /home/dog/nav_ros/build/nav2
[2.627s] Level 1:colcon.colcon_core.environment:checking '/home/dog/nav_ros/install/nav2' for CMake module files
[2.628s] Level 1:colcon.colcon_core.environment:checking '/home/dog/nav_ros/install/nav2' for CMake config files
[2.628s] Level 1:colcon.colcon_core.shell:create_environment_hook('nav2', 'cmake_prefix_path')
[2.629s] INFO:colcon.colcon_core.shell:Creating environment hook '/home/dog/nav_ros/install/nav2/share/nav2/hook/cmake_prefix_path.ps1'
[2.630s] INFO:colcon.colcon_core.shell:Creating environment descriptor '/home/dog/nav_ros/install/nav2/share/nav2/hook/cmake_prefix_path.dsv'
[2.631s] INFO:colcon.colcon_core.shell:Creating environment hook '/home/dog/nav_ros/install/nav2/share/nav2/hook/cmake_prefix_path.sh'
[2.633s] Level 1:colcon.colcon_core.environment:checking '/home/dog/nav_ros/install/nav2/bin'
[2.633s] Level 1:colcon.colcon_core.environment:checking '/home/dog/nav_ros/install/nav2/lib/pkgconfig/nav2.pc'
[2.633s] Level 1:colcon.colcon_core.environment:checking '/home/dog/nav_ros/install/nav2/lib/python3.10/site-packages'
[2.634s] Level 1:colcon.colcon_core.environment:checking '/home/dog/nav_ros/install/nav2/bin'
[2.635s] INFO:colcon.colcon_core.shell:Creating package script '/home/dog/nav_ros/install/nav2/share/nav2/package.ps1'
[2.637s] INFO:colcon.colcon_core.shell:Creating package descriptor '/home/dog/nav_ros/install/nav2/share/nav2/package.dsv'
[2.638s] INFO:colcon.colcon_core.shell:Creating package script '/home/dog/nav_ros/install/nav2/share/nav2/package.sh'
[2.639s] INFO:colcon.colcon_core.shell:Creating package script '/home/dog/nav_ros/install/nav2/share/nav2/package.bash'
[2.641s] INFO:colcon.colcon_core.shell:Creating package script '/home/dog/nav_ros/install/nav2/share/nav2/package.zsh'
[2.642s] Level 1:colcon.colcon_core.environment:create_file_with_runtime_dependencies(/home/dog/nav_ros/install/nav2/share/colcon-core/packages/nav2)
[2.643s] Level 1:colcon.colcon_core.environment:create_environment_scripts_only(nav2)
[2.644s] Level 1:colcon.colcon_core.environment:checking '/home/dog/nav_ros/install/nav2' for CMake module files
[2.645s] Level 1:colcon.colcon_core.environment:checking '/home/dog/nav_ros/install/nav2' for CMake config files
[2.645s] Level 1:colcon.colcon_core.shell:create_environment_hook('nav2', 'cmake_prefix_path')
[2.645s] INFO:colcon.colcon_core.shell:Creating environment hook '/home/dog/nav_ros/install/nav2/share/nav2/hook/cmake_prefix_path.ps1'
[2.646s] INFO:colcon.colcon_core.shell:Creating environment descriptor '/home/dog/nav_ros/install/nav2/share/nav2/hook/cmake_prefix_path.dsv'
[2.647s] INFO:colcon.colcon_core.shell:Creating environment hook '/home/dog/nav_ros/install/nav2/share/nav2/hook/cmake_prefix_path.sh'
[2.648s] Level 1:colcon.colcon_core.environment:checking '/home/dog/nav_ros/install/nav2/bin'
[2.648s] Level 1:colcon.colcon_core.environment:checking '/home/dog/nav_ros/install/nav2/lib/pkgconfig/nav2.pc'
[2.649s] Level 1:colcon.colcon_core.environment:checking '/home/dog/nav_ros/install/nav2/lib/python3.10/site-packages'
[2.650s] Level 1:colcon.colcon_core.environment:checking '/home/dog/nav_ros/install/nav2/bin'
[2.650s] INFO:colcon.colcon_core.shell:Creating package script '/home/dog/nav_ros/install/nav2/share/nav2/package.ps1'
[2.652s] INFO:colcon.colcon_core.shell:Creating package descriptor '/home/dog/nav_ros/install/nav2/share/nav2/package.dsv'
[2.653s] INFO:colcon.colcon_core.shell:Creating package script '/home/dog/nav_ros/install/nav2/share/nav2/package.sh'
[2.654s] INFO:colcon.colcon_core.shell:Creating package script '/home/dog/nav_ros/install/nav2/share/nav2/package.bash'
[2.655s] INFO:colcon.colcon_core.shell:Creating package script '/home/dog/nav_ros/install/nav2/share/nav2/package.zsh'
[2.655s] Level 1:colcon.colcon_core.environment:create_file_with_runtime_dependencies(/home/dog/nav_ros/install/nav2/share/colcon-core/packages/nav2)
[2.658s] Level 1:colcon.colcon_core.environment:create_environment_scripts_only(slam)
[2.658s] Level 1:colcon.colcon_core.environment:checking '/home/dog/nav_ros/install/slam' for CMake module files
[2.659s] DEBUG:colcon.colcon_core.event_handler.log_command:Invoked command in '/home/dog/nav_ros/build/slam' returned '0': CMAKE_PREFIX_PATH=${CMAKE_PREFIX_PATH}:/opt/ros/humble /usr/bin/cmake --install /home/dog/nav_ros/build/slam
[2.660s] Level 1:colcon.colcon_core.environment:checking '/home/dog/nav_ros/install/slam' for CMake config files
[2.660s] Level 1:colcon.colcon_core.shell:create_environment_hook('slam', 'cmake_prefix_path')
[2.661s] INFO:colcon.colcon_core.shell:Creating environment hook '/home/dog/nav_ros/install/slam/share/slam/hook/cmake_prefix_path.ps1'
[2.662s] INFO:colcon.colcon_core.shell:Creating environment descriptor '/home/dog/nav_ros/install/slam/share/slam/hook/cmake_prefix_path.dsv'
[2.663s] INFO:colcon.colcon_core.shell:Creating environment hook '/home/dog/nav_ros/install/slam/share/slam/hook/cmake_prefix_path.sh'
[2.664s] Level 1:colcon.colcon_core.environment:checking '/home/dog/nav_ros/install/slam/bin'
[2.664s] Level 1:colcon.colcon_core.environment:checking '/home/dog/nav_ros/install/slam/lib/pkgconfig/slam.pc'
[2.664s] Level 1:colcon.colcon_core.environment:checking '/home/dog/nav_ros/install/slam/lib/python3.10/site-packages'
[2.665s] Level 1:colcon.colcon_core.environment:checking '/home/dog/nav_ros/install/slam/bin'
[2.666s] INFO:colcon.colcon_core.shell:Creating package script '/home/dog/nav_ros/install/slam/share/slam/package.ps1'
[2.667s] INFO:colcon.colcon_core.shell:Creating package descriptor '/home/dog/nav_ros/install/slam/share/slam/package.dsv'
[2.668s] INFO:colcon.colcon_core.shell:Creating package script '/home/dog/nav_ros/install/slam/share/slam/package.sh'
[2.669s] INFO:colcon.colcon_core.shell:Creating package script '/home/dog/nav_ros/install/slam/share/slam/package.bash'
[2.670s] INFO:colcon.colcon_core.shell:Creating package script '/home/dog/nav_ros/install/slam/share/slam/package.zsh'
[2.671s] Level 1:colcon.colcon_core.environment:create_file_with_runtime_dependencies(/home/dog/nav_ros/install/slam/share/colcon-core/packages/slam)
[2.672s] Level 1:colcon.colcon_core.environment:create_environment_scripts_only(slam)
[2.672s] Level 1:colcon.colcon_core.environment:checking '/home/dog/nav_ros/install/slam' for CMake module files
[2.673s] Level 1:colcon.colcon_core.environment:checking '/home/dog/nav_ros/install/slam' for CMake config files
[2.674s] Level 1:colcon.colcon_core.shell:create_environment_hook('slam', 'cmake_prefix_path')
[2.674s] INFO:colcon.colcon_core.shell:Creating environment hook '/home/dog/nav_ros/install/slam/share/slam/hook/cmake_prefix_path.ps1'
[2.675s] INFO:colcon.colcon_core.shell:Creating environment descriptor '/home/dog/nav_ros/install/slam/share/slam/hook/cmake_prefix_path.dsv'
[2.676s] INFO:colcon.colcon_core.shell:Creating environment hook '/home/dog/nav_ros/install/slam/share/slam/hook/cmake_prefix_path.sh'
[2.677s] Level 1:colcon.colcon_core.environment:checking '/home/dog/nav_ros/install/slam/bin'
[2.677s] Level 1:colcon.colcon_core.environment:checking '/home/dog/nav_ros/install/slam/lib/pkgconfig/slam.pc'
[2.678s] Level 1:colcon.colcon_core.environment:checking '/home/dog/nav_ros/install/slam/lib/python3.10/site-packages'
[2.678s] Level 1:colcon.colcon_core.environment:checking '/home/dog/nav_ros/install/slam/bin'
[2.679s] INFO:colcon.colcon_core.shell:Creating package script '/home/dog/nav_ros/install/slam/share/slam/package.ps1'
[2.681s] INFO:colcon.colcon_core.shell:Creating package descriptor '/home/dog/nav_ros/install/slam/share/slam/package.dsv'
[2.682s] INFO:colcon.colcon_core.shell:Creating package script '/home/dog/nav_ros/install/slam/share/slam/package.sh'
[2.683s] INFO:colcon.colcon_core.shell:Creating package script '/home/dog/nav_ros/install/slam/share/slam/package.bash'
[2.684s] INFO:colcon.colcon_core.shell:Creating package script '/home/dog/nav_ros/install/slam/share/slam/package.zsh'
[2.684s] Level 1:colcon.colcon_core.environment:create_file_with_runtime_dependencies(/home/dog/nav_ros/install/slam/share/colcon-core/packages/slam)
[3.648s] DEBUG:colcon.colcon_core.event_handler.log_command:Invoked command in '/home/dog/nav_ros/build/sllidar_ros2' returned '0': CMAKE_PREFIX_PATH=${CMAKE_PREFIX_PATH}:/opt/ros/humble /usr/bin/cmake /home/dog/nav_ros/src/sllidar_ros2 -DCMAKE_INSTALL_PREFIX=/home/dog/nav_ros/install/sllidar_ros2
[3.651s] DEBUG:colcon.colcon_core.event_handler.log_command:Invoking command in '/home/dog/nav_ros/build/sllidar_ros2': CMAKE_PREFIX_PATH=${CMAKE_PREFIX_PATH}:/opt/ros/humble /usr/bin/cmake --build /home/dog/nav_ros/build/sllidar_ros2 -- -j6 -l6
[3.966s] DEBUG:colcon.colcon_core.event_handler.log_command:Invoked command in '/home/dog/nav_ros/build/bpx_driver' returned '0': CMAKE_PREFIX_PATH=${CMAKE_PREFIX_PATH}:/opt/ros/humble /usr/bin/cmake /home/dog/nav_ros/src/bpx_driver -DCMAKE_INSTALL_PREFIX=/home/dog/nav_ros/install/bpx_driver
[3.967s] DEBUG:colcon.colcon_core.event_handler.log_command:Invoking command in '/home/dog/nav_ros/build/bpx_driver': CMAKE_PREFIX_PATH=${CMAKE_PREFIX_PATH}:/opt/ros/humble /usr/bin/cmake --build /home/dog/nav_ros/build/bpx_driver -- -j6 -l6
[4.098s] DEBUG:colcon.colcon_core.event_handler.log_command:Invoked command in '/home/dog/nav_ros/build/rf2o_laser_odometry' returned '0': CMAKE_PREFIX_PATH=${CMAKE_PREFIX_PATH}:/opt/ros/humble /usr/bin/cmake /home/dog/nav_ros/src/rf2o_laser_odometry -DCMAKE_INSTALL_PREFIX=/home/dog/nav_ros/install/rf2o_laser_odometry
[4.105s] DEBUG:colcon.colcon_core.event_handler.log_command:Invoking command in '/home/dog/nav_ros/build/rf2o_laser_odometry': CMAKE_PREFIX_PATH=${CMAKE_PREFIX_PATH}:/opt/ros/humble /usr/bin/cmake --build /home/dog/nav_ros/build/rf2o_laser_odometry -- -j6 -l6
[68.905s] DEBUG:colcon.colcon_core.event_handler.log_command:Invoked command in '/home/dog/nav_ros/build/sllidar_ros2' returned '0': CMAKE_PREFIX_PATH=${CMAKE_PREFIX_PATH}:/opt/ros/humble /usr/bin/cmake --build /home/dog/nav_ros/build/sllidar_ros2 -- -j6 -l6
[68.920s] DEBUG:colcon.colcon_core.event_handler.log_command:Invoking command in '/home/dog/nav_ros/build/sllidar_ros2': CMAKE_PREFIX_PATH=${CMAKE_PREFIX_PATH}:/opt/ros/humble /usr/bin/cmake --install /home/dog/nav_ros/build/sllidar_ros2
[68.978s] Level 1:colcon.colcon_core.environment:create_environment_scripts_only(sllidar_ros2)
[68.981s] Level 1:colcon.colcon_core.environment:checking '/home/dog/nav_ros/install/sllidar_ros2' for CMake module files
[68.983s] DEBUG:colcon.colcon_core.event_handler.log_command:Invoked command in '/home/dog/nav_ros/build/sllidar_ros2' returned '0': CMAKE_PREFIX_PATH=${CMAKE_PREFIX_PATH}:/opt/ros/humble /usr/bin/cmake --install /home/dog/nav_ros/build/sllidar_ros2
[68.985s] Level 1:colcon.colcon_core.environment:checking '/home/dog/nav_ros/install/sllidar_ros2' for CMake config files
[68.985s] Level 1:colcon.colcon_core.shell:create_environment_hook('sllidar_ros2', 'cmake_prefix_path')
[68.986s] INFO:colcon.colcon_core.shell:Creating environment hook '/home/dog/nav_ros/install/sllidar_ros2/share/sllidar_ros2/hook/cmake_prefix_path.ps1'
[68.992s] INFO:colcon.colcon_core.shell:Creating environment descriptor '/home/dog/nav_ros/install/sllidar_ros2/share/sllidar_ros2/hook/cmake_prefix_path.dsv'
[68.995s] INFO:colcon.colcon_core.shell:Creating environment hook '/home/dog/nav_ros/install/sllidar_ros2/share/sllidar_ros2/hook/cmake_prefix_path.sh'
[68.998s] Level 1:colcon.colcon_core.environment:checking '/home/dog/nav_ros/install/sllidar_ros2/lib'
[69.001s] Level 1:colcon.colcon_core.environment:checking '/home/dog/nav_ros/install/sllidar_ros2/bin'
[69.001s] Level 1:colcon.colcon_core.environment:checking '/home/dog/nav_ros/install/sllidar_ros2/lib/pkgconfig/sllidar_ros2.pc'
[69.003s] Level 1:colcon.colcon_core.environment:checking '/home/dog/nav_ros/install/sllidar_ros2/lib/python3.10/site-packages'
[69.004s] Level 1:colcon.colcon_core.environment:checking '/home/dog/nav_ros/install/sllidar_ros2/bin'
[69.005s] INFO:colcon.colcon_core.shell:Creating package script '/home/dog/nav_ros/install/sllidar_ros2/share/sllidar_ros2/package.ps1'
[69.007s] INFO:colcon.colcon_core.shell:Creating package descriptor '/home/dog/nav_ros/install/sllidar_ros2/share/sllidar_ros2/package.dsv'
[69.009s] INFO:colcon.colcon_core.shell:Creating package script '/home/dog/nav_ros/install/sllidar_ros2/share/sllidar_ros2/package.sh'
[69.011s] INFO:colcon.colcon_core.shell:Creating package script '/home/dog/nav_ros/install/sllidar_ros2/share/sllidar_ros2/package.bash'
[69.014s] INFO:colcon.colcon_core.shell:Creating package script '/home/dog/nav_ros/install/sllidar_ros2/share/sllidar_ros2/package.zsh'
[69.016s] Level 1:colcon.colcon_core.environment:create_file_with_runtime_dependencies(/home/dog/nav_ros/install/sllidar_ros2/share/colcon-core/packages/sllidar_ros2)
[69.017s] Level 1:colcon.colcon_core.environment:create_environment_scripts_only(sllidar_ros2)
[69.018s] Level 1:colcon.colcon_core.environment:checking '/home/dog/nav_ros/install/sllidar_ros2' for CMake module files
[69.019s] Level 1:colcon.colcon_core.environment:checking '/home/dog/nav_ros/install/sllidar_ros2' for CMake config files
[69.019s] Level 1:colcon.colcon_core.shell:create_environment_hook('sllidar_ros2', 'cmake_prefix_path')
[69.020s] INFO:colcon.colcon_core.shell:Creating environment hook '/home/dog/nav_ros/install/sllidar_ros2/share/sllidar_ros2/hook/cmake_prefix_path.ps1'
[69.021s] INFO:colcon.colcon_core.shell:Creating environment descriptor '/home/dog/nav_ros/install/sllidar_ros2/share/sllidar_ros2/hook/cmake_prefix_path.dsv'
[69.022s] INFO:colcon.colcon_core.shell:Creating environment hook '/home/dog/nav_ros/install/sllidar_ros2/share/sllidar_ros2/hook/cmake_prefix_path.sh'
[69.023s] Level 1:colcon.colcon_core.environment:checking '/home/dog/nav_ros/install/sllidar_ros2/lib'
[69.024s] Level 1:colcon.colcon_core.environment:checking '/home/dog/nav_ros/install/sllidar_ros2/bin'
[69.024s] Level 1:colcon.colcon_core.environment:checking '/home/dog/nav_ros/install/sllidar_ros2/lib/pkgconfig/sllidar_ros2.pc'
[69.024s] Level 1:colcon.colcon_core.environment:checking '/home/dog/nav_ros/install/sllidar_ros2/lib/python3.10/site-packages'
[69.025s] Level 1:colcon.colcon_core.environment:checking '/home/dog/nav_ros/install/sllidar_ros2/bin'
[69.026s] INFO:colcon.colcon_core.shell:Creating package script '/home/dog/nav_ros/install/sllidar_ros2/share/sllidar_ros2/package.ps1'
[69.027s] INFO:colcon.colcon_core.shell:Creating package descriptor '/home/dog/nav_ros/install/sllidar_ros2/share/sllidar_ros2/package.dsv'
[69.028s] INFO:colcon.colcon_core.shell:Creating package script '/home/dog/nav_ros/install/sllidar_ros2/share/sllidar_ros2/package.sh'
[69.029s] INFO:colcon.colcon_core.shell:Creating package script '/home/dog/nav_ros/install/sllidar_ros2/share/sllidar_ros2/package.bash'
[69.030s] INFO:colcon.colcon_core.shell:Creating package script '/home/dog/nav_ros/install/sllidar_ros2/share/sllidar_ros2/package.zsh'
[69.031s] Level 1:colcon.colcon_core.environment:create_file_with_runtime_dependencies(/home/dog/nav_ros/install/sllidar_ros2/share/colcon-core/packages/sllidar_ros2)
[111.751s] DEBUG:colcon.colcon_core.event_handler.log_command:Invoked command in '/home/dog/nav_ros/build/bpx_driver' returned '0': CMAKE_PREFIX_PATH=${CMAKE_PREFIX_PATH}:/opt/ros/humble /usr/bin/cmake --build /home/dog/nav_ros/build/bpx_driver -- -j6 -l6
[111.797s] DEBUG:colcon.colcon_core.event_handler.log_command:Invoking command in '/home/dog/nav_ros/build/bpx_driver': CMAKE_PREFIX_PATH=${CMAKE_PREFIX_PATH}:/opt/ros/humble /usr/bin/cmake --install /home/dog/nav_ros/build/bpx_driver
[111.869s] Level 1:colcon.colcon_core.environment:create_environment_scripts_only(bpx_driver)
[111.883s] Level 1:colcon.colcon_core.environment:checking '/home/dog/nav_ros/install/bpx_driver' for CMake module files
[111.883s] DEBUG:colcon.colcon_core.event_handler.log_command:Invoked command in '/home/dog/nav_ros/build/bpx_driver' returned '0': CMAKE_PREFIX_PATH=${CMAKE_PREFIX_PATH}:/opt/ros/humble /usr/bin/cmake --install /home/dog/nav_ros/build/bpx_driver
[111.886s] Level 1:colcon.colcon_core.environment:checking '/home/dog/nav_ros/install/bpx_driver' for CMake config files
[111.889s] Level 1:colcon.colcon_core.shell:create_environment_hook('bpx_driver', 'cmake_prefix_path')
[111.891s] INFO:colcon.colcon_core.shell:Creating environment hook '/home/dog/nav_ros/install/bpx_driver/share/bpx_driver/hook/cmake_prefix_path.ps1'
[111.907s] INFO:colcon.colcon_core.shell:Creating environment descriptor '/home/dog/nav_ros/install/bpx_driver/share/bpx_driver/hook/cmake_prefix_path.dsv'
[111.912s] INFO:colcon.colcon_core.shell:Creating environment hook '/home/dog/nav_ros/install/bpx_driver/share/bpx_driver/hook/cmake_prefix_path.sh'
[111.921s] Level 1:colcon.colcon_core.environment:checking '/home/dog/nav_ros/install/bpx_driver/lib'
[111.922s] Level 1:colcon.colcon_core.environment:checking '/home/dog/nav_ros/install/bpx_driver/bin'
[111.922s] Level 1:colcon.colcon_core.environment:checking '/home/dog/nav_ros/install/bpx_driver/lib/pkgconfig/bpx_driver.pc'
[111.928s] Level 1:colcon.colcon_core.environment:checking '/home/dog/nav_ros/install/bpx_driver/lib/python3.10/site-packages'
[111.929s] Level 1:colcon.colcon_core.environment:checking '/home/dog/nav_ros/install/bpx_driver/bin'
[111.931s] INFO:colcon.colcon_core.shell:Creating package script '/home/dog/nav_ros/install/bpx_driver/share/bpx_driver/package.ps1'
[111.934s] INFO:colcon.colcon_core.shell:Creating package descriptor '/home/dog/nav_ros/install/bpx_driver/share/bpx_driver/package.dsv'
[111.936s] INFO:colcon.colcon_core.shell:Creating package script '/home/dog/nav_ros/install/bpx_driver/share/bpx_driver/package.sh'
[111.938s] INFO:colcon.colcon_core.shell:Creating package script '/home/dog/nav_ros/install/bpx_driver/share/bpx_driver/package.bash'
[111.941s] INFO:colcon.colcon_core.shell:Creating package script '/home/dog/nav_ros/install/bpx_driver/share/bpx_driver/package.zsh'
[111.943s] Level 1:colcon.colcon_core.environment:create_file_with_runtime_dependencies(/home/dog/nav_ros/install/bpx_driver/share/colcon-core/packages/bpx_driver)
[111.945s] Level 1:colcon.colcon_core.environment:create_environment_scripts_only(bpx_driver)
[111.946s] Level 1:colcon.colcon_core.environment:checking '/home/dog/nav_ros/install/bpx_driver' for CMake module files
[111.947s] Level 1:colcon.colcon_core.environment:checking '/home/dog/nav_ros/install/bpx_driver' for CMake config files
[111.948s] Level 1:colcon.colcon_core.shell:create_environment_hook('bpx_driver', 'cmake_prefix_path')
[111.948s] INFO:colcon.colcon_core.shell:Creating environment hook '/home/dog/nav_ros/install/bpx_driver/share/bpx_driver/hook/cmake_prefix_path.ps1'
[111.949s] INFO:colcon.colcon_core.shell:Creating environment descriptor '/home/dog/nav_ros/install/bpx_driver/share/bpx_driver/hook/cmake_prefix_path.dsv'
[111.950s] INFO:colcon.colcon_core.shell:Creating environment hook '/home/dog/nav_ros/install/bpx_driver/share/bpx_driver/hook/cmake_prefix_path.sh'
[111.951s] Level 1:colcon.colcon_core.environment:checking '/home/dog/nav_ros/install/bpx_driver/lib'
[111.951s] Level 1:colcon.colcon_core.environment:checking '/home/dog/nav_ros/install/bpx_driver/bin'
[111.951s] Level 1:colcon.colcon_core.environment:checking '/home/dog/nav_ros/install/bpx_driver/lib/pkgconfig/bpx_driver.pc'
[111.952s] Level 1:colcon.colcon_core.environment:checking '/home/dog/nav_ros/install/bpx_driver/lib/python3.10/site-packages'
[111.953s] Level 1:colcon.colcon_core.environment:checking '/home/dog/nav_ros/install/bpx_driver/bin'
[111.953s] INFO:colcon.colcon_core.shell:Creating package script '/home/dog/nav_ros/install/bpx_driver/share/bpx_driver/package.ps1'
[111.955s] INFO:colcon.colcon_core.shell:Creating package descriptor '/home/dog/nav_ros/install/bpx_driver/share/bpx_driver/package.dsv'
[111.956s] INFO:colcon.colcon_core.shell:Creating package script '/home/dog/nav_ros/install/bpx_driver/share/bpx_driver/package.sh'
[111.957s] INFO:colcon.colcon_core.shell:Creating package script '/home/dog/nav_ros/install/bpx_driver/share/bpx_driver/package.bash'
[111.958s] INFO:colcon.colcon_core.shell:Creating package script '/home/dog/nav_ros/install/bpx_driver/share/bpx_driver/package.zsh'
[111.959s] Level 1:colcon.colcon_core.environment:create_file_with_runtime_dependencies(/home/dog/nav_ros/install/bpx_driver/share/colcon-core/packages/bpx_driver)
[158.681s] DEBUG:colcon.colcon_core.event_handler.log_command:Invoked command in '/home/dog/nav_ros/build/rf2o_laser_odometry' returned '0': CMAKE_PREFIX_PATH=${CMAKE_PREFIX_PATH}:/opt/ros/humble /usr/bin/cmake --build /home/dog/nav_ros/build/rf2o_laser_odometry -- -j6 -l6
[158.716s] DEBUG:colcon.colcon_core.event_handler.log_command:Invoking command in '/home/dog/nav_ros/build/rf2o_laser_odometry': CMAKE_PREFIX_PATH=${CMAKE_PREFIX_PATH}:/opt/ros/humble /usr/bin/cmake --install /home/dog/nav_ros/build/rf2o_laser_odometry
[158.767s] Level 1:colcon.colcon_core.environment:create_environment_scripts_only(rf2o_laser_odometry)
[158.779s] Level 1:colcon.colcon_core.environment:checking '/home/dog/nav_ros/install/rf2o_laser_odometry' for CMake module files
[158.780s] DEBUG:colcon.colcon_core.event_handler.log_command:Invoked command in '/home/dog/nav_ros/build/rf2o_laser_odometry' returned '0': CMAKE_PREFIX_PATH=${CMAKE_PREFIX_PATH}:/opt/ros/humble /usr/bin/cmake --install /home/dog/nav_ros/build/rf2o_laser_odometry
[158.782s] Level 1:colcon.colcon_core.environment:checking '/home/dog/nav_ros/install/rf2o_laser_odometry' for CMake config files
[158.784s] Level 1:colcon.colcon_core.shell:create_environment_hook('rf2o_laser_odometry', 'cmake_prefix_path')
[158.787s] INFO:colcon.colcon_core.shell:Creating environment hook '/home/dog/nav_ros/install/rf2o_laser_odometry/share/rf2o_laser_odometry/hook/cmake_prefix_path.ps1'
[158.799s] INFO:colcon.colcon_core.shell:Creating environment descriptor '/home/dog/nav_ros/install/rf2o_laser_odometry/share/rf2o_laser_odometry/hook/cmake_prefix_path.dsv'
[158.803s] INFO:colcon.colcon_core.shell:Creating environment hook '/home/dog/nav_ros/install/rf2o_laser_odometry/share/rf2o_laser_odometry/hook/cmake_prefix_path.sh'
[158.808s] Level 1:colcon.colcon_core.environment:checking '/home/dog/nav_ros/install/rf2o_laser_odometry/lib'
[158.809s] Level 1:colcon.colcon_core.environment:checking '/home/dog/nav_ros/install/rf2o_laser_odometry/bin'
[158.809s] Level 1:colcon.colcon_core.environment:checking '/home/dog/nav_ros/install/rf2o_laser_odometry/lib/pkgconfig/rf2o_laser_odometry.pc'
[158.814s] Level 1:colcon.colcon_core.environment:checking '/home/dog/nav_ros/install/rf2o_laser_odometry/lib/python3.10/site-packages'
[158.815s] Level 1:colcon.colcon_core.environment:checking '/home/dog/nav_ros/install/rf2o_laser_odometry/bin'
[158.816s] INFO:colcon.colcon_core.shell:Creating package script '/home/dog/nav_ros/install/rf2o_laser_odometry/share/rf2o_laser_odometry/package.ps1'
[158.819s] INFO:colcon.colcon_core.shell:Creating package descriptor '/home/dog/nav_ros/install/rf2o_laser_odometry/share/rf2o_laser_odometry/package.dsv'
[158.821s] INFO:colcon.colcon_core.shell:Creating package script '/home/dog/nav_ros/install/rf2o_laser_odometry/share/rf2o_laser_odometry/package.sh'
[158.823s] INFO:colcon.colcon_core.shell:Creating package script '/home/dog/nav_ros/install/rf2o_laser_odometry/share/rf2o_laser_odometry/package.bash'
[158.826s] INFO:colcon.colcon_core.shell:Creating package script '/home/dog/nav_ros/install/rf2o_laser_odometry/share/rf2o_laser_odometry/package.zsh'
[158.827s] Level 1:colcon.colcon_core.environment:create_file_with_runtime_dependencies(/home/dog/nav_ros/install/rf2o_laser_odometry/share/colcon-core/packages/rf2o_laser_odometry)
[158.830s] Level 1:colcon.colcon_core.environment:create_environment_scripts_only(rf2o_laser_odometry)
[158.830s] Level 1:colcon.colcon_core.environment:checking '/home/dog/nav_ros/install/rf2o_laser_odometry' for CMake module files
[158.831s] Level 1:colcon.colcon_core.environment:checking '/home/dog/nav_ros/install/rf2o_laser_odometry' for CMake config files
[158.832s] Level 1:colcon.colcon_core.shell:create_environment_hook('rf2o_laser_odometry', 'cmake_prefix_path')
[158.833s] INFO:colcon.colcon_core.shell:Creating environment hook '/home/dog/nav_ros/install/rf2o_laser_odometry/share/rf2o_laser_odometry/hook/cmake_prefix_path.ps1'
[158.834s] INFO:colcon.colcon_core.shell:Creating environment descriptor '/home/dog/nav_ros/install/rf2o_laser_odometry/share/rf2o_laser_odometry/hook/cmake_prefix_path.dsv'
[158.835s] INFO:colcon.colcon_core.shell:Creating environment hook '/home/dog/nav_ros/install/rf2o_laser_odometry/share/rf2o_laser_odometry/hook/cmake_prefix_path.sh'
[158.836s] Level 1:colcon.colcon_core.environment:checking '/home/dog/nav_ros/install/rf2o_laser_odometry/lib'
[158.836s] Level 1:colcon.colcon_core.environment:checking '/home/dog/nav_ros/install/rf2o_laser_odometry/bin'
[158.837s] Level 1:colcon.colcon_core.environment:checking '/home/dog/nav_ros/install/rf2o_laser_odometry/lib/pkgconfig/rf2o_laser_odometry.pc'
[158.837s] Level 1:colcon.colcon_core.environment:checking '/home/dog/nav_ros/install/rf2o_laser_odometry/lib/python3.10/site-packages'
[158.838s] Level 1:colcon.colcon_core.environment:checking '/home/dog/nav_ros/install/rf2o_laser_odometry/bin'
[158.838s] INFO:colcon.colcon_core.shell:Creating package script '/home/dog/nav_ros/install/rf2o_laser_odometry/share/rf2o_laser_odometry/package.ps1'
[158.840s] INFO:colcon.colcon_core.shell:Creating package descriptor '/home/dog/nav_ros/install/rf2o_laser_odometry/share/rf2o_laser_odometry/package.dsv'
[158.841s] INFO:colcon.colcon_core.shell:Creating package script '/home/dog/nav_ros/install/rf2o_laser_odometry/share/rf2o_laser_odometry/package.sh'
[158.842s] INFO:colcon.colcon_core.shell:Creating package script '/home/dog/nav_ros/install/rf2o_laser_odometry/share/rf2o_laser_odometry/package.bash'
[158.843s] INFO:colcon.colcon_core.shell:Creating package script '/home/dog/nav_ros/install/rf2o_laser_odometry/share/rf2o_laser_odometry/package.zsh'
[158.843s] Level 1:colcon.colcon_core.environment:create_file_with_runtime_dependencies(/home/dog/nav_ros/install/rf2o_laser_odometry/share/colcon-core/packages/rf2o_laser_odometry)
[158.845s] DEBUG:colcon.colcon_parallel_executor.executor.parallel:closing loop
[158.848s] DEBUG:colcon.colcon_parallel_executor.executor.parallel:loop closed
[158.849s] DEBUG:colcon.colcon_parallel_executor.executor.parallel:run_until_complete finished with '0'
[158.850s] DEBUG:colcon.colcon_core.event_reactor:joining thread
[158.857s] DEBUG:colcon.colcon_core.event_reactor:joined thread
[158.859s] INFO:colcon.colcon_core.shell:Creating prefix script '/home/dog/nav_ros/install/local_setup.ps1'
[158.861s] INFO:colcon.colcon_core.shell:Creating prefix util module '/home/dog/nav_ros/install/_local_setup_util_ps1.py'
[158.865s] INFO:colcon.colcon_core.shell:Creating prefix chain script '/home/dog/nav_ros/install/setup.ps1'
[158.869s] INFO:colcon.colcon_core.shell:Creating prefix script '/home/dog/nav_ros/install/local_setup.sh'
[158.870s] INFO:colcon.colcon_core.shell:Creating prefix util module '/home/dog/nav_ros/install/_local_setup_util_sh.py'
[158.871s] INFO:colcon.colcon_core.shell:Creating prefix chain script '/home/dog/nav_ros/install/setup.sh'
[158.874s] INFO:colcon.colcon_core.shell:Creating prefix script '/home/dog/nav_ros/install/local_setup.bash'
[158.875s] INFO:colcon.colcon_core.shell:Creating prefix chain script '/home/dog/nav_ros/install/setup.bash'
[158.877s] INFO:colcon.colcon_core.shell:Creating prefix script '/home/dog/nav_ros/install/local_setup.zsh'
[158.878s] INFO:colcon.colcon_core.shell:Creating prefix chain script '/home/dog/nav_ros/install/setup.zsh'
