[0.047s] Invoking command in '/home/dog/nav_ros/build/rf2o_laser_odometry': CMAKE_PREFIX_PATH=${CMAKE_PREFIX_PATH}:/opt/ros/humble /usr/bin/cmake --build /home/dog/nav_ros/build/rf2o_laser_odometry -- -j6 -l6
[0.155s] [35m[1mConsolidate compiler generated dependencies of target rf2o_laser_odometry[0m
[0.155s] [35m[1mConsolidate compiler generated dependencies of target rf2o_laser_odometry_node[0m
[0.231s] [ 40%] Built target rf2o_laser_odometry
[0.241s] [100%] Built target rf2o_laser_odometry_node
[0.281s] Invoked command in '/home/dog/nav_ros/build/rf2o_laser_odometry' returned '0': CMAKE_PREFIX_PATH=${CMAKE_PREFIX_PATH}:/opt/ros/humble /usr/bin/cmake --build /home/dog/nav_ros/build/rf2o_laser_odometry -- -j6 -l6
[0.283s] Invoking command in '/home/dog/nav_ros/build/rf2o_laser_odometry': CMAKE_PREFIX_PATH=${CMAKE_PREFIX_PATH}:/opt/ros/humble /usr/bin/cmake --install /home/dog/nav_ros/build/rf2o_laser_odometry
[0.310s] -- Install configuration: ""
[0.311s] -- Up-to-date: /home/dog/nav_ros/install/rf2o_laser_odometry/lib/rf2o_laser_odometry/rf2o_laser_odometry_node
[0.312s] -- Up-to-date: /home/dog/nav_ros/install/rf2o_laser_odometry/share/rf2o_laser_odometry/launch
[0.312s] -- Up-to-date: /home/dog/nav_ros/install/rf2o_laser_odometry/share/rf2o_laser_odometry/launch/rf2o_laser_odometry.launch.py
[0.313s] -- Up-to-date: /home/dog/nav_ros/install/rf2o_laser_odometry/share/ament_index/resource_index/package_run_dependencies/rf2o_laser_odometry
[0.313s] -- Up-to-date: /home/dog/nav_ros/install/rf2o_laser_odometry/share/ament_index/resource_index/parent_prefix_path/rf2o_laser_odometry
[0.314s] -- Up-to-date: /home/dog/nav_ros/install/rf2o_laser_odometry/share/rf2o_laser_odometry/environment/ament_prefix_path.sh
[0.315s] -- Up-to-date: /home/dog/nav_ros/install/rf2o_laser_odometry/share/rf2o_laser_odometry/environment/ament_prefix_path.dsv
[0.317s] -- Up-to-date: /home/dog/nav_ros/install/rf2o_laser_odometry/share/rf2o_laser_odometry/environment/path.sh
[0.318s] -- Up-to-date: /home/dog/nav_ros/install/rf2o_laser_odometry/share/rf2o_laser_odometry/environment/path.dsv
[0.319s] -- Up-to-date: /home/dog/nav_ros/install/rf2o_laser_odometry/share/rf2o_laser_odometry/local_setup.bash
[0.321s] -- Up-to-date: /home/dog/nav_ros/install/rf2o_laser_odometry/share/rf2o_laser_odometry/local_setup.sh
[0.322s] -- Up-to-date: /home/dog/nav_ros/install/rf2o_laser_odometry/share/rf2o_laser_odometry/local_setup.zsh
[0.322s] -- Up-to-date: /home/dog/nav_ros/install/rf2o_laser_odometry/share/rf2o_laser_odometry/local_setup.dsv
[0.322s] -- Installing: /home/dog/nav_ros/install/rf2o_laser_odometry/share/rf2o_laser_odometry/package.dsv
[0.324s] -- Up-to-date: /home/dog/nav_ros/install/rf2o_laser_odometry/share/ament_index/resource_index/packages/rf2o_laser_odometry
[0.325s] -- Up-to-date: /home/dog/nav_ros/install/rf2o_laser_odometry/share/rf2o_laser_odometry/cmake/rf2o_laser_odometryConfig.cmake
[0.326s] -- Up-to-date: /home/dog/nav_ros/install/rf2o_laser_odometry/share/rf2o_laser_odometry/cmake/rf2o_laser_odometryConfig-version.cmake
[0.326s] -- Up-to-date: /home/dog/nav_ros/install/rf2o_laser_odometry/share/rf2o_laser_odometry/package.xml
[0.343s] Invoked command in '/home/dog/nav_ros/build/rf2o_laser_odometry' returned '0': CMAKE_PREFIX_PATH=${CMAKE_PREFIX_PATH}:/opt/ros/humble /usr/bin/cmake --install /home/dog/nav_ros/build/rf2o_laser_odometry
