[0.043s] Invoking command in '/home/dog/nav_ros/build/sllidar_ros2': CMAKE_PREFIX_PATH=/opt/ros/humble /usr/bin/cmake --build /home/dog/nav_ros/build/sllidar_ros2 -- -j6 -l6
[0.201s] [ 10%] Built target sllidar_client
[0.209s] [100%] Built target sllidar_node
[0.260s] Invoked command in '/home/dog/nav_ros/build/sllidar_ros2' returned '0': CMAKE_PREFIX_PATH=/opt/ros/humble /usr/bin/cmake --build /home/dog/nav_ros/build/sllidar_ros2 -- -j6 -l6
[0.263s] Invoking command in '/home/dog/nav_ros/build/sllidar_ros2': CMAKE_PREFIX_PATH=/opt/ros/humble /usr/bin/cmake --install /home/dog/nav_ros/build/sllidar_ros2
[0.286s] -- Install configuration: ""
[0.287s] -- Up-to-date: /home/dog/nav_ros/install/sllidar_ros2/share/sllidar_ros2/launch
[0.287s] -- Up-to-date: /home/dog/nav_ros/install/sllidar_ros2/share/sllidar_ros2/launch/view_sllidar_a2m8_launch.py
[0.288s] -- Up-to-date: /home/dog/nav_ros/install/sllidar_ros2/share/sllidar_ros2/launch/view_sllidar_a2m12_launch.py
[0.288s] -- Up-to-date: /home/dog/nav_ros/install/sllidar_ros2/share/sllidar_ros2/launch/view_sllidar_s1_launch.py
[0.288s] -- Up-to-date: /home/dog/nav_ros/install/sllidar_ros2/share/sllidar_ros2/launch/sllidar_s3_launch.py
[0.288s] -- Up-to-date: /home/dog/nav_ros/install/sllidar_ros2/share/sllidar_ros2/launch/sllidar_a2m7_launch.py
[0.289s] -- Up-to-date: /home/dog/nav_ros/install/sllidar_ros2/share/sllidar_ros2/launch/sllidar_s1_tcp_launch.py
[0.289s] -- Up-to-date: /home/dog/nav_ros/install/sllidar_ros2/share/sllidar_ros2/launch/sllidar_s1_launch.py
[0.289s] -- Up-to-date: /home/dog/nav_ros/install/sllidar_ros2/share/sllidar_ros2/launch/sllidar_a2m12_launch .py
[0.290s] -- Up-to-date: /home/dog/nav_ros/install/sllidar_ros2/share/sllidar_ros2/launch/view_sllidar_c1_launch.py
[0.290s] -- Up-to-date: /home/dog/nav_ros/install/sllidar_ros2/share/sllidar_ros2/launch/view_sllidar_a1_launch.py
[0.290s] -- Up-to-date: /home/dog/nav_ros/install/sllidar_ros2/share/sllidar_ros2/launch/view_sllidar_a3_launch.py
[0.290s] -- Up-to-date: /home/dog/nav_ros/install/sllidar_ros2/share/sllidar_ros2/launch/view_sllidar_a2m7_launch.py
[0.291s] -- Up-to-date: /home/dog/nav_ros/install/sllidar_ros2/share/sllidar_ros2/launch/view_sllidar_s1_tcp_launch.py
[0.291s] -- Up-to-date: /home/dog/nav_ros/install/sllidar_ros2/share/sllidar_ros2/launch/sllidar_t1_launch.py
[0.291s] -- Up-to-date: /home/dog/nav_ros/install/sllidar_ros2/share/sllidar_ros2/launch/view_sllidar_s2_launch.py
[0.291s] -- Up-to-date: /home/dog/nav_ros/install/sllidar_ros2/share/sllidar_ros2/launch/view_sllidar_s3_launch.py
[0.291s] -- Up-to-date: /home/dog/nav_ros/install/sllidar_ros2/share/sllidar_ros2/launch/view_sllidar_s2e_launch.py
[0.292s] -- Up-to-date: /home/dog/nav_ros/install/sllidar_ros2/share/sllidar_ros2/launch/sllidar_a3_launch.py
[0.293s] -- Up-to-date: /home/dog/nav_ros/install/sllidar_ros2/share/sllidar_ros2/launch/sllidar_c1_launch.py
[0.293s] -- Up-to-date: /home/dog/nav_ros/install/sllidar_ros2/share/sllidar_ros2/launch/sllidar_a1_launch.py
[0.294s] -- Up-to-date: /home/dog/nav_ros/install/sllidar_ros2/share/sllidar_ros2/launch/sllidar_s2e_launch.py
[0.294s] -- Up-to-date: /home/dog/nav_ros/install/sllidar_ros2/share/sllidar_ros2/launch/view_sllidar_t1_launch.py
[0.294s] -- Up-to-date: /home/dog/nav_ros/install/sllidar_ros2/share/sllidar_ros2/launch/sllidar_s2_launch.py
[0.295s] -- Up-to-date: /home/dog/nav_ros/install/sllidar_ros2/share/sllidar_ros2/launch/sllidar_a2m8_launch.py
[0.295s] -- Up-to-date: /home/dog/nav_ros/install/sllidar_ros2/share/sllidar_ros2/rviz
[0.296s] -- Up-to-date: /home/dog/nav_ros/install/sllidar_ros2/share/sllidar_ros2/rviz/sllidar_ros2.rviz
[0.296s] -- Up-to-date: /home/dog/nav_ros/install/sllidar_ros2/lib/sllidar_ros2/sllidar_node
[0.297s] -- Up-to-date: /home/dog/nav_ros/install/sllidar_ros2/lib/sllidar_ros2/sllidar_client
[0.297s] -- Up-to-date: /home/dog/nav_ros/install/sllidar_ros2/share/ament_index/resource_index/package_run_dependencies/sllidar_ros2
[0.298s] -- Up-to-date: /home/dog/nav_ros/install/sllidar_ros2/share/ament_index/resource_index/parent_prefix_path/sllidar_ros2
[0.298s] -- Up-to-date: /home/dog/nav_ros/install/sllidar_ros2/share/sllidar_ros2/environment/ament_prefix_path.sh
[0.299s] -- Up-to-date: /home/dog/nav_ros/install/sllidar_ros2/share/sllidar_ros2/environment/ament_prefix_path.dsv
[0.300s] -- Up-to-date: /home/dog/nav_ros/install/sllidar_ros2/share/sllidar_ros2/environment/path.sh
[0.301s] -- Up-to-date: /home/dog/nav_ros/install/sllidar_ros2/share/sllidar_ros2/environment/path.dsv
[0.302s] -- Up-to-date: /home/dog/nav_ros/install/sllidar_ros2/share/sllidar_ros2/local_setup.bash
[0.303s] -- Up-to-date: /home/dog/nav_ros/install/sllidar_ros2/share/sllidar_ros2/local_setup.sh
[0.303s] -- Up-to-date: /home/dog/nav_ros/install/sllidar_ros2/share/sllidar_ros2/local_setup.zsh
[0.304s] -- Up-to-date: /home/dog/nav_ros/install/sllidar_ros2/share/sllidar_ros2/local_setup.dsv
[0.305s] -- Installing: /home/dog/nav_ros/install/sllidar_ros2/share/sllidar_ros2/package.dsv
[0.306s] -- Up-to-date: /home/dog/nav_ros/install/sllidar_ros2/share/ament_index/resource_index/packages/sllidar_ros2
[0.306s] -- Up-to-date: /home/dog/nav_ros/install/sllidar_ros2/share/sllidar_ros2/cmake/ament_cmake_export_dependencies-extras.cmake
[0.306s] -- Up-to-date: /home/dog/nav_ros/install/sllidar_ros2/share/sllidar_ros2/cmake/ament_cmake_export_include_directories-extras.cmake
[0.307s] -- Up-to-date: /home/dog/nav_ros/install/sllidar_ros2/share/sllidar_ros2/cmake/sllidar_ros2Config.cmake
[0.307s] -- Up-to-date: /home/dog/nav_ros/install/sllidar_ros2/share/sllidar_ros2/cmake/sllidar_ros2Config-version.cmake
[0.307s] -- Up-to-date: /home/dog/nav_ros/install/sllidar_ros2/share/sllidar_ros2/package.xml
[0.329s] Invoked command in '/home/dog/nav_ros/build/sllidar_ros2' returned '0': CMAKE_PREFIX_PATH=/opt/ros/humble /usr/bin/cmake --install /home/dog/nav_ros/build/sllidar_ros2
