[0.039s] Invoking command in '/home/dog/nav_ros/build/nav2': CMAKE_PREFIX_PATH=/opt/ros/humble /usr/bin/cmake --build /home/dog/nav_ros/build/nav2 -- -j6 -l6
[0.120s] -- Found ament_cmake: 1.3.14 (/opt/ros/humble/share/ament_cmake/cmake)
[0.413s] -- Found ament_lint_auto: 0.12.15 (/opt/ros/humble/share/ament_lint_auto/cmake)
[0.559s] -- Added test 'flake8' to check Python code syntax and style conventions
[0.561s] -- Added test 'lint_cmake' to check CMake code style
[0.562s] -- Added test 'pep257' to check Python code against some of the docstring style conventions in PEP 257
[0.564s] -- Added test 'xmllint' to check XML markup files
[0.566s] -- Configuring done
[0.576s] -- Generating done
[0.580s] -- Build files have been written to: /home/dog/nav_ros/build/nav2
[0.619s] Invoked command in '/home/dog/nav_ros/build/nav2' returned '0': CMAKE_PREFIX_PATH=/opt/ros/humble /usr/bin/cmake --build /home/dog/nav_ros/build/nav2 -- -j6 -l6
[0.623s] Invoking command in '/home/dog/nav_ros/build/nav2': CMAKE_PREFIX_PATH=/opt/ros/humble /usr/bin/cmake --install /home/dog/nav_ros/build/nav2
[0.636s] -- Install configuration: ""
[0.636s] -- Installing: /home/dog/nav_ros/install/nav2/share/nav2/launch
[0.637s] -- Installing: /home/dog/nav_ros/install/nav2/share/nav2/launch/cartographer_nav.launch.py
[0.637s] -- Installing: /home/dog/nav_ros/install/nav2/share/nav2/config
[0.637s] -- Installing: /home/dog/nav_ros/install/nav2/share/nav2/config/nav2_params.yaml
[0.638s] -- Installing: /home/dog/nav_ros/install/nav2/share/nav2/config/my_cartographer_2d.lua
[0.638s] -- Up-to-date: /home/dog/nav_ros/install/nav2/share/ament_index/resource_index/package_run_dependencies/nav2
[0.638s] -- Installing: /home/dog/nav_ros/install/nav2/share/ament_index/resource_index/parent_prefix_path/nav2
[0.639s] -- Up-to-date: /home/dog/nav_ros/install/nav2/share/nav2/environment/ament_prefix_path.sh
[0.639s] -- Installing: /home/dog/nav_ros/install/nav2/share/nav2/environment/ament_prefix_path.dsv
[0.639s] -- Up-to-date: /home/dog/nav_ros/install/nav2/share/nav2/environment/path.sh
[0.640s] -- Installing: /home/dog/nav_ros/install/nav2/share/nav2/environment/path.dsv
[0.640s] -- Up-to-date: /home/dog/nav_ros/install/nav2/share/nav2/local_setup.bash
[0.640s] -- Up-to-date: /home/dog/nav_ros/install/nav2/share/nav2/local_setup.sh
[0.640s] -- Up-to-date: /home/dog/nav_ros/install/nav2/share/nav2/local_setup.zsh
[0.641s] -- Installing: /home/dog/nav_ros/install/nav2/share/nav2/local_setup.dsv
[0.641s] -- Installing: /home/dog/nav_ros/install/nav2/share/nav2/package.dsv
[0.641s] -- Up-to-date: /home/dog/nav_ros/install/nav2/share/ament_index/resource_index/packages/nav2
[0.641s] -- Up-to-date: /home/dog/nav_ros/install/nav2/share/nav2/cmake/nav2Config.cmake
[0.642s] -- Up-to-date: /home/dog/nav_ros/install/nav2/share/nav2/cmake/nav2Config-version.cmake
[0.643s] -- Up-to-date: /home/dog/nav_ros/install/nav2/share/nav2/package.xml
[0.645s] Invoked command in '/home/dog/nav_ros/build/nav2' returned '0': CMAKE_PREFIX_PATH=/opt/ros/humble /usr/bin/cmake --install /home/dog/nav_ros/build/nav2
