[0.057s] Invoking command in '/home/dog/nav_ros/build/nav2': CMAKE_PREFIX_PATH=${CMAKE_PREFIX_PATH}:/opt/ros/humble /usr/bin/cmake --build /home/dog/nav_ros/build/nav2 -- -j6 -l6
[0.185s] Invoked command in '/home/dog/nav_ros/build/nav2' returned '0': CMAKE_PREFIX_PATH=${CMAKE_PREFIX_PATH}:/opt/ros/humble /usr/bin/cmake --build /home/dog/nav_ros/build/nav2 -- -j6 -l6
[0.195s] Invoking command in '/home/dog/nav_ros/build/nav2': CMAKE_PREFIX_PATH=${CMAKE_PREFIX_PATH}:/opt/ros/humble /usr/bin/cmake --install /home/dog/nav_ros/build/nav2
[0.219s] -- Install configuration: ""
[0.219s] -- Up-to-date: /home/dog/nav_ros/install/nav2/share/nav2/launch
[0.219s] -- Up-to-date: /home/dog/nav_ros/install/nav2/share/nav2/launch/cartographer_nav.launch.py
[0.219s] -- Installing: /home/dog/nav_ros/install/nav2/share/nav2/launch/cartographer_localization.launch.py
[0.219s] -- Up-to-date: /home/dog/nav_ros/install/nav2/share/nav2/config
[0.219s] -- Up-to-date: /home/dog/nav_ros/install/nav2/share/nav2/config/nav2_params.yaml
[0.220s] -- Up-to-date: /home/dog/nav_ros/install/nav2/share/nav2/config/my_cartographer_2d.lua
[0.220s] -- Up-to-date: /home/dog/nav_ros/install/nav2/share/nav2/config/my_localization.lua
[0.220s] -- Up-to-date: /home/dog/nav_ros/install/nav2/share/ament_index/resource_index/package_run_dependencies/nav2
[0.220s] -- Up-to-date: /home/dog/nav_ros/install/nav2/share/ament_index/resource_index/parent_prefix_path/nav2
[0.220s] -- Up-to-date: /home/dog/nav_ros/install/nav2/share/nav2/environment/ament_prefix_path.sh
[0.220s] -- Up-to-date: /home/dog/nav_ros/install/nav2/share/nav2/environment/ament_prefix_path.dsv
[0.221s] -- Up-to-date: /home/dog/nav_ros/install/nav2/share/nav2/environment/path.sh
[0.222s] -- Up-to-date: /home/dog/nav_ros/install/nav2/share/nav2/environment/path.dsv
[0.222s] -- Up-to-date: /home/dog/nav_ros/install/nav2/share/nav2/local_setup.bash
[0.222s] -- Up-to-date: /home/dog/nav_ros/install/nav2/share/nav2/local_setup.sh
[0.222s] -- Up-to-date: /home/dog/nav_ros/install/nav2/share/nav2/local_setup.zsh
[0.223s] -- Up-to-date: /home/dog/nav_ros/install/nav2/share/nav2/local_setup.dsv
[0.223s] -- Installing: /home/dog/nav_ros/install/nav2/share/nav2/package.dsv
[0.223s] -- Up-to-date: /home/dog/nav_ros/install/nav2/share/ament_index/resource_index/packages/nav2
[0.223s] -- Up-to-date: /home/dog/nav_ros/install/nav2/share/nav2/cmake/nav2Config.cmake
[0.223s] -- Up-to-date: /home/dog/nav_ros/install/nav2/share/nav2/cmake/nav2Config-version.cmake
[0.223s] -- Up-to-date: /home/dog/nav_ros/install/nav2/share/nav2/package.xml
[0.277s] Invoked command in '/home/dog/nav_ros/build/nav2' returned '0': CMAKE_PREFIX_PATH=${CMAKE_PREFIX_PATH}:/opt/ros/humble /usr/bin/cmake --install /home/dog/nav_ros/build/nav2
