[0.017s] Invoking command in '/home/dog/nav_ros/build/bpx_driver': CMAKE_PREFIX_PATH=/opt/ros/humble /usr/bin/cmake --build /home/dog/nav_ros/build/bpx_driver -- -j6 -l6
[0.105s] Consolidate compiler generated dependencies of target bpx_driver_node
[0.131s] [100%] Built target bpx_driver_node
[0.151s] Invoked command in '/home/dog/nav_ros/build/bpx_driver' returned '0': CMAKE_PREFIX_PATH=/opt/ros/humble /usr/bin/cmake --build /home/dog/nav_ros/build/bpx_driver -- -j6 -l6
[0.170s] Invoking command in '/home/dog/nav_ros/build/bpx_driver': CMAKE_PREFIX_PATH=/opt/ros/humble /usr/bin/cmake --install /home/dog/nav_ros/build/bpx_driver
[0.183s] -- Install configuration: ""
[0.183s] -- Up-to-date: /home/dog/nav_ros/install/bpx_driver/lib/bpx_driver/bpx_driver_node
[0.183s] -- Up-to-date: /home/dog/nav_ros/install/bpx_driver/lib/bpx_driver/libbpx_sdk_aarch64.so
[0.183s] -- Up-to-date: /home/dog/nav_ros/install/bpx_driver/share/bpx_driver/launch
[0.184s] -- Installing: /home/dog/nav_ros/install/bpx_driver/share/bpx_driver/launch/bpx_driver_ekf.launch.py
[0.185s] -- Up-to-date: /home/dog/nav_ros/install/bpx_driver/share/bpx_driver/launch/bpx_driver.launch.py
[0.185s] -- Up-to-date: /home/dog/nav_ros/install/bpx_driver/share/bpx_driver/config
[0.185s] -- Up-to-date: /home/dog/nav_ros/install/bpx_driver/share/bpx_driver/config/bpx_params.yaml
[0.186s] -- Up-to-date: /home/dog/nav_ros/install/bpx_driver/share/bpx_driver/bpx
[0.186s] -- Up-to-date: /home/dog/nav_ros/install/bpx_driver/share/bpx_driver/bpx/urdf
[0.186s] -- Up-to-date: /home/dog/nav_ros/install/bpx_driver/share/bpx_driver/bpx/urdf/bpx.urdf
[0.186s] -- Up-to-date: /home/dog/nav_ros/install/bpx_driver/share/bpx_driver/bpx/meshes
[0.186s] -- Up-to-date: /home/dog/nav_ros/install/bpx_driver/share/bpx_driver/bpx/meshes/hip.mtl
[0.186s] -- Up-to-date: /home/dog/nav_ros/install/bpx_driver/share/bpx_driver/bpx/meshes/calf.mtl
[0.187s] -- Up-to-date: /home/dog/nav_ros/install/bpx_driver/share/bpx_driver/bpx/meshes/hip.obj
[0.187s] -- Up-to-date: /home/dog/nav_ros/install/bpx_driver/share/bpx_driver/bpx/meshes/bpx_body.obj
[0.187s] -- Up-to-date: /home/dog/nav_ros/install/bpx_driver/share/bpx_driver/bpx/meshes/calf.obj
[0.187s] -- Up-to-date: /home/dog/nav_ros/install/bpx_driver/share/bpx_driver/bpx/meshes/bpx_body.mtl
[0.187s] -- Up-to-date: /home/dog/nav_ros/install/bpx_driver/share/bpx_driver/bpx/meshes/l_thigh.obj
[0.187s] -- Up-to-date: /home/dog/nav_ros/install/bpx_driver/share/bpx_driver/bpx/meshes/l_thigh.mtl
[0.187s] -- Up-to-date: /home/dog/nav_ros/install/bpx_driver/share/bpx_driver/bpx/meshes/r_thigh.obj
[0.187s] -- Up-to-date: /home/dog/nav_ros/install/bpx_driver/share/bpx_driver/bpx/meshes/r_thigh.mtl
[0.188s] -- Up-to-date: /home/dog/nav_ros/install/bpx_driver/share/ament_index/resource_index/package_run_dependencies/bpx_driver
[0.188s] -- Up-to-date: /home/dog/nav_ros/install/bpx_driver/share/ament_index/resource_index/parent_prefix_path/bpx_driver
[0.188s] -- Up-to-date: /home/dog/nav_ros/install/bpx_driver/share/bpx_driver/environment/ament_prefix_path.sh
[0.189s] -- Up-to-date: /home/dog/nav_ros/install/bpx_driver/share/bpx_driver/environment/ament_prefix_path.dsv
[0.190s] -- Up-to-date: /home/dog/nav_ros/install/bpx_driver/share/bpx_driver/environment/path.sh
[0.191s] -- Up-to-date: /home/dog/nav_ros/install/bpx_driver/share/bpx_driver/environment/path.dsv
[0.191s] -- Up-to-date: /home/dog/nav_ros/install/bpx_driver/share/bpx_driver/local_setup.bash
[0.192s] -- Up-to-date: /home/dog/nav_ros/install/bpx_driver/share/bpx_driver/local_setup.sh
[0.193s] -- Up-to-date: /home/dog/nav_ros/install/bpx_driver/share/bpx_driver/local_setup.zsh
[0.193s] -- Up-to-date: /home/dog/nav_ros/install/bpx_driver/share/bpx_driver/local_setup.dsv
[0.194s] -- Installing: /home/dog/nav_ros/install/bpx_driver/share/bpx_driver/package.dsv
[0.194s] -- Up-to-date: /home/dog/nav_ros/install/bpx_driver/share/ament_index/resource_index/packages/bpx_driver
[0.195s] -- Up-to-date: /home/dog/nav_ros/install/bpx_driver/share/bpx_driver/cmake/bpx_driverConfig.cmake
[0.195s] -- Up-to-date: /home/dog/nav_ros/install/bpx_driver/share/bpx_driver/cmake/bpx_driverConfig-version.cmake
[0.196s] -- Up-to-date: /home/dog/nav_ros/install/bpx_driver/share/bpx_driver/package.xml
[0.197s] Invoked command in '/home/dog/nav_ros/build/bpx_driver' returned '0': CMAKE_PREFIX_PATH=/opt/ros/humble /usr/bin/cmake --install /home/dog/nav_ros/build/bpx_driver
