-- The C compiler identification is GNU 11.4.0
-- The CXX compiler identification is GNU 11.4.0
-- Detecting C compiler ABI info
-- Detecting C compiler ABI info - done
-- Check for working C compiler: /usr/bin/cc - skipped
-- Detecting C compile features
-- Detecting C compile features - done
-- Detecting CXX compiler ABI info
-- Detecting CXX compiler ABI info - done
-- Check for working CXX compiler: /usr/bin/c++ - skipped
-- Detecting CXX compile features
-- Detecting CXX compile features - done
-- Found ament_cmake: 1.3.14 (/opt/ros/humble/share/ament_cmake/cmake)
-- Found Python3: /usr/bin/python3 (found version "3.10.12") found components: Interpreter 
-- Found rclcpp: 16.0.19 (/opt/ros/humble/share/rclcpp/cmake)
-- Found rosidl_generator_c: 3.1.8 (/opt/ros/humble/share/rosidl_generator_c/cmake)
-- Found rosidl_adapter: 3.1.8 (/opt/ros/humble/share/rosidl_adapter/cmake)
-- Found rosidl_generator_cpp: 3.1.8 (/opt/ros/humble/share/rosidl_generator_cpp/cmake)
-- Using all available rosidl_typesupport_c: rosidl_typesupport_fastrtps_c;rosidl_typesupport_introspection_c
-- Using all available rosidl_typesupport_cpp: rosidl_typesupport_fastrtps_cpp;rosidl_typesupport_introspection_cpp
-- Found rmw_implementation_cmake: 6.1.2 (/opt/ros/humble/share/rmw_implementation_cmake/cmake)
-- Found rmw_fastrtps_cpp: 6.2.10 (/opt/ros/humble/share/rmw_fastrtps_cpp/cmake)
-- Found OpenSSL: /usr/lib/aarch64-linux-gnu/libcrypto.so (found version "3.0.2")  
-- Found FastRTPS: /opt/ros/humble/include  
-- Using RMW implementation 'rmw_fastrtps_cpp' as default
-- Looking for pthread.h
-- Looking for pthread.h - found
-- Performing Test CMAKE_HAVE_LIBC_PTHREAD
-- Performing Test CMAKE_HAVE_LIBC_PTHREAD - Success
-- Found Threads: TRUE  
-- Found geometry_msgs: 4.9.1 (/opt/ros/humble/share/geometry_msgs/cmake)
-- Found sensor_msgs: 4.9.1 (/opt/ros/humble/share/sensor_msgs/cmake)
-- Found nav_msgs: 4.9.1 (/opt/ros/humble/share/nav_msgs/cmake)
-- Found std_srvs: 4.9.1 (/opt/ros/humble/share/std_srvs/cmake)
-- Found tf2: 0.25.20 (/opt/ros/humble/share/tf2/cmake)
-- Found tf2_ros: 0.25.20 (/opt/ros/humble/share/tf2_ros/cmake)
-- Configuring done
-- Generating done
-- Build files have been written to: /home/dog/nav_ros/build/bpx_driver
[ 50%] [32mBuilding CXX object CMakeFiles/bpx_driver_node.dir/src/bpx_driver_node.cpp.o[0m
[100%] [32m[1mLinking CXX executable bpx_driver_node[0m
[100%] Built target bpx_driver_node
-- Install configuration: ""
-- Installing: /home/dog/nav_ros/install/bpx_driver/lib/bpx_driver/bpx_driver_node
-- Set runtime path of "/home/dog/nav_ros/install/bpx_driver/lib/bpx_driver/bpx_driver_node" to "$ORIGIN:/opt/ros/humble/lib"
-- Installing: /home/dog/nav_ros/install/bpx_driver/lib/bpx_driver/libbpx_sdk_aarch64.so
-- Installing: /home/dog/nav_ros/install/bpx_driver/share/bpx_driver/launch
-- Installing: /home/dog/nav_ros/install/bpx_driver/share/bpx_driver/launch/bpx_driver.launch.py
-- Installing: /home/dog/nav_ros/install/bpx_driver/share/bpx_driver/config
-- Installing: /home/dog/nav_ros/install/bpx_driver/share/bpx_driver/config/bpx_params.yaml
-- Installing: /home/dog/nav_ros/install/bpx_driver/share/bpx_driver/bpx
-- Installing: /home/dog/nav_ros/install/bpx_driver/share/bpx_driver/bpx/urdf
-- Installing: /home/dog/nav_ros/install/bpx_driver/share/bpx_driver/bpx/urdf/bpx.urdf
-- Installing: /home/dog/nav_ros/install/bpx_driver/share/bpx_driver/bpx/meshes
-- Installing: /home/dog/nav_ros/install/bpx_driver/share/bpx_driver/bpx/meshes/hip.mtl
-- Installing: /home/dog/nav_ros/install/bpx_driver/share/bpx_driver/bpx/meshes/calf.mtl
-- Installing: /home/dog/nav_ros/install/bpx_driver/share/bpx_driver/bpx/meshes/hip.obj
-- Installing: /home/dog/nav_ros/install/bpx_driver/share/bpx_driver/bpx/meshes/bpx_body.obj
-- Installing: /home/dog/nav_ros/install/bpx_driver/share/bpx_driver/bpx/meshes/calf.obj
-- Installing: /home/dog/nav_ros/install/bpx_driver/share/bpx_driver/bpx/meshes/bpx_body.mtl
-- Installing: /home/dog/nav_ros/install/bpx_driver/share/bpx_driver/bpx/meshes/l_thigh.obj
-- Installing: /home/dog/nav_ros/install/bpx_driver/share/bpx_driver/bpx/meshes/l_thigh.mtl
-- Installing: /home/dog/nav_ros/install/bpx_driver/share/bpx_driver/bpx/meshes/r_thigh.obj
-- Installing: /home/dog/nav_ros/install/bpx_driver/share/bpx_driver/bpx/meshes/r_thigh.mtl
-- Installing: /home/dog/nav_ros/install/bpx_driver/share/ament_index/resource_index/package_run_dependencies/bpx_driver
-- Installing: /home/dog/nav_ros/install/bpx_driver/share/ament_index/resource_index/parent_prefix_path/bpx_driver
-- Installing: /home/dog/nav_ros/install/bpx_driver/share/bpx_driver/environment/ament_prefix_path.sh
-- Installing: /home/dog/nav_ros/install/bpx_driver/share/bpx_driver/environment/ament_prefix_path.dsv
-- Installing: /home/dog/nav_ros/install/bpx_driver/share/bpx_driver/environment/path.sh
-- Installing: /home/dog/nav_ros/install/bpx_driver/share/bpx_driver/environment/path.dsv
-- Installing: /home/dog/nav_ros/install/bpx_driver/share/bpx_driver/local_setup.bash
-- Installing: /home/dog/nav_ros/install/bpx_driver/share/bpx_driver/local_setup.sh
-- Installing: /home/dog/nav_ros/install/bpx_driver/share/bpx_driver/local_setup.zsh
-- Installing: /home/dog/nav_ros/install/bpx_driver/share/bpx_driver/local_setup.dsv
-- Installing: /home/dog/nav_ros/install/bpx_driver/share/bpx_driver/package.dsv
-- Installing: /home/dog/nav_ros/install/bpx_driver/share/ament_index/resource_index/packages/bpx_driver
-- Installing: /home/dog/nav_ros/install/bpx_driver/share/bpx_driver/cmake/bpx_driverConfig.cmake
-- Installing: /home/dog/nav_ros/install/bpx_driver/share/bpx_driver/cmake/bpx_driverConfig-version.cmake
-- Installing: /home/dog/nav_ros/install/bpx_driver/share/bpx_driver/package.xml
