[0.045s] Invoking command in '/home/dog/nav_ros/build/bpx_driver': CMAKE_PREFIX_PATH=${CMAKE_PREFIX_PATH}:/opt/ros/humble /usr/bin/cmake /home/dog/nav_ros/src/bpx_driver -DCMAKE_INSTALL_PREFIX=/home/dog/nav_ros/install/bpx_driver
[0.240s] -- The C compiler identification is GNU 11.4.0
[0.378s] -- The CXX compiler identification is GNU 11.4.0
[0.402s] -- Detecting C compiler ABI info
[0.556s] -- Detecting C compiler ABI info - done
[0.571s] -- Check for working C compiler: /usr/bin/cc - skipped
[0.572s] -- Detecting C compile features
[0.573s] -- Detecting C compile features - done
[0.582s] -- Detecting CXX compiler ABI info
[0.742s] -- Detecting CXX compiler ABI info - done
[0.764s] -- Check for working CXX compiler: /usr/bin/c++ - skipped
[0.765s] -- Detecting CXX compile features
[0.766s] -- Detecting CXX compile features - done
[0.772s] -- Found ament_cmake: 1.3.14 (/opt/ros/humble/share/ament_cmake/cmake)
[1.091s] -- Found Python3: /usr/bin/python3 (found version "3.10.12") found components: Interpreter 
[1.322s] -- Found rclcpp: 16.0.19 (/opt/ros/humble/share/rclcpp/cmake)
[1.421s] -- Found rosidl_generator_c: 3.1.8 (/opt/ros/humble/share/rosidl_generator_c/cmake)
[1.431s] -- Found rosidl_adapter: 3.1.8 (/opt/ros/humble/share/rosidl_adapter/cmake)
[1.451s] -- Found rosidl_generator_cpp: 3.1.8 (/opt/ros/humble/share/rosidl_generator_cpp/cmake)
[1.480s] -- Using all available rosidl_typesupport_c: rosidl_typesupport_fastrtps_c;rosidl_typesupport_introspection_c
[1.519s] -- Using all available rosidl_typesupport_cpp: rosidl_typesupport_fastrtps_cpp;rosidl_typesupport_introspection_cpp
[1.620s] -- Found rmw_implementation_cmake: 6.1.2 (/opt/ros/humble/share/rmw_implementation_cmake/cmake)
[1.627s] -- Found rmw_fastrtps_cpp: 6.2.10 (/opt/ros/humble/share/rmw_fastrtps_cpp/cmake)
[1.803s] -- Found OpenSSL: /usr/lib/aarch64-linux-gnu/libcrypto.so (found version "3.0.2")  
[1.858s] -- Found FastRTPS: /opt/ros/humble/include  
[1.941s] -- Using RMW implementation 'rmw_fastrtps_cpp' as default
[1.962s] -- Looking for pthread.h
[2.111s] -- Looking for pthread.h - found
[2.112s] -- Performing Test CMAKE_HAVE_LIBC_PTHREAD
[2.253s] -- Performing Test CMAKE_HAVE_LIBC_PTHREAD - Success
[2.255s] -- Found Threads: TRUE  
[2.388s] -- Found geometry_msgs: 4.9.1 (/opt/ros/humble/share/geometry_msgs/cmake)
[2.417s] -- Found sensor_msgs: 4.9.1 (/opt/ros/humble/share/sensor_msgs/cmake)
[2.451s] -- Found nav_msgs: 4.9.1 (/opt/ros/humble/share/nav_msgs/cmake)
[2.487s] -- Found std_srvs: 4.9.1 (/opt/ros/humble/share/std_srvs/cmake)
[2.506s] -- Found tf2: 0.25.20 (/opt/ros/humble/share/tf2/cmake)
[2.527s] -- Found tf2_ros: 0.25.20 (/opt/ros/humble/share/tf2_ros/cmake)
[2.849s] -- Configuring done
[2.915s] -- Generating done
[2.925s] -- Build files have been written to: /home/dog/nav_ros/build/bpx_driver
[3.001s] Invoked command in '/home/dog/nav_ros/build/bpx_driver' returned '0': CMAKE_PREFIX_PATH=${CMAKE_PREFIX_PATH}:/opt/ros/humble /usr/bin/cmake /home/dog/nav_ros/src/bpx_driver -DCMAKE_INSTALL_PREFIX=/home/dog/nav_ros/install/bpx_driver
[3.002s] Invoking command in '/home/dog/nav_ros/build/bpx_driver': CMAKE_PREFIX_PATH=${CMAKE_PREFIX_PATH}:/opt/ros/humble /usr/bin/cmake --build /home/dog/nav_ros/build/bpx_driver -- -j6 -l6
[3.125s] [ 50%] [32mBuilding CXX object CMakeFiles/bpx_driver_node.dir/src/bpx_driver_node.cpp.o[0m
[109.260s] [100%] [32m[1mLinking CXX executable bpx_driver_node[0m
[110.707s] [100%] Built target bpx_driver_node
[110.782s] Invoked command in '/home/dog/nav_ros/build/bpx_driver' returned '0': CMAKE_PREFIX_PATH=${CMAKE_PREFIX_PATH}:/opt/ros/humble /usr/bin/cmake --build /home/dog/nav_ros/build/bpx_driver -- -j6 -l6
[110.829s] Invoking command in '/home/dog/nav_ros/build/bpx_driver': CMAKE_PREFIX_PATH=${CMAKE_PREFIX_PATH}:/opt/ros/humble /usr/bin/cmake --install /home/dog/nav_ros/build/bpx_driver
[110.843s] -- Install configuration: ""
[110.844s] -- Installing: /home/dog/nav_ros/install/bpx_driver/lib/bpx_driver/bpx_driver_node
[110.855s] -- Set runtime path of "/home/dog/nav_ros/install/bpx_driver/lib/bpx_driver/bpx_driver_node" to "$ORIGIN:/opt/ros/humble/lib"
[110.855s] -- Installing: /home/dog/nav_ros/install/bpx_driver/lib/bpx_driver/libbpx_sdk_aarch64.so
[110.856s] -- Installing: /home/dog/nav_ros/install/bpx_driver/share/bpx_driver/launch
[110.856s] -- Installing: /home/dog/nav_ros/install/bpx_driver/share/bpx_driver/launch/bpx_driver.launch.py
[110.857s] -- Installing: /home/dog/nav_ros/install/bpx_driver/share/bpx_driver/config
[110.857s] -- Installing: /home/dog/nav_ros/install/bpx_driver/share/bpx_driver/config/bpx_params.yaml
[110.857s] -- Installing: /home/dog/nav_ros/install/bpx_driver/share/bpx_driver/bpx
[110.857s] -- Installing: /home/dog/nav_ros/install/bpx_driver/share/bpx_driver/bpx/urdf
[110.858s] -- Installing: /home/dog/nav_ros/install/bpx_driver/share/bpx_driver/bpx/urdf/bpx.urdf
[110.859s] -- Installing: /home/dog/nav_ros/install/bpx_driver/share/bpx_driver/bpx/meshes
[110.859s] -- Installing: /home/dog/nav_ros/install/bpx_driver/share/bpx_driver/bpx/meshes/hip.mtl
[110.859s] -- Installing: /home/dog/nav_ros/install/bpx_driver/share/bpx_driver/bpx/meshes/calf.mtl
[110.860s] -- Installing: /home/dog/nav_ros/install/bpx_driver/share/bpx_driver/bpx/meshes/hip.obj
[110.863s] -- Installing: /home/dog/nav_ros/install/bpx_driver/share/bpx_driver/bpx/meshes/bpx_body.obj
[110.881s] -- Installing: /home/dog/nav_ros/install/bpx_driver/share/bpx_driver/bpx/meshes/calf.obj
[110.882s] -- Installing: /home/dog/nav_ros/install/bpx_driver/share/bpx_driver/bpx/meshes/bpx_body.mtl
[110.882s] -- Installing: /home/dog/nav_ros/install/bpx_driver/share/bpx_driver/bpx/meshes/l_thigh.obj
[110.886s] -- Installing: /home/dog/nav_ros/install/bpx_driver/share/bpx_driver/bpx/meshes/l_thigh.mtl
[110.886s] -- Installing: /home/dog/nav_ros/install/bpx_driver/share/bpx_driver/bpx/meshes/r_thigh.obj
[110.889s] -- Installing: /home/dog/nav_ros/install/bpx_driver/share/bpx_driver/bpx/meshes/r_thigh.mtl
[110.890s] -- Installing: /home/dog/nav_ros/install/bpx_driver/share/ament_index/resource_index/package_run_dependencies/bpx_driver
[110.890s] -- Installing: /home/dog/nav_ros/install/bpx_driver/share/ament_index/resource_index/parent_prefix_path/bpx_driver
[110.893s] -- Installing: /home/dog/nav_ros/install/bpx_driver/share/bpx_driver/environment/ament_prefix_path.sh
[110.893s] -- Installing: /home/dog/nav_ros/install/bpx_driver/share/bpx_driver/environment/ament_prefix_path.dsv
[110.894s] -- Installing: /home/dog/nav_ros/install/bpx_driver/share/bpx_driver/environment/path.sh
[110.894s] -- Installing: /home/dog/nav_ros/install/bpx_driver/share/bpx_driver/environment/path.dsv
[110.894s] -- Installing: /home/dog/nav_ros/install/bpx_driver/share/bpx_driver/local_setup.bash
[110.895s] -- Installing: /home/dog/nav_ros/install/bpx_driver/share/bpx_driver/local_setup.sh
[110.895s] -- Installing: /home/dog/nav_ros/install/bpx_driver/share/bpx_driver/local_setup.zsh
[110.895s] -- Installing: /home/dog/nav_ros/install/bpx_driver/share/bpx_driver/local_setup.dsv
[110.896s] -- Installing: /home/dog/nav_ros/install/bpx_driver/share/bpx_driver/package.dsv
[110.896s] -- Installing: /home/dog/nav_ros/install/bpx_driver/share/ament_index/resource_index/packages/bpx_driver
[110.897s] -- Installing: /home/dog/nav_ros/install/bpx_driver/share/bpx_driver/cmake/bpx_driverConfig.cmake
[110.897s] -- Installing: /home/dog/nav_ros/install/bpx_driver/share/bpx_driver/cmake/bpx_driverConfig-version.cmake
[110.898s] -- Installing: /home/dog/nav_ros/install/bpx_driver/share/bpx_driver/package.xml
[110.916s] Invoked command in '/home/dog/nav_ros/build/bpx_driver' returned '0': CMAKE_PREFIX_PATH=${CMAKE_PREFIX_PATH}:/opt/ros/humble /usr/bin/cmake --install /home/dog/nav_ros/build/bpx_driver
