[1.461s] Invoking command in '/home/dog/nav_ros/bpx_ekf_odom_ros': PYTHONPATH=/home/dog/nav_ros/build/bpx_ekf_odom_ros/prefix_override:/usr/lib/python3/dist-packages/colcon_core/task/python/colcon_distutils_commands:/home/dog/nav_ros/install/bpx_ekf_odom_ros/lib/python3.10/site-packages:${PYTHONPATH} /usr/bin/python3 -W ignore:setup.py install is deprecated -W ignore:easy_install command is deprecated setup.py egg_info --egg-base ../build/bpx_ekf_odom_ros build --build-base /home/dog/nav_ros/build/bpx_ekf_odom_ros/build install --record /home/dog/nav_ros/build/bpx_ekf_odom_ros/install.log --single-version-externally-managed install_data
[1.944s] running egg_info
[1.944s] creating ../build/bpx_ekf_odom_ros/bpx_ekf_odom_ros.egg-info
[1.945s] writing ../build/bpx_ekf_odom_ros/bpx_ekf_odom_ros.egg-info/PKG-INFO
[1.945s] writing dependency_links to ../build/bpx_ekf_odom_ros/bpx_ekf_odom_ros.egg-info/dependency_links.txt
[1.946s] writing entry points to ../build/bpx_ekf_odom_ros/bpx_ekf_odom_ros.egg-info/entry_points.txt
[1.946s] writing requirements to ../build/bpx_ekf_odom_ros/bpx_ekf_odom_ros.egg-info/requires.txt
[1.946s] writing top-level names to ../build/bpx_ekf_odom_ros/bpx_ekf_odom_ros.egg-info/top_level.txt
[1.947s] writing manifest file '../build/bpx_ekf_odom_ros/bpx_ekf_odom_ros.egg-info/SOURCES.txt'
[1.950s] reading manifest file '../build/bpx_ekf_odom_ros/bpx_ekf_odom_ros.egg-info/SOURCES.txt'
[1.951s] writing manifest file '../build/bpx_ekf_odom_ros/bpx_ekf_odom_ros.egg-info/SOURCES.txt'
[1.952s] running build
[1.952s] running build_py
[1.952s] creating /home/dog/nav_ros/build/bpx_ekf_odom_ros/build
[1.952s] creating /home/dog/nav_ros/build/bpx_ekf_odom_ros/build/lib
[1.953s] creating /home/dog/nav_ros/build/bpx_ekf_odom_ros/build/lib/bpx_ekf_odom_ros
[1.953s] copying bpx_ekf_odom_ros/data_loader.py -> /home/dog/nav_ros/build/bpx_ekf_odom_ros/build/lib/bpx_ekf_odom_ros
[1.953s] copying bpx_ekf_odom_ros/ekf_core.py -> /home/dog/nav_ros/build/bpx_ekf_odom_ros/build/lib/bpx_ekf_odom_ros
[1.954s] copying bpx_ekf_odom_ros/__init__.py -> /home/dog/nav_ros/build/bpx_ekf_odom_ros/build/lib/bpx_ekf_odom_ros
[1.954s] copying bpx_ekf_odom_ros/config.py -> /home/dog/nav_ros/build/bpx_ekf_odom_ros/build/lib/bpx_ekf_odom_ros
[1.954s] copying bpx_ekf_odom_ros/kinematics.py -> /home/dog/nav_ros/build/bpx_ekf_odom_ros/build/lib/bpx_ekf_odom_ros
[1.955s] copying bpx_ekf_odom_ros/adaptive_obs.py -> /home/dog/nav_ros/build/bpx_ekf_odom_ros/build/lib/bpx_ekf_odom_ros
[1.955s] copying bpx_ekf_odom_ros/csv_player.py -> /home/dog/nav_ros/build/bpx_ekf_odom_ros/build/lib/bpx_ekf_odom_ros
[1.956s] copying bpx_ekf_odom_ros/walk_measure.py -> /home/dog/nav_ros/build/bpx_ekf_odom_ros/build/lib/bpx_ekf_odom_ros
[1.956s] copying bpx_ekf_odom_ros/preprocessor.py -> /home/dog/nav_ros/build/bpx_ekf_odom_ros/build/lib/bpx_ekf_odom_ros
[1.957s] copying bpx_ekf_odom_ros/contact_detector.py -> /home/dog/nav_ros/build/bpx_ekf_odom_ros/build/lib/bpx_ekf_odom_ros
[1.957s] copying bpx_ekf_odom_ros/ekf_odom_node.py -> /home/dog/nav_ros/build/bpx_ekf_odom_ros/build/lib/bpx_ekf_odom_ros
[1.957s] copying bpx_ekf_odom_ros/odom_recorder.py -> /home/dog/nav_ros/build/bpx_ekf_odom_ros/build/lib/bpx_ekf_odom_ros
[1.958s] copying bpx_ekf_odom_ros/run_odometry.py -> /home/dog/nav_ros/build/bpx_ekf_odom_ros/build/lib/bpx_ekf_odom_ros
[1.959s] running install
[1.960s] running install_lib
[1.961s] creating /home/dog/nav_ros/install/bpx_ekf_odom_ros/lib/python3.10/site-packages/bpx_ekf_odom_ros
[1.961s] copying /home/dog/nav_ros/build/bpx_ekf_odom_ros/build/lib/bpx_ekf_odom_ros/data_loader.py -> /home/dog/nav_ros/install/bpx_ekf_odom_ros/lib/python3.10/site-packages/bpx_ekf_odom_ros
[1.962s] copying /home/dog/nav_ros/build/bpx_ekf_odom_ros/build/lib/bpx_ekf_odom_ros/ekf_core.py -> /home/dog/nav_ros/install/bpx_ekf_odom_ros/lib/python3.10/site-packages/bpx_ekf_odom_ros
[1.962s] copying /home/dog/nav_ros/build/bpx_ekf_odom_ros/build/lib/bpx_ekf_odom_ros/__init__.py -> /home/dog/nav_ros/install/bpx_ekf_odom_ros/lib/python3.10/site-packages/bpx_ekf_odom_ros
[1.962s] copying /home/dog/nav_ros/build/bpx_ekf_odom_ros/build/lib/bpx_ekf_odom_ros/config.py -> /home/dog/nav_ros/install/bpx_ekf_odom_ros/lib/python3.10/site-packages/bpx_ekf_odom_ros
[1.963s] copying /home/dog/nav_ros/build/bpx_ekf_odom_ros/build/lib/bpx_ekf_odom_ros/kinematics.py -> /home/dog/nav_ros/install/bpx_ekf_odom_ros/lib/python3.10/site-packages/bpx_ekf_odom_ros
[1.963s] copying /home/dog/nav_ros/build/bpx_ekf_odom_ros/build/lib/bpx_ekf_odom_ros/adaptive_obs.py -> /home/dog/nav_ros/install/bpx_ekf_odom_ros/lib/python3.10/site-packages/bpx_ekf_odom_ros
[1.963s] copying /home/dog/nav_ros/build/bpx_ekf_odom_ros/build/lib/bpx_ekf_odom_ros/csv_player.py -> /home/dog/nav_ros/install/bpx_ekf_odom_ros/lib/python3.10/site-packages/bpx_ekf_odom_ros
[1.963s] copying /home/dog/nav_ros/build/bpx_ekf_odom_ros/build/lib/bpx_ekf_odom_ros/walk_measure.py -> /home/dog/nav_ros/install/bpx_ekf_odom_ros/lib/python3.10/site-packages/bpx_ekf_odom_ros
[1.964s] copying /home/dog/nav_ros/build/bpx_ekf_odom_ros/build/lib/bpx_ekf_odom_ros/preprocessor.py -> /home/dog/nav_ros/install/bpx_ekf_odom_ros/lib/python3.10/site-packages/bpx_ekf_odom_ros
[1.964s] copying /home/dog/nav_ros/build/bpx_ekf_odom_ros/build/lib/bpx_ekf_odom_ros/contact_detector.py -> /home/dog/nav_ros/install/bpx_ekf_odom_ros/lib/python3.10/site-packages/bpx_ekf_odom_ros
[1.964s] copying /home/dog/nav_ros/build/bpx_ekf_odom_ros/build/lib/bpx_ekf_odom_ros/ekf_odom_node.py -> /home/dog/nav_ros/install/bpx_ekf_odom_ros/lib/python3.10/site-packages/bpx_ekf_odom_ros
[1.964s] copying /home/dog/nav_ros/build/bpx_ekf_odom_ros/build/lib/bpx_ekf_odom_ros/odom_recorder.py -> /home/dog/nav_ros/install/bpx_ekf_odom_ros/lib/python3.10/site-packages/bpx_ekf_odom_ros
[1.965s] copying /home/dog/nav_ros/build/bpx_ekf_odom_ros/build/lib/bpx_ekf_odom_ros/run_odometry.py -> /home/dog/nav_ros/install/bpx_ekf_odom_ros/lib/python3.10/site-packages/bpx_ekf_odom_ros
[1.966s] byte-compiling /home/dog/nav_ros/install/bpx_ekf_odom_ros/lib/python3.10/site-packages/bpx_ekf_odom_ros/data_loader.py to data_loader.cpython-310.pyc
[1.973s] byte-compiling /home/dog/nav_ros/install/bpx_ekf_odom_ros/lib/python3.10/site-packages/bpx_ekf_odom_ros/ekf_core.py to ekf_core.cpython-310.pyc
[1.976s] byte-compiling /home/dog/nav_ros/install/bpx_ekf_odom_ros/lib/python3.10/site-packages/bpx_ekf_odom_ros/__init__.py to __init__.cpython-310.pyc
[1.977s] byte-compiling /home/dog/nav_ros/install/bpx_ekf_odom_ros/lib/python3.10/site-packages/bpx_ekf_odom_ros/config.py to config.cpython-310.pyc
[1.978s] byte-compiling /home/dog/nav_ros/install/bpx_ekf_odom_ros/lib/python3.10/site-packages/bpx_ekf_odom_ros/kinematics.py to kinematics.cpython-310.pyc
[1.980s] byte-compiling /home/dog/nav_ros/install/bpx_ekf_odom_ros/lib/python3.10/site-packages/bpx_ekf_odom_ros/adaptive_obs.py to adaptive_obs.cpython-310.pyc
[1.982s] byte-compiling /home/dog/nav_ros/install/bpx_ekf_odom_ros/lib/python3.10/site-packages/bpx_ekf_odom_ros/csv_player.py to csv_player.cpython-310.pyc
[1.984s] byte-compiling /home/dog/nav_ros/install/bpx_ekf_odom_ros/lib/python3.10/site-packages/bpx_ekf_odom_ros/walk_measure.py to walk_measure.cpython-310.pyc
[1.986s] byte-compiling /home/dog/nav_ros/install/bpx_ekf_odom_ros/lib/python3.10/site-packages/bpx_ekf_odom_ros/preprocessor.py to preprocessor.cpython-310.pyc
[1.993s] byte-compiling /home/dog/nav_ros/install/bpx_ekf_odom_ros/lib/python3.10/site-packages/bpx_ekf_odom_ros/contact_detector.py to contact_detector.cpython-310.pyc
[1.996s] byte-compiling /home/dog/nav_ros/install/bpx_ekf_odom_ros/lib/python3.10/site-packages/bpx_ekf_odom_ros/ekf_odom_node.py to ekf_odom_node.cpython-310.pyc
[2.000s] byte-compiling /home/dog/nav_ros/install/bpx_ekf_odom_ros/lib/python3.10/site-packages/bpx_ekf_odom_ros/odom_recorder.py to odom_recorder.cpython-310.pyc
[2.002s] byte-compiling /home/dog/nav_ros/install/bpx_ekf_odom_ros/lib/python3.10/site-packages/bpx_ekf_odom_ros/run_odometry.py to run_odometry.cpython-310.pyc
[2.005s] running install_data
[2.005s] creating /home/dog/nav_ros/install/bpx_ekf_odom_ros/share/ament_index
[2.006s] creating /home/dog/nav_ros/install/bpx_ekf_odom_ros/share/ament_index/resource_index
[2.006s] creating /home/dog/nav_ros/install/bpx_ekf_odom_ros/share/ament_index/resource_index/packages
[2.006s] error: can't copy 'resource/bpx_ekf_odom_ros': doesn't exist or not a regular file
[2.061s] Invoked command in '/home/dog/nav_ros/bpx_ekf_odom_ros' returned '1': PYTHONPATH=/home/dog/nav_ros/build/bpx_ekf_odom_ros/prefix_override:/usr/lib/python3/dist-packages/colcon_core/task/python/colcon_distutils_commands:/home/dog/nav_ros/install/bpx_ekf_odom_ros/lib/python3.10/site-packages:${PYTHONPATH} /usr/bin/python3 -W ignore:setup.py install is deprecated -W ignore:easy_install command is deprecated setup.py egg_info --egg-base ../build/bpx_ekf_odom_ros build --build-base /home/dog/nav_ros/build/bpx_ekf_odom_ros/build install --record /home/dog/nav_ros/build/bpx_ekf_odom_ros/install.log --single-version-externally-managed install_data
