running egg_info
writing ../build/bpx_ekf_odom_ros/bpx_ekf_odom_ros.egg-info/PKG-INFO
writing dependency_links to ../build/bpx_ekf_odom_ros/bpx_ekf_odom_ros.egg-info/dependency_links.txt
writing entry points to ../build/bpx_ekf_odom_ros/bpx_ekf_odom_ros.egg-info/entry_points.txt
writing requirements to ../build/bpx_ekf_odom_ros/bpx_ekf_odom_ros.egg-info/requires.txt
writing top-level names to ../build/bpx_ekf_odom_ros/bpx_ekf_odom_ros.egg-info/top_level.txt
reading manifest file '../build/bpx_ekf_odom_ros/bpx_ekf_odom_ros.egg-info/SOURCES.txt'
writing manifest file '../build/bpx_ekf_odom_ros/bpx_ekf_odom_ros.egg-info/SOURCES.txt'
running build
running build_py
running install
running install_lib
running install_data
copying resource/bpx_ekf_odom_ros -> /home/dog/nav_ros/install/bpx_ekf_odom_ros/share/ament_index/resource_index/packages
copying package.xml -> /home/dog/nav_ros/install/bpx_ekf_odom_ros/share/bpx_ekf_odom_ros
creating /home/dog/nav_ros/install/bpx_ekf_odom_ros/share/bpx_ekf_odom_ros/launch
copying launch/ekf_odom.launch.py -> /home/dog/nav_ros/install/bpx_ekf_odom_ros/share/bpx_ekf_odom_ros/launch
copying launch/ekf_odom_full.launch.py -> /home/dog/nav_ros/install/bpx_ekf_odom_ros/share/bpx_ekf_odom_ros/launch
running install_egg_info
Copying ../build/bpx_ekf_odom_ros/bpx_ekf_odom_ros.egg-info to /home/dog/nav_ros/install/bpx_ekf_odom_ros/lib/python3.10/site-packages/bpx_ekf_odom_ros-0.1.0-py3.10.egg-info
running install_scripts
Installing csv_player script to /home/dog/nav_ros/install/bpx_ekf_odom_ros/lib/bpx_ekf_odom_ros
Installing ekf_odom_node script to /home/dog/nav_ros/install/bpx_ekf_odom_ros/lib/bpx_ekf_odom_ros
Installing odom_recorder script to /home/dog/nav_ros/install/bpx_ekf_odom_ros/lib/bpx_ekf_odom_ros
Installing walk_measure script to /home/dog/nav_ros/install/bpx_ekf_odom_ros/lib/bpx_ekf_odom_ros
writing list of installed files to '/home/dog/nav_ros/build/bpx_ekf_odom_ros/install.log'
