/home/dog/nav_ros/install/bpx_ekf_odom_ros/lib/python3.10/site-packages/bpx_ekf_odom_ros/data_loader.py
/home/dog/nav_ros/install/bpx_ekf_odom_ros/lib/python3.10/site-packages/bpx_ekf_odom_ros/ekf_core.py
/home/dog/nav_ros/install/bpx_ekf_odom_ros/lib/python3.10/site-packages/bpx_ekf_odom_ros/__init__.py
/home/dog/nav_ros/install/bpx_ekf_odom_ros/lib/python3.10/site-packages/bpx_ekf_odom_ros/config.py
/home/dog/nav_ros/install/bpx_ekf_odom_ros/lib/python3.10/site-packages/bpx_ekf_odom_ros/kinematics.py
/home/dog/nav_ros/install/bpx_ekf_odom_ros/lib/python3.10/site-packages/bpx_ekf_odom_ros/adaptive_obs.py
/home/dog/nav_ros/install/bpx_ekf_odom_ros/lib/python3.10/site-packages/bpx_ekf_odom_ros/csv_player.py
/home/dog/nav_ros/install/bpx_ekf_odom_ros/lib/python3.10/site-packages/bpx_ekf_odom_ros/walk_measure.py
/home/dog/nav_ros/install/bpx_ekf_odom_ros/lib/python3.10/site-packages/bpx_ekf_odom_ros/preprocessor.py
/home/dog/nav_ros/install/bpx_ekf_odom_ros/lib/python3.10/site-packages/bpx_ekf_odom_ros/contact_detector.py
/home/dog/nav_ros/install/bpx_ekf_odom_ros/lib/python3.10/site-packages/bpx_ekf_odom_ros/ekf_odom_node.py
/home/dog/nav_ros/install/bpx_ekf_odom_ros/lib/python3.10/site-packages/bpx_ekf_odom_ros/odom_recorder.py
/home/dog/nav_ros/install/bpx_ekf_odom_ros/lib/python3.10/site-packages/bpx_ekf_odom_ros/run_odometry.py
/home/dog/nav_ros/install/bpx_ekf_odom_ros/lib/python3.10/site-packages/bpx_ekf_odom_ros/__pycache__/data_loader.cpython-310.pyc
/home/dog/nav_ros/install/bpx_ekf_odom_ros/lib/python3.10/site-packages/bpx_ekf_odom_ros/__pycache__/ekf_core.cpython-310.pyc
/home/dog/nav_ros/install/bpx_ekf_odom_ros/lib/python3.10/site-packages/bpx_ekf_odom_ros/__pycache__/__init__.cpython-310.pyc
/home/dog/nav_ros/install/bpx_ekf_odom_ros/lib/python3.10/site-packages/bpx_ekf_odom_ros/__pycache__/config.cpython-310.pyc
/home/dog/nav_ros/install/bpx_ekf_odom_ros/lib/python3.10/site-packages/bpx_ekf_odom_ros/__pycache__/kinematics.cpython-310.pyc
/home/dog/nav_ros/install/bpx_ekf_odom_ros/lib/python3.10/site-packages/bpx_ekf_odom_ros/__pycache__/adaptive_obs.cpython-310.pyc
/home/dog/nav_ros/install/bpx_ekf_odom_ros/lib/python3.10/site-packages/bpx_ekf_odom_ros/__pycache__/csv_player.cpython-310.pyc
/home/dog/nav_ros/install/bpx_ekf_odom_ros/lib/python3.10/site-packages/bpx_ekf_odom_ros/__pycache__/walk_measure.cpython-310.pyc
/home/dog/nav_ros/install/bpx_ekf_odom_ros/lib/python3.10/site-packages/bpx_ekf_odom_ros/__pycache__/preprocessor.cpython-310.pyc
/home/dog/nav_ros/install/bpx_ekf_odom_ros/lib/python3.10/site-packages/bpx_ekf_odom_ros/__pycache__/contact_detector.cpython-310.pyc
/home/dog/nav_ros/install/bpx_ekf_odom_ros/lib/python3.10/site-packages/bpx_ekf_odom_ros/__pycache__/ekf_odom_node.cpython-310.pyc
/home/dog/nav_ros/install/bpx_ekf_odom_ros/lib/python3.10/site-packages/bpx_ekf_odom_ros/__pycache__/odom_recorder.cpython-310.pyc
/home/dog/nav_ros/install/bpx_ekf_odom_ros/lib/python3.10/site-packages/bpx_ekf_odom_ros/__pycache__/run_odometry.cpython-310.pyc
/home/dog/nav_ros/install/bpx_ekf_odom_ros/share/ament_index/resource_index/packages/bpx_ekf_odom_ros
/home/dog/nav_ros/install/bpx_ekf_odom_ros/share/bpx_ekf_odom_ros/package.xml
/home/dog/nav_ros/install/bpx_ekf_odom_ros/share/bpx_ekf_odom_ros/launch/ekf_odom.launch.py
/home/dog/nav_ros/install/bpx_ekf_odom_ros/share/bpx_ekf_odom_ros/launch/ekf_odom_full.launch.py
/home/dog/nav_ros/install/bpx_ekf_odom_ros/lib/python3.10/site-packages/bpx_ekf_odom_ros-0.1.0-py3.10.egg-info/SOURCES.txt
/home/dog/nav_ros/install/bpx_ekf_odom_ros/lib/python3.10/site-packages/bpx_ekf_odom_ros-0.1.0-py3.10.egg-info/zip-safe
/home/dog/nav_ros/install/bpx_ekf_odom_ros/lib/python3.10/site-packages/bpx_ekf_odom_ros-0.1.0-py3.10.egg-info/requires.txt
/home/dog/nav_ros/install/bpx_ekf_odom_ros/lib/python3.10/site-packages/bpx_ekf_odom_ros-0.1.0-py3.10.egg-info/top_level.txt
/home/dog/nav_ros/install/bpx_ekf_odom_ros/lib/python3.10/site-packages/bpx_ekf_odom_ros-0.1.0-py3.10.egg-info/PKG-INFO
/home/dog/nav_ros/install/bpx_ekf_odom_ros/lib/python3.10/site-packages/bpx_ekf_odom_ros-0.1.0-py3.10.egg-info/dependency_links.txt
/home/dog/nav_ros/install/bpx_ekf_odom_ros/lib/python3.10/site-packages/bpx_ekf_odom_ros-0.1.0-py3.10.egg-info/entry_points.txt
/home/dog/nav_ros/install/bpx_ekf_odom_ros/lib/bpx_ekf_odom_ros/csv_player
/home/dog/nav_ros/install/bpx_ekf_odom_ros/lib/bpx_ekf_odom_ros/ekf_odom_node
/home/dog/nav_ros/install/bpx_ekf_odom_ros/lib/bpx_ekf_odom_ros/odom_recorder
/home/dog/nav_ros/install/bpx_ekf_odom_ros/lib/bpx_ekf_odom_ros/walk_measure
