[0.208s] DEBUG:colcon:Command line arguments: ['/usr/bin/colcon', 'build', '--packages-select', 'bpx_driver']
[0.208s] DEBUG:colcon:Parsed command line arguments: Namespace(log_base=None, log_level=None, verb_name='build', build_base='build', install_base='install', merge_install=False, symlink_install=False, test_result_base=None, continue_on_error=False, executor='parallel', parallel_workers=6, event_handlers=None, ignore_user_meta=False, metas=['./colcon.meta'], base_paths=['.'], packages_ignore=None, packages_ignore_regex=None, paths=None, packages_up_to=None, packages_up_to_regex=None, packages_above=None, packages_above_and_dependencies=None, packages_above_depth=None, packages_select_by_dep=None, packages_skip_by_dep=None, packages_skip_up_to=None, packages_select_build_failed=False, packages_skip_build_finished=False, packages_select_test_failures=False, packages_skip_test_passed=False, packages_select=['bpx_driver'], packages_skip=None, packages_select_regex=None, packages_skip_regex=None, packages_start=None, packages_end=None, allow_overriding=[], cmake_args=None, cmake_target=None, cmake_target_skip_unavailable=False, cmake_clean_cache=False, cmake_clean_first=False, cmake_force_configure=False, ament_cmake_args=None, catkin_cmake_args=None, catkin_skip_building_tests=False, verb_parser=<colcon_defaults.argument_parser.defaults.DefaultArgumentsDecorator object at 0xffffb5820190>, verb_extension=<colcon_core.verb.build.BuildVerb object at 0xffffb57f3c10>, main=<bound method BuildVerb.main of <colcon_core.verb.build.BuildVerb object at 0xffffb57f3c10>>)
[0.550s] Level 1:colcon.colcon_core.package_discovery:discover_packages(colcon_meta) check parameters
[0.550s] Level 1:colcon.colcon_core.package_discovery:discover_packages(recursive) check parameters
[0.550s] Level 1:colcon.colcon_core.package_discovery:discover_packages(ignore) check parameters
[0.550s] Level 1:colcon.colcon_core.package_discovery:discover_packages(path) check parameters
[0.551s] Level 1:colcon.colcon_core.package_discovery:discover_packages(colcon_meta) discover
[0.551s] Level 1:colcon.colcon_core.package_discovery:discover_packages(recursive) discover
[0.551s] INFO:colcon.colcon_core.package_discovery:Crawling recursively for packages in '/home/dog/nav_ros'
[0.551s] Level 1:colcon.colcon_core.package_identification:_identify(.) by extensions ['ignore', 'ignore_ament_install']
[0.551s] Level 1:colcon.colcon_core.package_identification:_identify(.) by extension 'ignore'
[0.551s] Level 1:colcon.colcon_core.package_identification:_identify(.) by extension 'ignore_ament_install'
[0.552s] Level 1:colcon.colcon_core.package_identification:_identify(.) by extensions ['colcon_pkg']
[0.552s] Level 1:colcon.colcon_core.package_identification:_identify(.) by extension 'colcon_pkg'
[0.552s] Level 1:colcon.colcon_core.package_identification:_identify(.) by extensions ['colcon_meta']
[0.552s] Level 1:colcon.colcon_core.package_identification:_identify(.) by extension 'colcon_meta'
[0.552s] Level 1:colcon.colcon_core.package_identification:_identify(.) by extensions ['ros']
[0.552s] Level 1:colcon.colcon_core.package_identification:_identify(.) by extension 'ros'
[0.575s] Level 1:colcon.colcon_core.package_identification:_identify(.) by extensions ['cmake', 'python']
[0.575s] Level 1:colcon.colcon_core.package_identification:_identify(.) by extension 'cmake'
[0.575s] Level 1:colcon.colcon_core.package_identification:_identify(.) by extension 'python'
[0.575s] Level 1:colcon.colcon_core.package_identification:_identify(.) by extensions ['python_setup_py']
[0.575s] Level 1:colcon.colcon_core.package_identification:_identify(.) by extension 'python_setup_py'
[0.575s] Level 1:colcon.colcon_core.package_identification:_identify(bpx_ekf_odom_ros) by extensions ['ignore', 'ignore_ament_install']
[0.576s] Level 1:colcon.colcon_core.package_identification:_identify(bpx_ekf_odom_ros) by extension 'ignore'
[0.576s] Level 1:colcon.colcon_core.package_identification:_identify(bpx_ekf_odom_ros) by extension 'ignore_ament_install'
[0.576s] Level 1:colcon.colcon_core.package_identification:_identify(bpx_ekf_odom_ros) by extensions ['colcon_pkg']
[0.576s] Level 1:colcon.colcon_core.package_identification:_identify(bpx_ekf_odom_ros) by extension 'colcon_pkg'
[0.576s] Level 1:colcon.colcon_core.package_identification:_identify(bpx_ekf_odom_ros) by extensions ['colcon_meta']
[0.576s] Level 1:colcon.colcon_core.package_identification:_identify(bpx_ekf_odom_ros) by extension 'colcon_meta'
[0.577s] Level 1:colcon.colcon_core.package_identification:_identify(bpx_ekf_odom_ros) by extensions ['ros']
[0.577s] Level 1:colcon.colcon_core.package_identification:_identify(bpx_ekf_odom_ros) by extension 'ros'
[0.582s] DEBUG:colcon.colcon_core.package_identification:Package 'bpx_ekf_odom_ros' with type 'ros.ament_python' and name 'bpx_ekf_odom_ros'
[0.582s] Level 1:colcon.colcon_core.package_identification:_identify(bpx_sdk_open) by extensions ['ignore', 'ignore_ament_install']
[0.582s] Level 1:colcon.colcon_core.package_identification:_identify(bpx_sdk_open) by extension 'ignore'
[0.582s] Level 1:colcon.colcon_core.package_identification:_identify(bpx_sdk_open) by extension 'ignore_ament_install'
[0.583s] Level 1:colcon.colcon_core.package_identification:_identify(bpx_sdk_open) by extensions ['colcon_pkg']
[0.583s] Level 1:colcon.colcon_core.package_identification:_identify(bpx_sdk_open) by extension 'colcon_pkg'
[0.583s] Level 1:colcon.colcon_core.package_identification:_identify(bpx_sdk_open) by extensions ['colcon_meta']
[0.583s] Level 1:colcon.colcon_core.package_identification:_identify(bpx_sdk_open) by extension 'colcon_meta'
[0.583s] Level 1:colcon.colcon_core.package_identification:_identify(bpx_sdk_open) by extensions ['ros']
[0.583s] Level 1:colcon.colcon_core.package_identification:_identify(bpx_sdk_open) by extension 'ros'
[0.583s] Level 1:colcon.colcon_core.package_identification:_identify(bpx_sdk_open) by extensions ['cmake', 'python']
[0.583s] Level 1:colcon.colcon_core.package_identification:_identify(bpx_sdk_open) by extension 'cmake'
[0.595s] Level 1:colcon.colcon_core.package_identification:_identify(bpx_sdk_open) by extension 'python'
[0.595s] DEBUG:colcon.colcon_core.package_identification:Package 'bpx_sdk_open' with type 'cmake' and name 'bpx_sdk_examples'
[0.595s] Level 1:colcon.colcon_core.package_identification:_identify(build) by extensions ['ignore', 'ignore_ament_install']
[0.596s] Level 1:colcon.colcon_core.package_identification:_identify(build) by extension 'ignore'
[0.596s] Level 1:colcon.colcon_core.package_identification:_identify(build) ignored
[0.596s] Level 1:colcon.colcon_core.package_identification:_identify(install) by extensions ['ignore', 'ignore_ament_install']
[0.596s] Level 1:colcon.colcon_core.package_identification:_identify(install) by extension 'ignore'
[0.596s] Level 1:colcon.colcon_core.package_identification:_identify(install) ignored
[0.597s] Level 1:colcon.colcon_core.package_identification:_identify(log) by extensions ['ignore', 'ignore_ament_install']
[0.597s] Level 1:colcon.colcon_core.package_identification:_identify(log) by extension 'ignore'
[0.597s] Level 1:colcon.colcon_core.package_identification:_identify(log) ignored
[0.597s] Level 1:colcon.colcon_core.package_identification:_identify(src) by extensions ['ignore', 'ignore_ament_install']
[0.597s] Level 1:colcon.colcon_core.package_identification:_identify(src) by extension 'ignore'
[0.597s] Level 1:colcon.colcon_core.package_identification:_identify(src) by extension 'ignore_ament_install'
[0.598s] Level 1:colcon.colcon_core.package_identification:_identify(src) by extensions ['colcon_pkg']
[0.598s] Level 1:colcon.colcon_core.package_identification:_identify(src) by extension 'colcon_pkg'
[0.598s] Level 1:colcon.colcon_core.package_identification:_identify(src) by extensions ['colcon_meta']
[0.598s] Level 1:colcon.colcon_core.package_identification:_identify(src) by extension 'colcon_meta'
[0.598s] Level 1:colcon.colcon_core.package_identification:_identify(src) by extensions ['ros']
[0.598s] Level 1:colcon.colcon_core.package_identification:_identify(src) by extension 'ros'
[0.598s] Level 1:colcon.colcon_core.package_identification:_identify(src) by extensions ['cmake', 'python']
[0.598s] Level 1:colcon.colcon_core.package_identification:_identify(src) by extension 'cmake'
[0.598s] Level 1:colcon.colcon_core.package_identification:_identify(src) by extension 'python'
[0.599s] Level 1:colcon.colcon_core.package_identification:_identify(src) by extensions ['python_setup_py']
[0.599s] Level 1:colcon.colcon_core.package_identification:_identify(src) by extension 'python_setup_py'
[0.599s] Level 1:colcon.colcon_core.package_identification:_identify(src/bpx_driver) by extensions ['ignore', 'ignore_ament_install']
[0.599s] Level 1:colcon.colcon_core.package_identification:_identify(src/bpx_driver) by extension 'ignore'
[0.599s] Level 1:colcon.colcon_core.package_identification:_identify(src/bpx_driver) by extension 'ignore_ament_install'
[0.599s] Level 1:colcon.colcon_core.package_identification:_identify(src/bpx_driver) by extensions ['colcon_pkg']
[0.599s] Level 1:colcon.colcon_core.package_identification:_identify(src/bpx_driver) by extension 'colcon_pkg'
[0.599s] Level 1:colcon.colcon_core.package_identification:_identify(src/bpx_driver) by extensions ['colcon_meta']
[0.599s] Level 1:colcon.colcon_core.package_identification:_identify(src/bpx_driver) by extension 'colcon_meta'
[0.600s] Level 1:colcon.colcon_core.package_identification:_identify(src/bpx_driver) by extensions ['ros']
[0.600s] Level 1:colcon.colcon_core.package_identification:_identify(src/bpx_driver) by extension 'ros'
[0.602s] DEBUG:colcon.colcon_core.package_identification:Package 'src/bpx_driver' with type 'ros.ament_cmake' and name 'bpx_driver'
[0.602s] Level 1:colcon.colcon_core.package_identification:_identify(src/nav2) by extensions ['ignore', 'ignore_ament_install']
[0.603s] Level 1:colcon.colcon_core.package_identification:_identify(src/nav2) by extension 'ignore'
[0.603s] Level 1:colcon.colcon_core.package_identification:_identify(src/nav2) by extension 'ignore_ament_install'
[0.603s] Level 1:colcon.colcon_core.package_identification:_identify(src/nav2) by extensions ['colcon_pkg']
[0.603s] Level 1:colcon.colcon_core.package_identification:_identify(src/nav2) by extension 'colcon_pkg'
[0.603s] Level 1:colcon.colcon_core.package_identification:_identify(src/nav2) by extensions ['colcon_meta']
[0.603s] Level 1:colcon.colcon_core.package_identification:_identify(src/nav2) by extension 'colcon_meta'
[0.603s] Level 1:colcon.colcon_core.package_identification:_identify(src/nav2) by extensions ['ros']
[0.603s] Level 1:colcon.colcon_core.package_identification:_identify(src/nav2) by extension 'ros'
[0.604s] DEBUG:colcon.colcon_core.package_identification:Package 'src/nav2' with type 'ros.ament_cmake' and name 'nav2'
[0.605s] Level 1:colcon.colcon_core.package_identification:_identify(src/rf2o_laser_odometry) by extensions ['ignore', 'ignore_ament_install']
[0.605s] Level 1:colcon.colcon_core.package_identification:_identify(src/rf2o_laser_odometry) by extension 'ignore'
[0.605s] Level 1:colcon.colcon_core.package_identification:_identify(src/rf2o_laser_odometry) by extension 'ignore_ament_install'
[0.605s] Level 1:colcon.colcon_core.package_identification:_identify(src/rf2o_laser_odometry) by extensions ['colcon_pkg']
[0.605s] Level 1:colcon.colcon_core.package_identification:_identify(src/rf2o_laser_odometry) by extension 'colcon_pkg'
[0.605s] Level 1:colcon.colcon_core.package_identification:_identify(src/rf2o_laser_odometry) by extensions ['colcon_meta']
[0.605s] Level 1:colcon.colcon_core.package_identification:_identify(src/rf2o_laser_odometry) by extension 'colcon_meta'
[0.606s] Level 1:colcon.colcon_core.package_identification:_identify(src/rf2o_laser_odometry) by extensions ['ros']
[0.606s] Level 1:colcon.colcon_core.package_identification:_identify(src/rf2o_laser_odometry) by extension 'ros'
[0.607s] DEBUG:colcon.colcon_core.package_identification:Package 'src/rf2o_laser_odometry' with type 'ros.ament_cmake' and name 'rf2o_laser_odometry'
[0.608s] Level 1:colcon.colcon_core.package_identification:_identify(src/slam) by extensions ['ignore', 'ignore_ament_install']
[0.608s] Level 1:colcon.colcon_core.package_identification:_identify(src/slam) by extension 'ignore'
[0.608s] Level 1:colcon.colcon_core.package_identification:_identify(src/slam) by extension 'ignore_ament_install'
[0.608s] Level 1:colcon.colcon_core.package_identification:_identify(src/slam) by extensions ['colcon_pkg']
[0.608s] Level 1:colcon.colcon_core.package_identification:_identify(src/slam) by extension 'colcon_pkg'
[0.608s] Level 1:colcon.colcon_core.package_identification:_identify(src/slam) by extensions ['colcon_meta']
[0.608s] Level 1:colcon.colcon_core.package_identification:_identify(src/slam) by extension 'colcon_meta'
[0.609s] Level 1:colcon.colcon_core.package_identification:_identify(src/slam) by extensions ['ros']
[0.609s] Level 1:colcon.colcon_core.package_identification:_identify(src/slam) by extension 'ros'
[0.609s] DEBUG:colcon.colcon_core.package_identification:Package 'src/slam' with type 'ros.ament_cmake' and name 'slam'
[0.610s] Level 1:colcon.colcon_core.package_identification:_identify(src/sllidar_ros2) by extensions ['ignore', 'ignore_ament_install']
[0.610s] Level 1:colcon.colcon_core.package_identification:_identify(src/sllidar_ros2) by extension 'ignore'
[0.610s] Level 1:colcon.colcon_core.package_identification:_identify(src/sllidar_ros2) by extension 'ignore_ament_install'
[0.610s] Level 1:colcon.colcon_core.package_identification:_identify(src/sllidar_ros2) by extensions ['colcon_pkg']
[0.610s] Level 1:colcon.colcon_core.package_identification:_identify(src/sllidar_ros2) by extension 'colcon_pkg'
[0.610s] Level 1:colcon.colcon_core.package_identification:_identify(src/sllidar_ros2) by extensions ['colcon_meta']
[0.610s] Level 1:colcon.colcon_core.package_identification:_identify(src/sllidar_ros2) by extension 'colcon_meta'
[0.611s] Level 1:colcon.colcon_core.package_identification:_identify(src/sllidar_ros2) by extensions ['ros']
[0.611s] Level 1:colcon.colcon_core.package_identification:_identify(src/sllidar_ros2) by extension 'ros'
[0.612s] DEBUG:colcon.colcon_core.package_identification:Package 'src/sllidar_ros2' with type 'ros.ament_cmake' and name 'sllidar_ros2'
[0.612s] Level 1:colcon.colcon_core.package_discovery:discover_packages(recursive) using defaults
[0.612s] Level 1:colcon.colcon_core.package_discovery:discover_packages(ignore) discover
[0.612s] Level 1:colcon.colcon_core.package_discovery:discover_packages(ignore) using defaults
[0.612s] Level 1:colcon.colcon_core.package_discovery:discover_packages(path) discover
[0.612s] Level 1:colcon.colcon_core.package_discovery:discover_packages(path) using defaults
[0.680s] INFO:colcon.colcon_core.package_selection:Skipping not selected package 'bpx_ekf_odom_ros' in 'bpx_ekf_odom_ros'
[0.680s] INFO:colcon.colcon_core.package_selection:Skipping not selected package 'bpx_sdk_examples' in 'bpx_sdk_open'
[0.680s] INFO:colcon.colcon_core.package_selection:Skipping not selected package 'nav2' in 'src/nav2'
[0.680s] INFO:colcon.colcon_core.package_selection:Skipping not selected package 'rf2o_laser_odometry' in 'src/rf2o_laser_odometry'
[0.680s] INFO:colcon.colcon_core.package_selection:Skipping not selected package 'slam' in 'src/slam'
[0.680s] INFO:colcon.colcon_core.package_selection:Skipping not selected package 'sllidar_ros2' in 'src/sllidar_ros2'
[0.681s] Level 1:colcon.colcon_core.package_discovery:discover_packages(prefix_path) check parameters
[0.681s] Level 1:colcon.colcon_core.package_discovery:discover_packages(prefix_path) discover
[0.686s] DEBUG:colcon.colcon_installed_package_information.package_discovery:Found 330 installed packages in /opt/ros/humble
[0.689s] Level 1:colcon.colcon_core.package_discovery:discover_packages(prefix_path) using defaults
[0.774s] Level 5:colcon.colcon_core.verb:set package 'bpx_driver' build argument 'cmake_args' from command line to 'None'
[0.774s] Level 5:colcon.colcon_core.verb:set package 'bpx_driver' build argument 'cmake_target' from command line to 'None'
[0.774s] Level 5:colcon.colcon_core.verb:set package 'bpx_driver' build argument 'cmake_target_skip_unavailable' from command line to 'False'
[0.774s] Level 5:colcon.colcon_core.verb:set package 'bpx_driver' build argument 'cmake_clean_cache' from command line to 'False'
[0.774s] Level 5:colcon.colcon_core.verb:set package 'bpx_driver' build argument 'cmake_clean_first' from command line to 'False'
[0.774s] Level 5:colcon.colcon_core.verb:set package 'bpx_driver' build argument 'cmake_force_configure' from command line to 'False'
[0.774s] Level 5:colcon.colcon_core.verb:set package 'bpx_driver' build argument 'ament_cmake_args' from command line to 'None'
[0.774s] Level 5:colcon.colcon_core.verb:set package 'bpx_driver' build argument 'catkin_cmake_args' from command line to 'None'
[0.774s] Level 5:colcon.colcon_core.verb:set package 'bpx_driver' build argument 'catkin_skip_building_tests' from command line to 'False'
[0.775s] DEBUG:colcon.colcon_core.verb:Building package 'bpx_driver' with the following arguments: {'ament_cmake_args': None, 'build_base': '/home/dog/nav_ros/build/bpx_driver', 'catkin_cmake_args': None, 'catkin_skip_building_tests': False, 'cmake_args': None, 'cmake_clean_cache': False, 'cmake_clean_first': False, 'cmake_force_configure': False, 'cmake_target': None, 'cmake_target_skip_unavailable': False, 'install_base': '/home/dog/nav_ros/install/bpx_driver', 'merge_install': False, 'path': '/home/dog/nav_ros/src/bpx_driver', 'symlink_install': False, 'test_result_base': None}
[0.775s] INFO:colcon.colcon_core.executor:Executing jobs using 'parallel' executor
[0.777s] DEBUG:colcon.colcon_parallel_executor.executor.parallel:run_until_complete
[0.778s] INFO:colcon.colcon_ros.task.ament_cmake.build:Building ROS package in '/home/dog/nav_ros/src/bpx_driver' with build type 'ament_cmake'
[0.778s] INFO:colcon.colcon_cmake.task.cmake.build:Building CMake package in '/home/dog/nav_ros/src/bpx_driver'
[0.782s] INFO:colcon.colcon_core.plugin_system:Skipping extension 'colcon_core.shell.bat': Not used on non-Windows systems
[0.782s] INFO:colcon.colcon_core.shell:Skip shell extension 'powershell' for command environment: Not usable outside of PowerShell
[0.782s] DEBUG:colcon.colcon_core.shell:Skip shell extension 'dsv' for command environment
[0.796s] DEBUG:colcon.colcon_core.event_handler.log_command:Invoking command in '/home/dog/nav_ros/build/bpx_driver': CMAKE_PREFIX_PATH=/opt/ros/humble /usr/bin/cmake --build /home/dog/nav_ros/build/bpx_driver -- -j6 -l6
[28.319s] DEBUG:colcon.colcon_core.event_handler.log_command:Invoked command in '/home/dog/nav_ros/build/bpx_driver' returned '0': CMAKE_PREFIX_PATH=/opt/ros/humble /usr/bin/cmake --build /home/dog/nav_ros/build/bpx_driver -- -j6 -l6
[28.338s] DEBUG:colcon.colcon_core.event_handler.log_command:Invoking command in '/home/dog/nav_ros/build/bpx_driver': CMAKE_PREFIX_PATH=/opt/ros/humble /usr/bin/cmake --install /home/dog/nav_ros/build/bpx_driver
[28.371s] Level 1:colcon.colcon_core.environment:create_environment_scripts_only(bpx_driver)
[28.382s] DEBUG:colcon.colcon_core.event_handler.log_command:Invoked command in '/home/dog/nav_ros/build/bpx_driver' returned '0': CMAKE_PREFIX_PATH=/opt/ros/humble /usr/bin/cmake --install /home/dog/nav_ros/build/bpx_driver
[28.387s] Level 1:colcon.colcon_core.environment:checking '/home/dog/nav_ros/install/bpx_driver' for CMake module files
[28.389s] Level 1:colcon.colcon_core.environment:checking '/home/dog/nav_ros/install/bpx_driver' for CMake config files
[28.390s] Level 1:colcon.colcon_core.shell:create_environment_hook('bpx_driver', 'cmake_prefix_path')
[28.391s] INFO:colcon.colcon_core.shell:Creating environment hook '/home/dog/nav_ros/install/bpx_driver/share/bpx_driver/hook/cmake_prefix_path.ps1'
[28.393s] INFO:colcon.colcon_core.shell:Creating environment descriptor '/home/dog/nav_ros/install/bpx_driver/share/bpx_driver/hook/cmake_prefix_path.dsv'
[28.395s] INFO:colcon.colcon_core.shell:Creating environment hook '/home/dog/nav_ros/install/bpx_driver/share/bpx_driver/hook/cmake_prefix_path.sh'
[28.398s] Level 1:colcon.colcon_core.environment:checking '/home/dog/nav_ros/install/bpx_driver/lib'
[28.399s] Level 1:colcon.colcon_core.environment:checking '/home/dog/nav_ros/install/bpx_driver/bin'
[28.399s] Level 1:colcon.colcon_core.environment:checking '/home/dog/nav_ros/install/bpx_driver/lib/pkgconfig/bpx_driver.pc'
[28.400s] Level 1:colcon.colcon_core.environment:checking '/home/dog/nav_ros/install/bpx_driver/lib/python3.10/site-packages'
[28.402s] Level 1:colcon.colcon_core.environment:checking '/home/dog/nav_ros/install/bpx_driver/bin'
[28.403s] INFO:colcon.colcon_core.shell:Creating package script '/home/dog/nav_ros/install/bpx_driver/share/bpx_driver/package.ps1'
[28.407s] INFO:colcon.colcon_core.shell:Creating package descriptor '/home/dog/nav_ros/install/bpx_driver/share/bpx_driver/package.dsv'
[28.408s] INFO:colcon.colcon_core.shell:Creating package script '/home/dog/nav_ros/install/bpx_driver/share/bpx_driver/package.sh'
[28.410s] INFO:colcon.colcon_core.shell:Creating package script '/home/dog/nav_ros/install/bpx_driver/share/bpx_driver/package.bash'
[28.412s] INFO:colcon.colcon_core.shell:Creating package script '/home/dog/nav_ros/install/bpx_driver/share/bpx_driver/package.zsh'
[28.414s] Level 1:colcon.colcon_core.environment:create_file_with_runtime_dependencies(/home/dog/nav_ros/install/bpx_driver/share/colcon-core/packages/bpx_driver)
[28.415s] Level 1:colcon.colcon_core.environment:create_environment_scripts_only(bpx_driver)
[28.416s] Level 1:colcon.colcon_core.environment:checking '/home/dog/nav_ros/install/bpx_driver' for CMake module files
[28.417s] Level 1:colcon.colcon_core.environment:checking '/home/dog/nav_ros/install/bpx_driver' for CMake config files
[28.417s] Level 1:colcon.colcon_core.shell:create_environment_hook('bpx_driver', 'cmake_prefix_path')
[28.418s] INFO:colcon.colcon_core.shell:Creating environment hook '/home/dog/nav_ros/install/bpx_driver/share/bpx_driver/hook/cmake_prefix_path.ps1'
[28.419s] INFO:colcon.colcon_core.shell:Creating environment descriptor '/home/dog/nav_ros/install/bpx_driver/share/bpx_driver/hook/cmake_prefix_path.dsv'
[28.420s] INFO:colcon.colcon_core.shell:Creating environment hook '/home/dog/nav_ros/install/bpx_driver/share/bpx_driver/hook/cmake_prefix_path.sh'
[28.421s] Level 1:colcon.colcon_core.environment:checking '/home/dog/nav_ros/install/bpx_driver/lib'
[28.421s] Level 1:colcon.colcon_core.environment:checking '/home/dog/nav_ros/install/bpx_driver/bin'
[28.421s] Level 1:colcon.colcon_core.environment:checking '/home/dog/nav_ros/install/bpx_driver/lib/pkgconfig/bpx_driver.pc'
[28.422s] Level 1:colcon.colcon_core.environment:checking '/home/dog/nav_ros/install/bpx_driver/lib/python3.10/site-packages'
[28.422s] Level 1:colcon.colcon_core.environment:checking '/home/dog/nav_ros/install/bpx_driver/bin'
[28.423s] INFO:colcon.colcon_core.shell:Creating package script '/home/dog/nav_ros/install/bpx_driver/share/bpx_driver/package.ps1'
[28.424s] INFO:colcon.colcon_core.shell:Creating package descriptor '/home/dog/nav_ros/install/bpx_driver/share/bpx_driver/package.dsv'
[28.425s] INFO:colcon.colcon_core.shell:Creating package script '/home/dog/nav_ros/install/bpx_driver/share/bpx_driver/package.sh'
[28.426s] INFO:colcon.colcon_core.shell:Creating package script '/home/dog/nav_ros/install/bpx_driver/share/bpx_driver/package.bash'
[28.427s] INFO:colcon.colcon_core.shell:Creating package script '/home/dog/nav_ros/install/bpx_driver/share/bpx_driver/package.zsh'
[28.428s] Level 1:colcon.colcon_core.environment:create_file_with_runtime_dependencies(/home/dog/nav_ros/install/bpx_driver/share/colcon-core/packages/bpx_driver)
[28.428s] DEBUG:colcon.colcon_parallel_executor.executor.parallel:closing loop
[28.429s] DEBUG:colcon.colcon_parallel_executor.executor.parallel:loop closed
[28.429s] DEBUG:colcon.colcon_parallel_executor.executor.parallel:run_until_complete finished with '0'
[28.430s] DEBUG:colcon.colcon_core.event_reactor:joining thread
[28.431s] DEBUG:colcon.colcon_core.event_reactor:joined thread
[28.431s] INFO:colcon.colcon_core.shell:Creating prefix script '/home/dog/nav_ros/install/local_setup.ps1'
[28.433s] INFO:colcon.colcon_core.shell:Creating prefix util module '/home/dog/nav_ros/install/_local_setup_util_ps1.py'
[28.437s] INFO:colcon.colcon_core.shell:Creating prefix chain script '/home/dog/nav_ros/install/setup.ps1'
[28.439s] INFO:colcon.colcon_core.shell:Creating prefix script '/home/dog/nav_ros/install/local_setup.sh'
[28.440s] INFO:colcon.colcon_core.shell:Creating prefix util module '/home/dog/nav_ros/install/_local_setup_util_sh.py'
[28.441s] INFO:colcon.colcon_core.shell:Creating prefix chain script '/home/dog/nav_ros/install/setup.sh'
[28.443s] INFO:colcon.colcon_core.shell:Creating prefix script '/home/dog/nav_ros/install/local_setup.bash'
[28.444s] INFO:colcon.colcon_core.shell:Creating prefix chain script '/home/dog/nav_ros/install/setup.bash'
[28.446s] INFO:colcon.colcon_core.shell:Creating prefix script '/home/dog/nav_ros/install/local_setup.zsh'
[28.447s] INFO:colcon.colcon_core.shell:Creating prefix chain script '/home/dog/nav_ros/install/setup.zsh'
