[0.046s] Invoking command in '/home/dog/nav_ros/build/nav2': CMAKE_PREFIX_PATH=${CMAKE_PREFIX_PATH}:/opt/ros/humble /usr/bin/cmake --build /home/dog/nav_ros/build/nav2 -- -j6 -l6
[0.119s] Invoked command in '/home/dog/nav_ros/build/nav2' returned '0': CMAKE_PREFIX_PATH=${CMAKE_PREFIX_PATH}:/opt/ros/humble /usr/bin/cmake --build /home/dog/nav_ros/build/nav2 -- -j6 -l6
[0.135s] Invoking command in '/home/dog/nav_ros/build/nav2': CMAKE_PREFIX_PATH=${CMAKE_PREFIX_PATH}:/opt/ros/humble /usr/bin/cmake --install /home/dog/nav_ros/build/nav2
[0.147s] -- Install configuration: ""
[0.147s] -- Up-to-date: /home/dog/nav_ros/install/nav2/share/nav2/launch
[0.150s] -- Up-to-date: /home/dog/nav_ros/install/nav2/share/nav2/launch/cartographer_nav.launch.py
[0.151s] -- Up-to-date: /home/dog/nav_ros/install/nav2/share/nav2/config
[0.151s] -- Up-to-date: /home/dog/nav_ros/install/nav2/share/nav2/config/nav2_params.yaml
[0.151s] -- Up-to-date: /home/dog/nav_ros/install/nav2/share/nav2/config/my_cartographer_2d.lua
[0.151s] -- Up-to-date: /home/dog/nav_ros/install/nav2/share/ament_index/resource_index/package_run_dependencies/nav2
[0.151s] -- Up-to-date: /home/dog/nav_ros/install/nav2/share/ament_index/resource_index/parent_prefix_path/nav2
[0.151s] -- Up-to-date: /home/dog/nav_ros/install/nav2/share/nav2/environment/ament_prefix_path.sh
[0.152s] -- Up-to-date: /home/dog/nav_ros/install/nav2/share/nav2/environment/ament_prefix_path.dsv
[0.152s] -- Up-to-date: /home/dog/nav_ros/install/nav2/share/nav2/environment/path.sh
[0.152s] -- Up-to-date: /home/dog/nav_ros/install/nav2/share/nav2/environment/path.dsv
[0.152s] -- Up-to-date: /home/dog/nav_ros/install/nav2/share/nav2/local_setup.bash
[0.153s] -- Up-to-date: /home/dog/nav_ros/install/nav2/share/nav2/local_setup.sh
[0.153s] -- Up-to-date: /home/dog/nav_ros/install/nav2/share/nav2/local_setup.zsh
[0.153s] -- Up-to-date: /home/dog/nav_ros/install/nav2/share/nav2/local_setup.dsv
[0.153s] -- Up-to-date: /home/dog/nav_ros/install/nav2/share/nav2/package.dsv
[0.153s] -- Up-to-date: /home/dog/nav_ros/install/nav2/share/ament_index/resource_index/packages/nav2
[0.153s] -- Up-to-date: /home/dog/nav_ros/install/nav2/share/nav2/cmake/nav2Config.cmake
[0.153s] -- Up-to-date: /home/dog/nav_ros/install/nav2/share/nav2/cmake/nav2Config-version.cmake
[0.154s] -- Up-to-date: /home/dog/nav_ros/install/nav2/share/nav2/package.xml
[0.158s] Invoked command in '/home/dog/nav_ros/build/nav2' returned '0': CMAKE_PREFIX_PATH=${CMAKE_PREFIX_PATH}:/opt/ros/humble /usr/bin/cmake --install /home/dog/nav_ros/build/nav2
