[0.045s] Invoking command in '/home/dog/nav_ros/build/rf2o_laser_odometry': CMAKE_PREFIX_PATH=${CMAKE_PREFIX_PATH}:/opt/ros/humble /usr/bin/cmake --build /home/dog/nav_ros/build/rf2o_laser_odometry -- -j6 -l6
[0.171s] [ 40%] Built target rf2o_laser_odometry
[0.172s] [100%] Built target rf2o_laser_odometry_node
[0.252s] Invoked command in '/home/dog/nav_ros/build/rf2o_laser_odometry' returned '0': CMAKE_PREFIX_PATH=${CMAKE_PREFIX_PATH}:/opt/ros/humble /usr/bin/cmake --build /home/dog/nav_ros/build/rf2o_laser_odometry -- -j6 -l6
[0.254s] Invoking command in '/home/dog/nav_ros/build/rf2o_laser_odometry': CMAKE_PREFIX_PATH=${CMAKE_PREFIX_PATH}:/opt/ros/humble /usr/bin/cmake --install /home/dog/nav_ros/build/rf2o_laser_odometry
[0.265s] -- Install configuration: ""
[0.266s] -- Up-to-date: /home/dog/nav_ros/install/rf2o_laser_odometry/lib/rf2o_laser_odometry/rf2o_laser_odometry_node
[0.266s] -- Up-to-date: /home/dog/nav_ros/install/rf2o_laser_odometry/share/rf2o_laser_odometry/launch
[0.267s] -- Up-to-date: /home/dog/nav_ros/install/rf2o_laser_odometry/share/rf2o_laser_odometry/launch/rf2o_laser_odometry.launch.py
[0.267s] -- Up-to-date: /home/dog/nav_ros/install/rf2o_laser_odometry/share/ament_index/resource_index/package_run_dependencies/rf2o_laser_odometry
[0.267s] -- Up-to-date: /home/dog/nav_ros/install/rf2o_laser_odometry/share/ament_index/resource_index/parent_prefix_path/rf2o_laser_odometry
[0.267s] -- Up-to-date: /home/dog/nav_ros/install/rf2o_laser_odometry/share/rf2o_laser_odometry/environment/ament_prefix_path.sh
[0.268s] -- Up-to-date: /home/dog/nav_ros/install/rf2o_laser_odometry/share/rf2o_laser_odometry/environment/ament_prefix_path.dsv
[0.268s] -- Up-to-date: /home/dog/nav_ros/install/rf2o_laser_odometry/share/rf2o_laser_odometry/environment/path.sh
[0.268s] -- Up-to-date: /home/dog/nav_ros/install/rf2o_laser_odometry/share/rf2o_laser_odometry/environment/path.dsv
[0.268s] -- Up-to-date: /home/dog/nav_ros/install/rf2o_laser_odometry/share/rf2o_laser_odometry/local_setup.bash
[0.269s] -- Up-to-date: /home/dog/nav_ros/install/rf2o_laser_odometry/share/rf2o_laser_odometry/local_setup.sh
[0.269s] -- Up-to-date: /home/dog/nav_ros/install/rf2o_laser_odometry/share/rf2o_laser_odometry/local_setup.zsh
[0.269s] -- Up-to-date: /home/dog/nav_ros/install/rf2o_laser_odometry/share/rf2o_laser_odometry/local_setup.dsv
[0.269s] -- Installing: /home/dog/nav_ros/install/rf2o_laser_odometry/share/rf2o_laser_odometry/package.dsv
[0.269s] -- Up-to-date: /home/dog/nav_ros/install/rf2o_laser_odometry/share/ament_index/resource_index/packages/rf2o_laser_odometry
[0.270s] -- Up-to-date: /home/dog/nav_ros/install/rf2o_laser_odometry/share/rf2o_laser_odometry/cmake/rf2o_laser_odometryConfig.cmake
[0.270s] -- Up-to-date: /home/dog/nav_ros/install/rf2o_laser_odometry/share/rf2o_laser_odometry/cmake/rf2o_laser_odometryConfig-version.cmake
[0.270s] -- Up-to-date: /home/dog/nav_ros/install/rf2o_laser_odometry/share/rf2o_laser_odometry/package.xml
[0.275s] Invoked command in '/home/dog/nav_ros/build/rf2o_laser_odometry' returned '0': CMAKE_PREFIX_PATH=${CMAKE_PREFIX_PATH}:/opt/ros/humble /usr/bin/cmake --install /home/dog/nav_ros/build/rf2o_laser_odometry
