[0.018s] Invoking command in '/home/dog/nav_ros/build/nav2': CMAKE_PREFIX_PATH=/opt/ros/humble /usr/bin/cmake /home/dog/nav_ros/src/nav2 -DCMAKE_INSTALL_PREFIX=/home/dog/nav_ros/install/nav2
[0.189s] -- The C compiler identification is GNU 11.4.0
[0.335s] -- The CXX compiler identification is GNU 11.4.0
[0.359s] -- Detecting C compiler ABI info
[0.486s] -- Detecting C compiler ABI info - done
[0.508s] -- Check for working C compiler: /usr/bin/cc - skipped
[0.510s] -- Detecting C compile features
[0.511s] -- Detecting C compile features - done
[0.520s] -- Detecting CXX compiler ABI info
[0.655s] -- Detecting CXX compiler ABI info - done
[0.679s] -- Check for working CXX compiler: /usr/bin/c++ - skipped
[0.680s] -- Detecting CXX compile features
[0.681s] -- Detecting CXX compile features - done
[0.693s] -- Found ament_cmake: 1.3.14 (/opt/ros/humble/share/ament_cmake/cmake)
[0.979s] -- Found Python3: /usr/bin/python3 (found version "3.10.12") found components: Interpreter 
[1.180s] -- Found ament_lint_auto: 0.12.15 (/opt/ros/humble/share/ament_lint_auto/cmake)
[1.345s] -- Added test 'flake8' to check Python code syntax and style conventions
[1.346s] -- Added test 'lint_cmake' to check CMake code style
[1.347s] -- Added test 'pep257' to check Python code against some of the docstring style conventions in PEP 257
[1.349s] -- Added test 'xmllint' to check XML markup files
[1.352s] -- Configuring done
[1.358s] -- Generating done
[1.362s] -- Build files have been written to: /home/dog/nav_ros/build/nav2
[1.371s] Invoked command in '/home/dog/nav_ros/build/nav2' returned '0': CMAKE_PREFIX_PATH=/opt/ros/humble /usr/bin/cmake /home/dog/nav_ros/src/nav2 -DCMAKE_INSTALL_PREFIX=/home/dog/nav_ros/install/nav2
[1.377s] Invoking command in '/home/dog/nav_ros/build/nav2': CMAKE_PREFIX_PATH=/opt/ros/humble /usr/bin/cmake --build /home/dog/nav_ros/build/nav2 -- -j6 -l6
[1.442s] Invoked command in '/home/dog/nav_ros/build/nav2' returned '0': CMAKE_PREFIX_PATH=/opt/ros/humble /usr/bin/cmake --build /home/dog/nav_ros/build/nav2 -- -j6 -l6
[1.462s] Invoking command in '/home/dog/nav_ros/build/nav2': CMAKE_PREFIX_PATH=/opt/ros/humble /usr/bin/cmake --install /home/dog/nav_ros/build/nav2
[1.474s] -- Install configuration: ""
[1.474s] -- Installing: /home/dog/nav_ros/install/nav2/share/nav2/launch
[1.474s] -- Installing: /home/dog/nav_ros/install/nav2/share/nav2/launch/cartographer_nav.launch.py
[1.475s] -- Installing: /home/dog/nav_ros/install/nav2/share/nav2/config
[1.476s] -- Installing: /home/dog/nav_ros/install/nav2/share/nav2/config/nav2_params.yaml
[1.476s] -- Installing: /home/dog/nav_ros/install/nav2/share/nav2/config/my_cartographer_2d.lua
[1.476s] -- Installing: /home/dog/nav_ros/install/nav2/share/ament_index/resource_index/package_run_dependencies/nav2
[1.477s] -- Installing: /home/dog/nav_ros/install/nav2/share/ament_index/resource_index/parent_prefix_path/nav2
[1.477s] -- Installing: /home/dog/nav_ros/install/nav2/share/nav2/environment/ament_prefix_path.sh
[1.477s] -- Installing: /home/dog/nav_ros/install/nav2/share/nav2/environment/ament_prefix_path.dsv
[1.478s] -- Installing: /home/dog/nav_ros/install/nav2/share/nav2/environment/path.sh
[1.478s] -- Installing: /home/dog/nav_ros/install/nav2/share/nav2/environment/path.dsv
[1.478s] -- Installing: /home/dog/nav_ros/install/nav2/share/nav2/local_setup.bash
[1.479s] -- Installing: /home/dog/nav_ros/install/nav2/share/nav2/local_setup.sh
[1.479s] -- Installing: /home/dog/nav_ros/install/nav2/share/nav2/local_setup.zsh
[1.479s] -- Installing: /home/dog/nav_ros/install/nav2/share/nav2/local_setup.dsv
[1.479s] -- Installing: /home/dog/nav_ros/install/nav2/share/nav2/package.dsv
[1.480s] -- Installing: /home/dog/nav_ros/install/nav2/share/ament_index/resource_index/packages/nav2
[1.480s] -- Installing: /home/dog/nav_ros/install/nav2/share/nav2/cmake/nav2Config.cmake
[1.480s] -- Installing: /home/dog/nav_ros/install/nav2/share/nav2/cmake/nav2Config-version.cmake
[1.481s] -- Installing: /home/dog/nav_ros/install/nav2/share/nav2/package.xml
[1.485s] Invoked command in '/home/dog/nav_ros/build/nav2' returned '0': CMAKE_PREFIX_PATH=/opt/ros/humble /usr/bin/cmake --install /home/dog/nav_ros/build/nav2
