running egg_info
writing ../build/bpx_ekf_odom_ros/bpx_ekf_odom_ros.egg-info/PKG-INFO
writing dependency_links to ../build/bpx_ekf_odom_ros/bpx_ekf_odom_ros.egg-info/dependency_links.txt
writing entry points to ../build/bpx_ekf_odom_ros/bpx_ekf_odom_ros.egg-info/entry_points.txt
writing requirements to ../build/bpx_ekf_odom_ros/bpx_ekf_odom_ros.egg-info/requires.txt
writing top-level names to ../build/bpx_ekf_odom_ros/bpx_ekf_odom_ros.egg-info/top_level.txt
reading manifest file '../build/bpx_ekf_odom_ros/bpx_ekf_odom_ros.egg-info/SOURCES.txt'
writing manifest file '../build/bpx_ekf_odom_ros/bpx_ekf_odom_ros.egg-info/SOURCES.txt'
running build
running build_py
copying bpx_ekf_odom_ros/ekf_odom_node.py -> /home/dog/nav_ros/build/bpx_ekf_odom_ros/build/lib/bpx_ekf_odom_ros
running install
running install_lib
copying /home/dog/nav_ros/build/bpx_ekf_odom_ros/build/lib/bpx_ekf_odom_ros/ekf_odom_node.py -> /home/dog/nav_ros/install/bpx_ekf_odom_ros/lib/python3.10/site-packages/bpx_ekf_odom_ros
byte-compiling /home/dog/nav_ros/install/bpx_ekf_odom_ros/lib/python3.10/site-packages/bpx_ekf_odom_ros/ekf_odom_node.py to ekf_odom_node.cpython-310.pyc
running install_data
running install_egg_info
removing '/home/dog/nav_ros/install/bpx_ekf_odom_ros/lib/python3.10/site-packages/bpx_ekf_odom_ros-0.1.0-py3.10.egg-info' (and everything under it)
Copying ../build/bpx_ekf_odom_ros/bpx_ekf_odom_ros.egg-info to /home/dog/nav_ros/install/bpx_ekf_odom_ros/lib/python3.10/site-packages/bpx_ekf_odom_ros-0.1.0-py3.10.egg-info
running install_scripts
Installing csv_player script to /home/dog/nav_ros/install/bpx_ekf_odom_ros/lib/bpx_ekf_odom_ros
Installing ekf_odom_node script to /home/dog/nav_ros/install/bpx_ekf_odom_ros/lib/bpx_ekf_odom_ros
Installing odom_recorder script to /home/dog/nav_ros/install/bpx_ekf_odom_ros/lib/bpx_ekf_odom_ros
Installing walk_measure script to /home/dog/nav_ros/install/bpx_ekf_odom_ros/lib/bpx_ekf_odom_ros
writing list of installed files to '/home/dog/nav_ros/build/bpx_ekf_odom_ros/install.log'
