[1.319s] Invoking command in '/home/dog/nav_ros/bpx_ekf_odom_ros': PYTHONPATH=/home/dog/nav_ros/build/bpx_ekf_odom_ros/prefix_override:/usr/lib/python3/dist-packages/colcon_core/task/python/colcon_distutils_commands:/home/dog/nav_ros/install/bpx_ekf_odom_ros/lib/python3.10/site-packages:${PYTHONPATH} /usr/bin/python3 -W ignore:setup.py install is deprecated -W ignore:easy_install command is deprecated setup.py egg_info --egg-base ../build/bpx_ekf_odom_ros build --build-base /home/dog/nav_ros/build/bpx_ekf_odom_ros/build install --record /home/dog/nav_ros/build/bpx_ekf_odom_ros/install.log --single-version-externally-managed install_data
[1.800s] running egg_info
[1.801s] writing ../build/bpx_ekf_odom_ros/bpx_ekf_odom_ros.egg-info/PKG-INFO
[1.802s] writing dependency_links to ../build/bpx_ekf_odom_ros/bpx_ekf_odom_ros.egg-info/dependency_links.txt
[1.802s] writing entry points to ../build/bpx_ekf_odom_ros/bpx_ekf_odom_ros.egg-info/entry_points.txt
[1.803s] writing requirements to ../build/bpx_ekf_odom_ros/bpx_ekf_odom_ros.egg-info/requires.txt
[1.803s] writing top-level names to ../build/bpx_ekf_odom_ros/bpx_ekf_odom_ros.egg-info/top_level.txt
[1.807s] reading manifest file '../build/bpx_ekf_odom_ros/bpx_ekf_odom_ros.egg-info/SOURCES.txt'
[1.808s] writing manifest file '../build/bpx_ekf_odom_ros/bpx_ekf_odom_ros.egg-info/SOURCES.txt'
[1.809s] running build
[1.809s] running build_py
[1.813s] copying bpx_ekf_odom_ros/ekf_odom_node.py -> /home/dog/nav_ros/build/bpx_ekf_odom_ros/build/lib/bpx_ekf_odom_ros
[1.813s] running install
[1.814s] running install_lib
[1.814s] copying /home/dog/nav_ros/build/bpx_ekf_odom_ros/build/lib/bpx_ekf_odom_ros/ekf_odom_node.py -> /home/dog/nav_ros/install/bpx_ekf_odom_ros/lib/python3.10/site-packages/bpx_ekf_odom_ros
[1.816s] byte-compiling /home/dog/nav_ros/install/bpx_ekf_odom_ros/lib/python3.10/site-packages/bpx_ekf_odom_ros/ekf_odom_node.py to ekf_odom_node.cpython-310.pyc
[1.821s] running install_data
[1.822s] running install_egg_info
[1.825s] removing '/home/dog/nav_ros/install/bpx_ekf_odom_ros/lib/python3.10/site-packages/bpx_ekf_odom_ros-0.1.0-py3.10.egg-info' (and everything under it)
[1.826s] Copying ../build/bpx_ekf_odom_ros/bpx_ekf_odom_ros.egg-info to /home/dog/nav_ros/install/bpx_ekf_odom_ros/lib/python3.10/site-packages/bpx_ekf_odom_ros-0.1.0-py3.10.egg-info
[1.828s] running install_scripts
[1.869s] Installing csv_player script to /home/dog/nav_ros/install/bpx_ekf_odom_ros/lib/bpx_ekf_odom_ros
[1.870s] Installing ekf_odom_node script to /home/dog/nav_ros/install/bpx_ekf_odom_ros/lib/bpx_ekf_odom_ros
[1.870s] Installing odom_recorder script to /home/dog/nav_ros/install/bpx_ekf_odom_ros/lib/bpx_ekf_odom_ros
[1.871s] Installing walk_measure script to /home/dog/nav_ros/install/bpx_ekf_odom_ros/lib/bpx_ekf_odom_ros
[1.872s] writing list of installed files to '/home/dog/nav_ros/build/bpx_ekf_odom_ros/install.log'
[1.940s] Invoked command in '/home/dog/nav_ros/bpx_ekf_odom_ros' returned '0': PYTHONPATH=/home/dog/nav_ros/build/bpx_ekf_odom_ros/prefix_override:/usr/lib/python3/dist-packages/colcon_core/task/python/colcon_distutils_commands:/home/dog/nav_ros/install/bpx_ekf_odom_ros/lib/python3.10/site-packages:${PYTHONPATH} /usr/bin/python3 -W ignore:setup.py install is deprecated -W ignore:easy_install command is deprecated setup.py egg_info --egg-base ../build/bpx_ekf_odom_ros build --build-base /home/dog/nav_ros/build/bpx_ekf_odom_ros/build install --record /home/dog/nav_ros/build/bpx_ekf_odom_ros/install.log --single-version-externally-managed install_data
