[0.044s] Invoking command in '/home/dog/nav_ros/build/slam': CMAKE_PREFIX_PATH=${CMAKE_PREFIX_PATH}:/opt/ros/humble /usr/bin/cmake --build /home/dog/nav_ros/build/slam -- -j6 -l6
[0.144s] Invoked command in '/home/dog/nav_ros/build/slam' returned '0': CMAKE_PREFIX_PATH=${CMAKE_PREFIX_PATH}:/opt/ros/humble /usr/bin/cmake --build /home/dog/nav_ros/build/slam -- -j6 -l6
[0.147s] Invoking command in '/home/dog/nav_ros/build/slam': CMAKE_PREFIX_PATH=${CMAKE_PREFIX_PATH}:/opt/ros/humble /usr/bin/cmake --install /home/dog/nav_ros/build/slam
[0.164s] -- Install configuration: ""
[0.164s] -- Up-to-date: /home/dog/nav_ros/install/slam/share/ament_index/resource_index/package_run_dependencies/slam
[0.165s] -- Up-to-date: /home/dog/nav_ros/install/slam/share/ament_index/resource_index/parent_prefix_path/slam
[0.166s] -- Up-to-date: /home/dog/nav_ros/install/slam/share/slam/environment/ament_prefix_path.sh
[0.166s] -- Up-to-date: /home/dog/nav_ros/install/slam/share/slam/environment/ament_prefix_path.dsv
[0.166s] -- Up-to-date: /home/dog/nav_ros/install/slam/share/slam/environment/path.sh
[0.166s] -- Up-to-date: /home/dog/nav_ros/install/slam/share/slam/environment/path.dsv
[0.167s] -- Up-to-date: /home/dog/nav_ros/install/slam/share/slam/local_setup.bash
[0.168s] -- Up-to-date: /home/dog/nav_ros/install/slam/share/slam/local_setup.sh
[0.171s] -- Up-to-date: /home/dog/nav_ros/install/slam/share/slam/local_setup.zsh
[0.172s] -- Up-to-date: /home/dog/nav_ros/install/slam/share/slam/local_setup.dsv
[0.172s] -- Installing: /home/dog/nav_ros/install/slam/share/slam/package.dsv
[0.172s] -- Up-to-date: /home/dog/nav_ros/install/slam/share/ament_index/resource_index/packages/slam
[0.172s] -- Up-to-date: /home/dog/nav_ros/install/slam/share/slam/cmake/slamConfig.cmake
[0.172s] -- Up-to-date: /home/dog/nav_ros/install/slam/share/slam/cmake/slamConfig-version.cmake
[0.173s] -- Up-to-date: /home/dog/nav_ros/install/slam/share/slam/package.xml
[0.216s] Invoked command in '/home/dog/nav_ros/build/slam' returned '0': CMAKE_PREFIX_PATH=${CMAKE_PREFIX_PATH}:/opt/ros/humble /usr/bin/cmake --install /home/dog/nav_ros/build/slam
