[0.033s] Invoking command in '/home/dog/nav_ros/build/slam': CMAKE_PREFIX_PATH=${CMAKE_PREFIX_PATH}:/opt/ros/humble /usr/bin/cmake /home/dog/nav_ros/src/slam -DCMAKE_INSTALL_PREFIX=/home/dog/nav_ros/install/slam
[0.214s] -- The C compiler identification is GNU 11.4.0
[0.363s] -- The CXX compiler identification is GNU 11.4.0
[0.381s] -- Detecting C compiler ABI info
[0.524s] -- Detecting C compiler ABI info - done
[0.542s] -- Check for working C compiler: /usr/bin/cc - skipped
[0.543s] -- Detecting C compile features
[0.545s] -- Detecting C compile features - done
[0.558s] -- Detecting CXX compiler ABI info
[0.725s] -- Detecting CXX compiler ABI info - done
[0.738s] -- Check for working CXX compiler: /usr/bin/c++ - skipped
[0.739s] -- Detecting CXX compile features
[0.742s] -- Detecting CXX compile features - done
[0.746s] -- Found ament_cmake: 1.3.14 (/opt/ros/humble/share/ament_cmake/cmake)
[1.078s] -- Found Python3: /usr/bin/python3 (found version "3.10.12") found components: Interpreter 
[1.296s] -- Found ament_lint_auto: 0.12.15 (/opt/ros/humble/share/ament_lint_auto/cmake)
[1.471s] -- Added test 'lint_cmake' to check CMake code style
[1.474s] -- Added test 'xmllint' to check XML markup files
[1.478s] -- Configuring done
[1.486s] -- Generating done
[1.489s] -- Build files have been written to: /home/dog/nav_ros/build/slam
[1.501s] Invoked command in '/home/dog/nav_ros/build/slam' returned '0': CMAKE_PREFIX_PATH=${CMAKE_PREFIX_PATH}:/opt/ros/humble /usr/bin/cmake /home/dog/nav_ros/src/slam -DCMAKE_INSTALL_PREFIX=/home/dog/nav_ros/install/slam
[1.505s] Invoking command in '/home/dog/nav_ros/build/slam': CMAKE_PREFIX_PATH=${CMAKE_PREFIX_PATH}:/opt/ros/humble /usr/bin/cmake --build /home/dog/nav_ros/build/slam -- -j6 -l6
[1.604s] Invoked command in '/home/dog/nav_ros/build/slam' returned '0': CMAKE_PREFIX_PATH=${CMAKE_PREFIX_PATH}:/opt/ros/humble /usr/bin/cmake --build /home/dog/nav_ros/build/slam -- -j6 -l6
[1.606s] Invoking command in '/home/dog/nav_ros/build/slam': CMAKE_PREFIX_PATH=${CMAKE_PREFIX_PATH}:/opt/ros/humble /usr/bin/cmake --install /home/dog/nav_ros/build/slam
[1.621s] -- Install configuration: ""
[1.622s] -- Installing: /home/dog/nav_ros/install/slam/share/ament_index/resource_index/package_run_dependencies/slam
[1.622s] -- Installing: /home/dog/nav_ros/install/slam/share/ament_index/resource_index/parent_prefix_path/slam
[1.623s] -- Installing: /home/dog/nav_ros/install/slam/share/slam/environment/ament_prefix_path.sh
[1.625s] -- Installing: /home/dog/nav_ros/install/slam/share/slam/environment/ament_prefix_path.dsv
[1.626s] -- Installing: /home/dog/nav_ros/install/slam/share/slam/environment/path.sh
[1.627s] -- Installing: /home/dog/nav_ros/install/slam/share/slam/environment/path.dsv
[1.627s] -- Installing: /home/dog/nav_ros/install/slam/share/slam/local_setup.bash
[1.627s] -- Installing: /home/dog/nav_ros/install/slam/share/slam/local_setup.sh
[1.628s] -- Installing: /home/dog/nav_ros/install/slam/share/slam/local_setup.zsh
[1.628s] -- Installing: /home/dog/nav_ros/install/slam/share/slam/local_setup.dsv
[1.628s] -- Installing: /home/dog/nav_ros/install/slam/share/slam/package.dsv
[1.629s] -- Installing: /home/dog/nav_ros/install/slam/share/ament_index/resource_index/packages/slam
[1.630s] -- Installing: /home/dog/nav_ros/install/slam/share/slam/cmake/slamConfig.cmake
[1.630s] -- Installing: /home/dog/nav_ros/install/slam/share/slam/cmake/slamConfig-version.cmake
[1.630s] -- Installing: /home/dog/nav_ros/install/slam/share/slam/package.xml
[1.669s] Invoked command in '/home/dog/nav_ros/build/slam' returned '0': CMAKE_PREFIX_PATH=${CMAKE_PREFIX_PATH}:/opt/ros/humble /usr/bin/cmake --install /home/dog/nav_ros/build/slam
