[0.271s] DEBUG:colcon:Command line arguments: ['/usr/bin/colcon', 'build', '--packages-select', 'nav2']
[0.271s] DEBUG:colcon:Parsed command line arguments: Namespace(log_base=None, log_level=None, verb_name='build', build_base='build', install_base='install', merge_install=False, symlink_install=False, test_result_base=None, continue_on_error=False, executor='parallel', parallel_workers=6, event_handlers=None, ignore_user_meta=False, metas=['./colcon.meta'], base_paths=['.'], packages_ignore=None, packages_ignore_regex=None, paths=None, packages_up_to=None, packages_up_to_regex=None, packages_above=None, packages_above_and_dependencies=None, packages_above_depth=None, packages_select_by_dep=None, packages_skip_by_dep=None, packages_skip_up_to=None, packages_select_build_failed=False, packages_skip_build_finished=False, packages_select_test_failures=False, packages_skip_test_passed=False, packages_select=['nav2'], packages_skip=None, packages_select_regex=None, packages_skip_regex=None, packages_start=None, packages_end=None, allow_overriding=[], cmake_args=None, cmake_target=None, cmake_target_skip_unavailable=False, cmake_clean_cache=False, cmake_clean_first=False, cmake_force_configure=False, ament_cmake_args=None, catkin_cmake_args=None, catkin_skip_building_tests=False, verb_parser=<colcon_defaults.argument_parser.defaults.DefaultArgumentsDecorator object at 0xffff8bae84f0>, verb_extension=<colcon_core.verb.build.BuildVerb object at 0xffff8babbf70>, main=<bound method BuildVerb.main of <colcon_core.verb.build.BuildVerb object at 0xffff8babbf70>>)
[0.694s] Level 1:colcon.colcon_core.package_discovery:discover_packages(colcon_meta) check parameters
[0.695s] Level 1:colcon.colcon_core.package_discovery:discover_packages(recursive) check parameters
[0.695s] Level 1:colcon.colcon_core.package_discovery:discover_packages(ignore) check parameters
[0.695s] Level 1:colcon.colcon_core.package_discovery:discover_packages(path) check parameters
[0.695s] Level 1:colcon.colcon_core.package_discovery:discover_packages(colcon_meta) discover
[0.695s] Level 1:colcon.colcon_core.package_discovery:discover_packages(recursive) discover
[0.695s] INFO:colcon.colcon_core.package_discovery:Crawling recursively for packages in '/home/dog/nav_ros'
[0.695s] Level 1:colcon.colcon_core.package_identification:_identify(.) by extensions ['ignore', 'ignore_ament_install']
[0.696s] Level 1:colcon.colcon_core.package_identification:_identify(.) by extension 'ignore'
[0.696s] Level 1:colcon.colcon_core.package_identification:_identify(.) by extension 'ignore_ament_install'
[0.696s] Level 1:colcon.colcon_core.package_identification:_identify(.) by extensions ['colcon_pkg']
[0.696s] Level 1:colcon.colcon_core.package_identification:_identify(.) by extension 'colcon_pkg'
[0.696s] Level 1:colcon.colcon_core.package_identification:_identify(.) by extensions ['colcon_meta']
[0.696s] Level 1:colcon.colcon_core.package_identification:_identify(.) by extension 'colcon_meta'
[0.696s] Level 1:colcon.colcon_core.package_identification:_identify(.) by extensions ['ros']
[0.696s] Level 1:colcon.colcon_core.package_identification:_identify(.) by extension 'ros'
[0.720s] Level 1:colcon.colcon_core.package_identification:_identify(.) by extensions ['cmake', 'python']
[0.721s] Level 1:colcon.colcon_core.package_identification:_identify(.) by extension 'cmake'
[0.721s] Level 1:colcon.colcon_core.package_identification:_identify(.) by extension 'python'
[0.721s] Level 1:colcon.colcon_core.package_identification:_identify(.) by extensions ['python_setup_py']
[0.721s] Level 1:colcon.colcon_core.package_identification:_identify(.) by extension 'python_setup_py'
[0.721s] Level 1:colcon.colcon_core.package_identification:_identify(build) by extensions ['ignore', 'ignore_ament_install']
[0.722s] Level 1:colcon.colcon_core.package_identification:_identify(build) by extension 'ignore'
[0.722s] Level 1:colcon.colcon_core.package_identification:_identify(build) ignored
[0.722s] Level 1:colcon.colcon_core.package_identification:_identify(install) by extensions ['ignore', 'ignore_ament_install']
[0.722s] Level 1:colcon.colcon_core.package_identification:_identify(install) by extension 'ignore'
[0.722s] Level 1:colcon.colcon_core.package_identification:_identify(install) ignored
[0.723s] Level 1:colcon.colcon_core.package_identification:_identify(log) by extensions ['ignore', 'ignore_ament_install']
[0.723s] Level 1:colcon.colcon_core.package_identification:_identify(log) by extension 'ignore'
[0.723s] Level 1:colcon.colcon_core.package_identification:_identify(log) ignored
[0.723s] Level 1:colcon.colcon_core.package_identification:_identify(src) by extensions ['ignore', 'ignore_ament_install']
[0.723s] Level 1:colcon.colcon_core.package_identification:_identify(src) by extension 'ignore'
[0.723s] Level 1:colcon.colcon_core.package_identification:_identify(src) by extension 'ignore_ament_install'
[0.724s] Level 1:colcon.colcon_core.package_identification:_identify(src) by extensions ['colcon_pkg']
[0.724s] Level 1:colcon.colcon_core.package_identification:_identify(src) by extension 'colcon_pkg'
[0.724s] Level 1:colcon.colcon_core.package_identification:_identify(src) by extensions ['colcon_meta']
[0.724s] Level 1:colcon.colcon_core.package_identification:_identify(src) by extension 'colcon_meta'
[0.724s] Level 1:colcon.colcon_core.package_identification:_identify(src) by extensions ['ros']
[0.724s] Level 1:colcon.colcon_core.package_identification:_identify(src) by extension 'ros'
[0.724s] Level 1:colcon.colcon_core.package_identification:_identify(src) by extensions ['cmake', 'python']
[0.724s] Level 1:colcon.colcon_core.package_identification:_identify(src) by extension 'cmake'
[0.724s] Level 1:colcon.colcon_core.package_identification:_identify(src) by extension 'python'
[0.724s] Level 1:colcon.colcon_core.package_identification:_identify(src) by extensions ['python_setup_py']
[0.725s] Level 1:colcon.colcon_core.package_identification:_identify(src) by extension 'python_setup_py'
[0.725s] Level 1:colcon.colcon_core.package_identification:_identify(src/bpx_driver) by extensions ['ignore', 'ignore_ament_install']
[0.725s] Level 1:colcon.colcon_core.package_identification:_identify(src/bpx_driver) by extension 'ignore'
[0.725s] Level 1:colcon.colcon_core.package_identification:_identify(src/bpx_driver) by extension 'ignore_ament_install'
[0.725s] Level 1:colcon.colcon_core.package_identification:_identify(src/bpx_driver) by extensions ['colcon_pkg']
[0.725s] Level 1:colcon.colcon_core.package_identification:_identify(src/bpx_driver) by extension 'colcon_pkg'
[0.725s] Level 1:colcon.colcon_core.package_identification:_identify(src/bpx_driver) by extensions ['colcon_meta']
[0.725s] Level 1:colcon.colcon_core.package_identification:_identify(src/bpx_driver) by extension 'colcon_meta'
[0.726s] Level 1:colcon.colcon_core.package_identification:_identify(src/bpx_driver) by extensions ['ros']
[0.726s] Level 1:colcon.colcon_core.package_identification:_identify(src/bpx_driver) by extension 'ros'
[0.733s] DEBUG:colcon.colcon_core.package_identification:Package 'src/bpx_driver' with type 'ros.ament_cmake' and name 'bpx_driver'
[0.733s] Level 1:colcon.colcon_core.package_identification:_identify(src/nav2) by extensions ['ignore', 'ignore_ament_install']
[0.733s] Level 1:colcon.colcon_core.package_identification:_identify(src/nav2) by extension 'ignore'
[0.733s] Level 1:colcon.colcon_core.package_identification:_identify(src/nav2) by extension 'ignore_ament_install'
[0.733s] Level 1:colcon.colcon_core.package_identification:_identify(src/nav2) by extensions ['colcon_pkg']
[0.733s] Level 1:colcon.colcon_core.package_identification:_identify(src/nav2) by extension 'colcon_pkg'
[0.734s] Level 1:colcon.colcon_core.package_identification:_identify(src/nav2) by extensions ['colcon_meta']
[0.734s] Level 1:colcon.colcon_core.package_identification:_identify(src/nav2) by extension 'colcon_meta'
[0.734s] Level 1:colcon.colcon_core.package_identification:_identify(src/nav2) by extensions ['ros']
[0.734s] Level 1:colcon.colcon_core.package_identification:_identify(src/nav2) by extension 'ros'
[0.735s] DEBUG:colcon.colcon_core.package_identification:Package 'src/nav2' with type 'ros.ament_cmake' and name 'nav2'
[0.735s] Level 1:colcon.colcon_core.package_identification:_identify(src/rf2o_laser_odometry) by extensions ['ignore', 'ignore_ament_install']
[0.736s] Level 1:colcon.colcon_core.package_identification:_identify(src/rf2o_laser_odometry) by extension 'ignore'
[0.736s] Level 1:colcon.colcon_core.package_identification:_identify(src/rf2o_laser_odometry) by extension 'ignore_ament_install'
[0.736s] Level 1:colcon.colcon_core.package_identification:_identify(src/rf2o_laser_odometry) by extensions ['colcon_pkg']
[0.736s] Level 1:colcon.colcon_core.package_identification:_identify(src/rf2o_laser_odometry) by extension 'colcon_pkg'
[0.736s] Level 1:colcon.colcon_core.package_identification:_identify(src/rf2o_laser_odometry) by extensions ['colcon_meta']
[0.736s] Level 1:colcon.colcon_core.package_identification:_identify(src/rf2o_laser_odometry) by extension 'colcon_meta'
[0.736s] Level 1:colcon.colcon_core.package_identification:_identify(src/rf2o_laser_odometry) by extensions ['ros']
[0.736s] Level 1:colcon.colcon_core.package_identification:_identify(src/rf2o_laser_odometry) by extension 'ros'
[0.738s] DEBUG:colcon.colcon_core.package_identification:Package 'src/rf2o_laser_odometry' with type 'ros.ament_cmake' and name 'rf2o_laser_odometry'
[0.739s] Level 1:colcon.colcon_core.package_identification:_identify(src/slam) by extensions ['ignore', 'ignore_ament_install']
[0.739s] Level 1:colcon.colcon_core.package_identification:_identify(src/slam) by extension 'ignore'
[0.739s] Level 1:colcon.colcon_core.package_identification:_identify(src/slam) by extension 'ignore_ament_install'
[0.739s] Level 1:colcon.colcon_core.package_identification:_identify(src/slam) by extensions ['colcon_pkg']
[0.739s] Level 1:colcon.colcon_core.package_identification:_identify(src/slam) by extension 'colcon_pkg'
[0.739s] Level 1:colcon.colcon_core.package_identification:_identify(src/slam) by extensions ['colcon_meta']
[0.739s] Level 1:colcon.colcon_core.package_identification:_identify(src/slam) by extension 'colcon_meta'
[0.740s] Level 1:colcon.colcon_core.package_identification:_identify(src/slam) by extensions ['ros']
[0.740s] Level 1:colcon.colcon_core.package_identification:_identify(src/slam) by extension 'ros'
[0.741s] DEBUG:colcon.colcon_core.package_identification:Package 'src/slam' with type 'ros.ament_cmake' and name 'slam'
[0.741s] Level 1:colcon.colcon_core.package_identification:_identify(src/sllidar_ros2) by extensions ['ignore', 'ignore_ament_install']
[0.741s] Level 1:colcon.colcon_core.package_identification:_identify(src/sllidar_ros2) by extension 'ignore'
[0.741s] Level 1:colcon.colcon_core.package_identification:_identify(src/sllidar_ros2) by extension 'ignore_ament_install'
[0.741s] Level 1:colcon.colcon_core.package_identification:_identify(src/sllidar_ros2) by extensions ['colcon_pkg']
[0.741s] Level 1:colcon.colcon_core.package_identification:_identify(src/sllidar_ros2) by extension 'colcon_pkg'
[0.742s] Level 1:colcon.colcon_core.package_identification:_identify(src/sllidar_ros2) by extensions ['colcon_meta']
[0.742s] Level 1:colcon.colcon_core.package_identification:_identify(src/sllidar_ros2) by extension 'colcon_meta'
[0.742s] Level 1:colcon.colcon_core.package_identification:_identify(src/sllidar_ros2) by extensions ['ros']
[0.742s] Level 1:colcon.colcon_core.package_identification:_identify(src/sllidar_ros2) by extension 'ros'
[0.743s] DEBUG:colcon.colcon_core.package_identification:Package 'src/sllidar_ros2' with type 'ros.ament_cmake' and name 'sllidar_ros2'
[0.743s] Level 1:colcon.colcon_core.package_discovery:discover_packages(recursive) using defaults
[0.744s] Level 1:colcon.colcon_core.package_discovery:discover_packages(ignore) discover
[0.744s] Level 1:colcon.colcon_core.package_discovery:discover_packages(ignore) using defaults
[0.744s] Level 1:colcon.colcon_core.package_discovery:discover_packages(path) discover
[0.744s] Level 1:colcon.colcon_core.package_discovery:discover_packages(path) using defaults
[0.815s] INFO:colcon.colcon_core.package_selection:Skipping not selected package 'bpx_driver' in 'src/bpx_driver'
[0.816s] INFO:colcon.colcon_core.package_selection:Skipping not selected package 'rf2o_laser_odometry' in 'src/rf2o_laser_odometry'
[0.816s] INFO:colcon.colcon_core.package_selection:Skipping not selected package 'slam' in 'src/slam'
[0.816s] INFO:colcon.colcon_core.package_selection:Skipping not selected package 'sllidar_ros2' in 'src/sllidar_ros2'
[0.817s] Level 1:colcon.colcon_core.package_discovery:discover_packages(prefix_path) check parameters
[0.817s] Level 1:colcon.colcon_core.package_discovery:discover_packages(prefix_path) discover
[0.823s] DEBUG:colcon.colcon_installed_package_information.package_discovery:Found 320 installed packages in /opt/ros/humble
[0.826s] Level 1:colcon.colcon_core.package_discovery:discover_packages(prefix_path) using defaults
[0.911s] Level 5:colcon.colcon_core.verb:set package 'nav2' build argument 'cmake_args' from command line to 'None'
[0.911s] Level 5:colcon.colcon_core.verb:set package 'nav2' build argument 'cmake_target' from command line to 'None'
[0.912s] Level 5:colcon.colcon_core.verb:set package 'nav2' build argument 'cmake_target_skip_unavailable' from command line to 'False'
[0.912s] Level 5:colcon.colcon_core.verb:set package 'nav2' build argument 'cmake_clean_cache' from command line to 'False'
[0.912s] Level 5:colcon.colcon_core.verb:set package 'nav2' build argument 'cmake_clean_first' from command line to 'False'
[0.912s] Level 5:colcon.colcon_core.verb:set package 'nav2' build argument 'cmake_force_configure' from command line to 'False'
[0.912s] Level 5:colcon.colcon_core.verb:set package 'nav2' build argument 'ament_cmake_args' from command line to 'None'
[0.912s] Level 5:colcon.colcon_core.verb:set package 'nav2' build argument 'catkin_cmake_args' from command line to 'None'
[0.912s] Level 5:colcon.colcon_core.verb:set package 'nav2' build argument 'catkin_skip_building_tests' from command line to 'False'
[0.912s] DEBUG:colcon.colcon_core.verb:Building package 'nav2' with the following arguments: {'ament_cmake_args': None, 'build_base': '/home/dog/nav_ros/build/nav2', 'catkin_cmake_args': None, 'catkin_skip_building_tests': False, 'cmake_args': None, 'cmake_clean_cache': False, 'cmake_clean_first': False, 'cmake_force_configure': False, 'cmake_target': None, 'cmake_target_skip_unavailable': False, 'install_base': '/home/dog/nav_ros/install/nav2', 'merge_install': False, 'path': '/home/dog/nav_ros/src/nav2', 'symlink_install': False, 'test_result_base': None}
[0.912s] INFO:colcon.colcon_core.executor:Executing jobs using 'parallel' executor
[0.915s] DEBUG:colcon.colcon_parallel_executor.executor.parallel:run_until_complete
[0.915s] INFO:colcon.colcon_ros.task.ament_cmake.build:Building ROS package in '/home/dog/nav_ros/src/nav2' with build type 'ament_cmake'
[0.915s] INFO:colcon.colcon_cmake.task.cmake.build:Building CMake package in '/home/dog/nav_ros/src/nav2'
[0.923s] INFO:colcon.colcon_core.plugin_system:Skipping extension 'colcon_core.shell.bat': Not used on non-Windows systems
[0.923s] INFO:colcon.colcon_core.shell:Skip shell extension 'powershell' for command environment: Not usable outside of PowerShell
[0.924s] DEBUG:colcon.colcon_core.shell:Skip shell extension 'dsv' for command environment
[0.935s] DEBUG:colcon.colcon_core.event_handler.log_command:Invoking command in '/home/dog/nav_ros/build/nav2': CMAKE_PREFIX_PATH=/opt/ros/humble /usr/bin/cmake /home/dog/nav_ros/src/nav2 -DCMAKE_INSTALL_PREFIX=/home/dog/nav_ros/install/nav2
[2.288s] DEBUG:colcon.colcon_core.event_handler.log_command:Invoked command in '/home/dog/nav_ros/build/nav2' returned '0': CMAKE_PREFIX_PATH=/opt/ros/humble /usr/bin/cmake /home/dog/nav_ros/src/nav2 -DCMAKE_INSTALL_PREFIX=/home/dog/nav_ros/install/nav2
[2.294s] DEBUG:colcon.colcon_core.event_handler.log_command:Invoking command in '/home/dog/nav_ros/build/nav2': CMAKE_PREFIX_PATH=/opt/ros/humble /usr/bin/cmake --build /home/dog/nav_ros/build/nav2 -- -j6 -l6
[2.359s] DEBUG:colcon.colcon_core.event_handler.log_command:Invoked command in '/home/dog/nav_ros/build/nav2' returned '0': CMAKE_PREFIX_PATH=/opt/ros/humble /usr/bin/cmake --build /home/dog/nav_ros/build/nav2 -- -j6 -l6
[2.379s] DEBUG:colcon.colcon_core.event_handler.log_command:Invoking command in '/home/dog/nav_ros/build/nav2': CMAKE_PREFIX_PATH=/opt/ros/humble /usr/bin/cmake --install /home/dog/nav_ros/build/nav2
[2.400s] Level 1:colcon.colcon_core.environment:create_environment_scripts_only(nav2)
[2.401s] DEBUG:colcon.colcon_core.event_handler.log_command:Invoked command in '/home/dog/nav_ros/build/nav2' returned '0': CMAKE_PREFIX_PATH=/opt/ros/humble /usr/bin/cmake --install /home/dog/nav_ros/build/nav2
[2.410s] Level 1:colcon.colcon_core.environment:checking '/home/dog/nav_ros/install/nav2' for CMake module files
[2.412s] Level 1:colcon.colcon_core.environment:checking '/home/dog/nav_ros/install/nav2' for CMake config files
[2.412s] Level 1:colcon.colcon_core.shell:create_environment_hook('nav2', 'cmake_prefix_path')
[2.413s] INFO:colcon.colcon_core.shell:Creating environment hook '/home/dog/nav_ros/install/nav2/share/nav2/hook/cmake_prefix_path.ps1'
[2.415s] INFO:colcon.colcon_core.shell:Creating environment descriptor '/home/dog/nav_ros/install/nav2/share/nav2/hook/cmake_prefix_path.dsv'
[2.416s] INFO:colcon.colcon_core.shell:Creating environment hook '/home/dog/nav_ros/install/nav2/share/nav2/hook/cmake_prefix_path.sh'
[2.419s] Level 1:colcon.colcon_core.environment:checking '/home/dog/nav_ros/install/nav2/bin'
[2.419s] Level 1:colcon.colcon_core.environment:checking '/home/dog/nav_ros/install/nav2/lib/pkgconfig/nav2.pc'
[2.420s] Level 1:colcon.colcon_core.environment:checking '/home/dog/nav_ros/install/nav2/lib/python3.10/site-packages'
[2.421s] Level 1:colcon.colcon_core.environment:checking '/home/dog/nav_ros/install/nav2/bin'
[2.422s] INFO:colcon.colcon_core.shell:Creating package script '/home/dog/nav_ros/install/nav2/share/nav2/package.ps1'
[2.425s] INFO:colcon.colcon_core.shell:Creating package descriptor '/home/dog/nav_ros/install/nav2/share/nav2/package.dsv'
[2.427s] INFO:colcon.colcon_core.shell:Creating package script '/home/dog/nav_ros/install/nav2/share/nav2/package.sh'
[2.429s] INFO:colcon.colcon_core.shell:Creating package script '/home/dog/nav_ros/install/nav2/share/nav2/package.bash'
[2.431s] INFO:colcon.colcon_core.shell:Creating package script '/home/dog/nav_ros/install/nav2/share/nav2/package.zsh'
[2.433s] Level 1:colcon.colcon_core.environment:create_file_with_runtime_dependencies(/home/dog/nav_ros/install/nav2/share/colcon-core/packages/nav2)
[2.434s] Level 1:colcon.colcon_core.environment:create_environment_scripts_only(nav2)
[2.435s] Level 1:colcon.colcon_core.environment:checking '/home/dog/nav_ros/install/nav2' for CMake module files
[2.436s] Level 1:colcon.colcon_core.environment:checking '/home/dog/nav_ros/install/nav2' for CMake config files
[2.436s] Level 1:colcon.colcon_core.shell:create_environment_hook('nav2', 'cmake_prefix_path')
[2.437s] INFO:colcon.colcon_core.shell:Creating environment hook '/home/dog/nav_ros/install/nav2/share/nav2/hook/cmake_prefix_path.ps1'
[2.438s] INFO:colcon.colcon_core.shell:Creating environment descriptor '/home/dog/nav_ros/install/nav2/share/nav2/hook/cmake_prefix_path.dsv'
[2.438s] INFO:colcon.colcon_core.shell:Creating environment hook '/home/dog/nav_ros/install/nav2/share/nav2/hook/cmake_prefix_path.sh'
[2.440s] Level 1:colcon.colcon_core.environment:checking '/home/dog/nav_ros/install/nav2/bin'
[2.440s] Level 1:colcon.colcon_core.environment:checking '/home/dog/nav_ros/install/nav2/lib/pkgconfig/nav2.pc'
[2.441s] Level 1:colcon.colcon_core.environment:checking '/home/dog/nav_ros/install/nav2/lib/python3.10/site-packages'
[2.441s] Level 1:colcon.colcon_core.environment:checking '/home/dog/nav_ros/install/nav2/bin'
[2.442s] INFO:colcon.colcon_core.shell:Creating package script '/home/dog/nav_ros/install/nav2/share/nav2/package.ps1'
[2.444s] INFO:colcon.colcon_core.shell:Creating package descriptor '/home/dog/nav_ros/install/nav2/share/nav2/package.dsv'
[2.445s] INFO:colcon.colcon_core.shell:Creating package script '/home/dog/nav_ros/install/nav2/share/nav2/package.sh'
[2.446s] INFO:colcon.colcon_core.shell:Creating package script '/home/dog/nav_ros/install/nav2/share/nav2/package.bash'
[2.447s] INFO:colcon.colcon_core.shell:Creating package script '/home/dog/nav_ros/install/nav2/share/nav2/package.zsh'
[2.448s] Level 1:colcon.colcon_core.environment:create_file_with_runtime_dependencies(/home/dog/nav_ros/install/nav2/share/colcon-core/packages/nav2)
[2.448s] DEBUG:colcon.colcon_parallel_executor.executor.parallel:closing loop
[2.449s] DEBUG:colcon.colcon_parallel_executor.executor.parallel:loop closed
[2.449s] DEBUG:colcon.colcon_parallel_executor.executor.parallel:run_until_complete finished with '0'
[2.449s] DEBUG:colcon.colcon_core.event_reactor:joining thread
[2.451s] DEBUG:colcon.colcon_core.event_reactor:joined thread
[2.451s] INFO:colcon.colcon_core.shell:Creating prefix script '/home/dog/nav_ros/install/local_setup.ps1'
[2.454s] INFO:colcon.colcon_core.shell:Creating prefix util module '/home/dog/nav_ros/install/_local_setup_util_ps1.py'
[2.457s] INFO:colcon.colcon_core.shell:Creating prefix chain script '/home/dog/nav_ros/install/setup.ps1'
[2.460s] INFO:colcon.colcon_core.shell:Creating prefix script '/home/dog/nav_ros/install/local_setup.sh'
[2.461s] INFO:colcon.colcon_core.shell:Creating prefix util module '/home/dog/nav_ros/install/_local_setup_util_sh.py'
[2.462s] INFO:colcon.colcon_core.shell:Creating prefix chain script '/home/dog/nav_ros/install/setup.sh'
[2.465s] INFO:colcon.colcon_core.shell:Creating prefix script '/home/dog/nav_ros/install/local_setup.bash'
[2.466s] INFO:colcon.colcon_core.shell:Creating prefix chain script '/home/dog/nav_ros/install/setup.bash'
[2.468s] INFO:colcon.colcon_core.shell:Creating prefix script '/home/dog/nav_ros/install/local_setup.zsh'
[2.469s] INFO:colcon.colcon_core.shell:Creating prefix chain script '/home/dog/nav_ros/install/setup.zsh'
