[0.056s] Invoking command in '/home/dog/nav_ros/build/bpx_driver': CMAKE_PREFIX_PATH=${CMAKE_PREFIX_PATH}:/opt/ros/humble /usr/bin/cmake --build /home/dog/nav_ros/build/bpx_driver -- -j6 -l6
[0.182s] [ 50%] [32mBuilding CXX object CMakeFiles/bpx_driver_node.dir/src/bpx_driver_node.cpp.o[0m
[25.978s] [100%] [32m[1mLinking CXX executable bpx_driver_node[0m
[27.396s] [100%] Built target bpx_driver_node
[27.430s] Invoked command in '/home/dog/nav_ros/build/bpx_driver' returned '0': CMAKE_PREFIX_PATH=${CMAKE_PREFIX_PATH}:/opt/ros/humble /usr/bin/cmake --build /home/dog/nav_ros/build/bpx_driver -- -j6 -l6
[27.436s] Invoking command in '/home/dog/nav_ros/build/bpx_driver': CMAKE_PREFIX_PATH=${CMAKE_PREFIX_PATH}:/opt/ros/humble /usr/bin/cmake --install /home/dog/nav_ros/build/bpx_driver
[27.452s] -- Install configuration: ""
[27.454s] -- Installing: /home/dog/nav_ros/install/bpx_driver/lib/bpx_driver/bpx_driver_node
[27.465s] -- Set runtime path of "/home/dog/nav_ros/install/bpx_driver/lib/bpx_driver/bpx_driver_node" to "$ORIGIN:/opt/ros/humble/lib"
[27.466s] -- Up-to-date: /home/dog/nav_ros/install/bpx_driver/lib/bpx_driver/libbpx_sdk_aarch64.so
[27.466s] -- Up-to-date: /home/dog/nav_ros/install/bpx_driver/share/bpx_driver/launch
[27.466s] -- Installing: /home/dog/nav_ros/install/bpx_driver/share/bpx_driver/launch/bpx_driver.launch.py
[27.466s] -- Up-to-date: /home/dog/nav_ros/install/bpx_driver/share/bpx_driver/config
[27.466s] -- Installing: /home/dog/nav_ros/install/bpx_driver/share/bpx_driver/config/bpx_params.yaml
[27.467s] -- Up-to-date: /home/dog/nav_ros/install/bpx_driver/share/bpx_driver/bpx
[27.467s] -- Up-to-date: /home/dog/nav_ros/install/bpx_driver/share/bpx_driver/bpx/urdf
[27.468s] -- Up-to-date: /home/dog/nav_ros/install/bpx_driver/share/bpx_driver/bpx/urdf/bpx.urdf
[27.468s] -- Up-to-date: /home/dog/nav_ros/install/bpx_driver/share/bpx_driver/bpx/meshes
[27.469s] -- Up-to-date: /home/dog/nav_ros/install/bpx_driver/share/bpx_driver/bpx/meshes/hip.mtl
[27.469s] -- Up-to-date: /home/dog/nav_ros/install/bpx_driver/share/bpx_driver/bpx/meshes/calf.mtl
[27.469s] -- Up-to-date: /home/dog/nav_ros/install/bpx_driver/share/bpx_driver/bpx/meshes/hip.obj
[27.469s] -- Up-to-date: /home/dog/nav_ros/install/bpx_driver/share/bpx_driver/bpx/meshes/bpx_body.obj
[27.469s] -- Up-to-date: /home/dog/nav_ros/install/bpx_driver/share/bpx_driver/bpx/meshes/calf.obj
[27.469s] -- Up-to-date: /home/dog/nav_ros/install/bpx_driver/share/bpx_driver/bpx/meshes/bpx_body.mtl
[27.470s] -- Up-to-date: /home/dog/nav_ros/install/bpx_driver/share/bpx_driver/bpx/meshes/l_thigh.obj
[27.470s] -- Up-to-date: /home/dog/nav_ros/install/bpx_driver/share/bpx_driver/bpx/meshes/l_thigh.mtl
[27.470s] -- Up-to-date: /home/dog/nav_ros/install/bpx_driver/share/bpx_driver/bpx/meshes/r_thigh.obj
[27.470s] -- Up-to-date: /home/dog/nav_ros/install/bpx_driver/share/bpx_driver/bpx/meshes/r_thigh.mtl
[27.471s] -- Up-to-date: /home/dog/nav_ros/install/bpx_driver/share/ament_index/resource_index/package_run_dependencies/bpx_driver
[27.471s] -- Up-to-date: /home/dog/nav_ros/install/bpx_driver/share/ament_index/resource_index/parent_prefix_path/bpx_driver
[27.473s] -- Up-to-date: /home/dog/nav_ros/install/bpx_driver/share/bpx_driver/environment/ament_prefix_path.sh
[27.473s] -- Up-to-date: /home/dog/nav_ros/install/bpx_driver/share/bpx_driver/environment/ament_prefix_path.dsv
[27.473s] -- Up-to-date: /home/dog/nav_ros/install/bpx_driver/share/bpx_driver/environment/path.sh
[27.473s] -- Up-to-date: /home/dog/nav_ros/install/bpx_driver/share/bpx_driver/environment/path.dsv
[27.473s] -- Up-to-date: /home/dog/nav_ros/install/bpx_driver/share/bpx_driver/local_setup.bash
[27.474s] -- Up-to-date: /home/dog/nav_ros/install/bpx_driver/share/bpx_driver/local_setup.sh
[27.474s] -- Up-to-date: /home/dog/nav_ros/install/bpx_driver/share/bpx_driver/local_setup.zsh
[27.474s] -- Up-to-date: /home/dog/nav_ros/install/bpx_driver/share/bpx_driver/local_setup.dsv
[27.474s] -- Installing: /home/dog/nav_ros/install/bpx_driver/share/bpx_driver/package.dsv
[27.474s] -- Up-to-date: /home/dog/nav_ros/install/bpx_driver/share/ament_index/resource_index/packages/bpx_driver
[27.475s] -- Up-to-date: /home/dog/nav_ros/install/bpx_driver/share/bpx_driver/cmake/bpx_driverConfig.cmake
[27.475s] -- Up-to-date: /home/dog/nav_ros/install/bpx_driver/share/bpx_driver/cmake/bpx_driverConfig-version.cmake
[27.475s] -- Up-to-date: /home/dog/nav_ros/install/bpx_driver/share/bpx_driver/package.xml
[27.481s] Invoked command in '/home/dog/nav_ros/build/bpx_driver' returned '0': CMAKE_PREFIX_PATH=${CMAKE_PREFIX_PATH}:/opt/ros/humble /usr/bin/cmake --install /home/dog/nav_ros/build/bpx_driver
