[0.050s] Invoking command in '/home/dog/nav_ros/build/slam': CMAKE_PREFIX_PATH=${CMAKE_PREFIX_PATH}:/opt/ros/humble /usr/bin/cmake --build /home/dog/nav_ros/build/slam -- -j6 -l6
[0.131s] Invoked command in '/home/dog/nav_ros/build/slam' returned '0': CMAKE_PREFIX_PATH=${CMAKE_PREFIX_PATH}:/opt/ros/humble /usr/bin/cmake --build /home/dog/nav_ros/build/slam -- -j6 -l6
[0.158s] Invoking command in '/home/dog/nav_ros/build/slam': CMAKE_PREFIX_PATH=${CMAKE_PREFIX_PATH}:/opt/ros/humble /usr/bin/cmake --install /home/dog/nav_ros/build/slam
[0.178s] -- Install configuration: ""
[0.178s] -- Up-to-date: /home/dog/nav_ros/install/slam/share/ament_index/resource_index/package_run_dependencies/slam
[0.179s] -- Up-to-date: /home/dog/nav_ros/install/slam/share/ament_index/resource_index/parent_prefix_path/slam
[0.180s] -- Up-to-date: /home/dog/nav_ros/install/slam/share/slam/environment/ament_prefix_path.sh
[0.181s] -- Up-to-date: /home/dog/nav_ros/install/slam/share/slam/environment/ament_prefix_path.dsv
[0.181s] -- Up-to-date: /home/dog/nav_ros/install/slam/share/slam/environment/path.sh
[0.182s] -- Up-to-date: /home/dog/nav_ros/install/slam/share/slam/environment/path.dsv
[0.183s] -- Up-to-date: /home/dog/nav_ros/install/slam/share/slam/local_setup.bash
[0.184s] -- Up-to-date: /home/dog/nav_ros/install/slam/share/slam/local_setup.sh
[0.185s] -- Up-to-date: /home/dog/nav_ros/install/slam/share/slam/local_setup.zsh
[0.186s] -- Up-to-date: /home/dog/nav_ros/install/slam/share/slam/local_setup.dsv
[0.186s] -- Installing: /home/dog/nav_ros/install/slam/share/slam/package.dsv
[0.189s] -- Up-to-date: /home/dog/nav_ros/install/slam/share/ament_index/resource_index/packages/slam
[0.190s] -- Up-to-date: /home/dog/nav_ros/install/slam/share/slam/cmake/slamConfig.cmake
[0.190s] -- Up-to-date: /home/dog/nav_ros/install/slam/share/slam/cmake/slamConfig-version.cmake
[0.191s] -- Up-to-date: /home/dog/nav_ros/install/slam/share/slam/package.xml
[0.199s] Invoked command in '/home/dog/nav_ros/build/slam' returned '0': CMAKE_PREFIX_PATH=${CMAKE_PREFIX_PATH}:/opt/ros/humble /usr/bin/cmake --install /home/dog/nav_ros/build/slam
