[0.043s] Invoking command in '/home/dog/nav_ros/build/rf2o_laser_odometry': CMAKE_PREFIX_PATH=${CMAKE_PREFIX_PATH}:/opt/ros/humble /usr/bin/cmake --build /home/dog/nav_ros/build/rf2o_laser_odometry -- -j6 -l6
[0.200s] [ 40%] Built target rf2o_laser_odometry
[0.207s] [100%] Built target rf2o_laser_odometry_node
[0.240s] Invoked command in '/home/dog/nav_ros/build/rf2o_laser_odometry' returned '0': CMAKE_PREFIX_PATH=${CMAKE_PREFIX_PATH}:/opt/ros/humble /usr/bin/cmake --build /home/dog/nav_ros/build/rf2o_laser_odometry -- -j6 -l6
[0.244s] Invoking command in '/home/dog/nav_ros/build/rf2o_laser_odometry': CMAKE_PREFIX_PATH=${CMAKE_PREFIX_PATH}:/opt/ros/humble /usr/bin/cmake --install /home/dog/nav_ros/build/rf2o_laser_odometry
[0.286s] -- Install configuration: ""
[0.288s] -- Up-to-date: /home/dog/nav_ros/install/rf2o_laser_odometry/lib/rf2o_laser_odometry/rf2o_laser_odometry_node
[0.288s] -- Up-to-date: /home/dog/nav_ros/install/rf2o_laser_odometry/share/rf2o_laser_odometry/launch
[0.289s] -- Up-to-date: /home/dog/nav_ros/install/rf2o_laser_odometry/share/rf2o_laser_odometry/launch/rf2o_laser_odometry.launch.py
[0.289s] -- Up-to-date: /home/dog/nav_ros/install/rf2o_laser_odometry/share/ament_index/resource_index/package_run_dependencies/rf2o_laser_odometry
[0.289s] -- Up-to-date: /home/dog/nav_ros/install/rf2o_laser_odometry/share/ament_index/resource_index/parent_prefix_path/rf2o_laser_odometry
[0.290s] -- Up-to-date: /home/dog/nav_ros/install/rf2o_laser_odometry/share/rf2o_laser_odometry/environment/ament_prefix_path.sh
[0.290s] -- Up-to-date: /home/dog/nav_ros/install/rf2o_laser_odometry/share/rf2o_laser_odometry/environment/ament_prefix_path.dsv
[0.291s] -- Up-to-date: /home/dog/nav_ros/install/rf2o_laser_odometry/share/rf2o_laser_odometry/environment/path.sh
[0.292s] -- Up-to-date: /home/dog/nav_ros/install/rf2o_laser_odometry/share/rf2o_laser_odometry/environment/path.dsv
[0.292s] -- Up-to-date: /home/dog/nav_ros/install/rf2o_laser_odometry/share/rf2o_laser_odometry/local_setup.bash
[0.292s] -- Up-to-date: /home/dog/nav_ros/install/rf2o_laser_odometry/share/rf2o_laser_odometry/local_setup.sh
[0.293s] -- Up-to-date: /home/dog/nav_ros/install/rf2o_laser_odometry/share/rf2o_laser_odometry/local_setup.zsh
[0.294s] -- Up-to-date: /home/dog/nav_ros/install/rf2o_laser_odometry/share/rf2o_laser_odometry/local_setup.dsv
[0.294s] -- Installing: /home/dog/nav_ros/install/rf2o_laser_odometry/share/rf2o_laser_odometry/package.dsv
[0.294s] -- Up-to-date: /home/dog/nav_ros/install/rf2o_laser_odometry/share/ament_index/resource_index/packages/rf2o_laser_odometry
[0.294s] -- Up-to-date: /home/dog/nav_ros/install/rf2o_laser_odometry/share/rf2o_laser_odometry/cmake/rf2o_laser_odometryConfig.cmake
[0.295s] -- Up-to-date: /home/dog/nav_ros/install/rf2o_laser_odometry/share/rf2o_laser_odometry/cmake/rf2o_laser_odometryConfig-version.cmake
[0.295s] -- Up-to-date: /home/dog/nav_ros/install/rf2o_laser_odometry/share/rf2o_laser_odometry/package.xml
[0.334s] Invoked command in '/home/dog/nav_ros/build/rf2o_laser_odometry' returned '0': CMAKE_PREFIX_PATH=${CMAKE_PREFIX_PATH}:/opt/ros/humble /usr/bin/cmake --install /home/dog/nav_ros/build/rf2o_laser_odometry
